start running the code
Files already downloaded and verified
Step 100/1563, CapsuleLoss: 0.36064955562353135, CNNLoss: 2.3035102486610413, ReconLoss: 147.139825592041
Step 200/1563, CapsuleLoss: 0.3599389433860779, CNNLoss: 2.3008217668533324, ReconLoss: 141.4276178741455
Step 300/1563, CapsuleLoss: 0.36036229610443116, CNNLoss: 2.291193337440491, ReconLoss: 138.98339683532714
Step 400/1563, CapsuleLoss: 0.36007970869541167, CNNLoss: 2.2838933181762697, ReconLoss: 136.37994590759277
Step 500/1563, CapsuleLoss: 0.35979012042284014, CNNLoss: 2.285823049545288, ReconLoss: 121.55730613708496
Step 600/1563, CapsuleLoss: 0.3598478826880455, CNNLoss: 2.2879865527153016, ReconLoss: 115.89197174072265
Step 700/1563, CapsuleLoss: 0.3593316322565079, CNNLoss: 2.283226053714752, ReconLoss: 113.89120803833008
Step 800/1563, CapsuleLoss: 0.3596950277686119, CNNLoss: 2.2815107178688048, ReconLoss: 112.60964454650879
Step 900/1563, CapsuleLoss: 0.35976495265960695, CNNLoss: 2.269319279193878, ReconLoss: 111.95790489196777
Step 1000/1563, CapsuleLoss: 0.35946505606174467, CNNLoss: 2.2741273927688597, ReconLoss: 110.77063835144043
Step 1100/1563, CapsuleLoss: 0.3588904878497124, CNNLoss: 2.2583508849143983, ReconLoss: 109.96482887268067
Step 1200/1563, CapsuleLoss: 0.3593107298016548, CNNLoss: 2.262404181957245, ReconLoss: 108.7601594543457
Step 1300/1563, CapsuleLoss: 0.35911193877458575, CNNLoss: 2.2465978598594667, ReconLoss: 108.70711769104004
Step 1400/1563, CapsuleLoss: 0.3588679602742195, CNNLoss: 2.24522260427475, ReconLoss: 108.28106468200684
Step 1500/1563, CapsuleLoss: 0.3586277338862419, CNNLoss: 2.233570730686188, ReconLoss: 107.06002296447754
test_accuracy
Epoch: 1 Capsule Accuracy: 0.1169
Epoch: 1 Conv Accuracy: 0.1915
Step 100/1563, CapsuleLoss: 0.8089250022172928, CNNLoss: 2.2445624399185182, ReconLoss: 109.76797920227051
Step 200/1563, CapsuleLoss: 0.8084005171060562, CNNLoss: 2.2421674132347107, ReconLoss: 109.418187789917
Step 300/1563, CapsuleLoss: 0.8097874426841736, CNNLoss: 2.244430673122406, ReconLoss: 114.03415138244628
Step 400/1563, CapsuleLoss: 0.8096157103776932, CNNLoss: 2.229310655593872, ReconLoss: 109.69601211547851
Step 500/1563, CapsuleLoss: 0.8089706736803055, CNNLoss: 2.2336290407180788, ReconLoss: 109.24457260131835
Step 600/1563, CapsuleLoss: 0.8093511265516281, CNNLoss: 2.230024509429932, ReconLoss: 105.61043899536133
Step 700/1563, CapsuleLoss: 0.808889998793602, CNNLoss: 2.238417646884918, ReconLoss: 105.85688354492187
Step 800/1563, CapsuleLoss: 0.8083025217056274, CNNLoss: 2.239558322429657, ReconLoss: 108.19237045288087
Step 900/1563, CapsuleLoss: 0.8089757281541824, CNNLoss: 2.229951226711273, ReconLoss: 106.13622444152833
Step 1000/1563, CapsuleLoss: 0.808283993601799, CNNLoss: 2.2339023637771604, ReconLoss: 108.38313514709472
Step 1100/1563, CapsuleLoss: 0.8092520153522491, CNNLoss: 2.222861683368683, ReconLoss: 105.61204658508301
Step 1200/1563, CapsuleLoss: 0.8082020992040634, CNNLoss: 2.236802666187286, ReconLoss: 104.83855941772461
Step 1300/1563, CapsuleLoss: 0.8086089777946472, CNNLoss: 2.2394849348068235, ReconLoss: 105.48912826538086
Step 1400/1563, CapsuleLoss: 0.8079835212230683, CNNLoss: 2.2276232504844664, ReconLoss: 105.4746858215332
Step 1500/1563, CapsuleLoss: 0.8073058670759201, CNNLoss: 2.2318902945518495, ReconLoss: 105.06709548950195
test_accuracy
Epoch: 2 Capsule Accuracy: 0.1125
Epoch: 2 Conv Accuracy: 0.1848
Step 100/1563, CapsuleLoss: 1.4375833129882813, CNNLoss: 2.226135013103485, ReconLoss: 104.26419860839843
Step 200/1563, CapsuleLoss: 1.4366999566555023, CNNLoss: 2.2240908789634704, ReconLoss: 102.26154838562012
Step 300/1563, CapsuleLoss: 1.4362063121795654, CNNLoss: 2.213430418968201, ReconLoss: 102.10435028076172
Step 400/1563, CapsuleLoss: 1.4356892919540405, CNNLoss: 2.2027951788902285, ReconLoss: 102.05136123657226
Step 500/1563, CapsuleLoss: 1.436173769235611, CNNLoss: 2.2043422436714173, ReconLoss: 101.91801048278809
Step 600/1563, CapsuleLoss: 1.4354085671901702, CNNLoss: 2.217687919139862, ReconLoss: 102.71060516357421
Step 700/1563, CapsuleLoss: 1.4332340371608734, CNNLoss: 2.2037274265289306, ReconLoss: 101.53504898071289
Step 800/1563, CapsuleLoss: 1.435162444114685, CNNLoss: 2.2048088407516477, ReconLoss: 100.30380706787109
Step 900/1563, CapsuleLoss: 1.4339136099815368, CNNLoss: 2.203106174468994, ReconLoss: 100.64790649414063
Step 1000/1563, CapsuleLoss: 1.4365841221809388, CNNLoss: 2.1960841822624206, ReconLoss: 99.74483749389648
Step 1100/1563, CapsuleLoss: 1.4378086984157563, CNNLoss: 2.200571546554565, ReconLoss: 107.02422225952148
Step 1200/1563, CapsuleLoss: 1.4350229239463805, CNNLoss: 2.2085105299949648, ReconLoss: 105.01360160827636
Step 1300/1563, CapsuleLoss: 1.436030960083008, CNNLoss: 2.1940269148349762, ReconLoss: 105.00702728271484
Step 1400/1563, CapsuleLoss: 1.4359211230278015, CNNLoss: 2.1782677149772645, ReconLoss: 104.36222991943359
Step 1500/1563, CapsuleLoss: 1.4345476424694061, CNNLoss: 2.1713089966773986, ReconLoss: 102.11993690490722
test_accuracy
Epoch: 3 Capsule Accuracy: 0.1096
Epoch: 3 Conv Accuracy: 0.2057
Step 100/1563, CapsuleLoss: 2.2447591066360473, CNNLoss: 2.15799192905426, ReconLoss: 103.78438507080078
Step 200/1563, CapsuleLoss: 2.2450953578948973, CNNLoss: 2.1644109678268433, ReconLoss: 103.0096475982666
Step 300/1563, CapsuleLoss: 2.2394484066963196, CNNLoss: 2.1535418283939363, ReconLoss: 101.8658683013916
Step 400/1563, CapsuleLoss: 2.245296502113342, CNNLoss: 2.1423530423641206, ReconLoss: 100.38410484313965
Step 500/1563, CapsuleLoss: 2.243103621006012, CNNLoss: 2.160534943342209, ReconLoss: 99.44190078735352
Step 600/1563, CapsuleLoss: 2.2372960829734803, CNNLoss: 2.1261435306072234, ReconLoss: 99.0640422821045
Step 700/1563, CapsuleLoss: 2.239896397590637, CNNLoss: 2.1403759479522706, ReconLoss: 99.09845642089844
Step 800/1563, CapsuleLoss: 2.2389364528656004, CNNLoss: 2.129246335029602, ReconLoss: 101.20786720275879
Step 900/1563, CapsuleLoss: 2.2389178013801576, CNNLoss: 2.1293227446079253, ReconLoss: 98.36817756652832
Step 1000/1563, CapsuleLoss: 2.24088885307312, CNNLoss: 2.110807799100876, ReconLoss: 98.08239364624023
Step 1100/1563, CapsuleLoss: 2.233700680732727, CNNLoss: 2.1254174733161926, ReconLoss: 97.17912246704101
Step 1200/1563, CapsuleLoss: 2.2303488755226137, CNNLoss: 2.1239584922790526, ReconLoss: 97.6966249847412
Step 1300/1563, CapsuleLoss: 2.233392493724823, CNNLoss: 2.109282463788986, ReconLoss: 96.52228637695312
Step 1400/1563, CapsuleLoss: 2.239100782871246, CNNLoss: 2.112207279205322, ReconLoss: 97.5277473449707
Step 1500/1563, CapsuleLoss: 2.240788445472717, CNNLoss: 2.105811628103256, ReconLoss: 97.11756378173828
test_accuracy
Epoch: 4 Capsule Accuracy: 0.1238
Epoch: 4 Conv Accuracy: 0.2412
Step 100/1563, CapsuleLoss: 3.218274800777435, CNNLoss: 2.1090104293823244, ReconLoss: 96.11802024841309
Step 200/1563, CapsuleLoss: 3.2122724556922915, CNNLoss: 2.076968902349472, ReconLoss: 97.26030914306641
Step 300/1563, CapsuleLoss: 3.2204500675201415, CNNLoss: 2.082123655080795, ReconLoss: 96.99977325439453
Step 400/1563, CapsuleLoss: 3.2255891036987303, CNNLoss: 2.1048023962974547, ReconLoss: 97.04889083862305
Step 500/1563, CapsuleLoss: 3.2155924534797666, CNNLoss: 2.104896124601364, ReconLoss: 96.62744567871094
Step 600/1563, CapsuleLoss: 3.224307944774628, CNNLoss: 2.106778848171234, ReconLoss: 108.59984420776367
Step 700/1563, CapsuleLoss: 3.227481565475464, CNNLoss: 2.1321493649482726, ReconLoss: 109.8948143005371
Step 800/1563, CapsuleLoss: 3.2290492248535156, CNNLoss: 2.0998312878608703, ReconLoss: 105.72153503417968
Step 900/1563, CapsuleLoss: 3.233961486816406, CNNLoss: 2.140552579164505, ReconLoss: 104.00055686950684
Step 1000/1563, CapsuleLoss: 3.2338494062423706, CNNLoss: 2.107339708805084, ReconLoss: 106.5465827178955
Step 1100/1563, CapsuleLoss: 3.2302155089378357, CNNLoss: 2.1384914648532867, ReconLoss: 105.19522888183593
Step 1200/1563, CapsuleLoss: 3.2304092836380005, CNNLoss: 2.084784095287323, ReconLoss: 102.26119094848633
Step 1300/1563, CapsuleLoss: 3.226174385547638, CNNLoss: 2.0747542548179627, ReconLoss: 101.75193618774414
Step 1400/1563, CapsuleLoss: 3.2279634571075437, CNNLoss: 2.0842683446407317, ReconLoss: 100.52811462402343
Step 1500/1563, CapsuleLoss: 3.2292225050926207, CNNLoss: 2.0860448372364044, ReconLoss: 99.03154762268066
test_accuracy
Epoch: 5 Capsule Accuracy: 0.116
Epoch: 5 Conv Accuracy: 0.2536
Step 100/1563, CapsuleLoss: 4.395992250442505, CNNLoss: 2.0646198773384095, ReconLoss: 98.28573181152343
Step 200/1563, CapsuleLoss: 4.394854764938355, CNNLoss: 2.065531451702118, ReconLoss: 97.92609916687012
Step 300/1563, CapsuleLoss: 4.39646728515625, CNNLoss: 2.0542534518241884, ReconLoss: 97.5666300201416
Step 400/1563, CapsuleLoss: 4.3875741338729854, CNNLoss: 2.0689993178844452, ReconLoss: 98.43287338256836
Step 500/1563, CapsuleLoss: 4.396332082748413, CNNLoss: 2.071195590496063, ReconLoss: 101.99771392822265
Step 600/1563, CapsuleLoss: 4.390850892066956, CNNLoss: 2.0814953124523163, ReconLoss: 99.79012840270997
Step 700/1563, CapsuleLoss: 4.385307655334473, CNNLoss: 2.0633340287208557, ReconLoss: 99.12907035827637
Step 800/1563, CapsuleLoss: 4.391990809440613, CNNLoss: 2.0861067831516267, ReconLoss: 99.17849433898925
Step 900/1563, CapsuleLoss: 4.38201268196106, CNNLoss: 2.055304545164108, ReconLoss: 98.4161533355713
Step 1000/1563, CapsuleLoss: 4.383864488601684, CNNLoss: 2.0458915388584136, ReconLoss: 99.01869064331055
Step 1100/1563, CapsuleLoss: 4.389905076026917, CNNLoss: 2.0312067353725434, ReconLoss: 98.38947830200195
Step 1200/1563, CapsuleLoss: 4.3805118179321285, CNNLoss: 2.0148258233070373, ReconLoss: 96.60738487243653
Step 1300/1563, CapsuleLoss: 4.380312361717224, CNNLoss: 2.0056639885902405, ReconLoss: 98.67271263122558
Step 1400/1563, CapsuleLoss: 4.380914731025696, CNNLoss: 2.0153338181972504, ReconLoss: 97.37570114135742
Step 1500/1563, CapsuleLoss: 4.376886782646179, CNNLoss: 1.996739902496338, ReconLoss: 96.32838432312012
test_accuracy
Epoch: 6 Capsule Accuracy: 0.1231
Epoch: 6 Conv Accuracy: 0.2763
Step 100/1563, CapsuleLoss: 5.731304259300232, CNNLoss: 2.021989974975586, ReconLoss: 103.71124740600585
Step 200/1563, CapsuleLoss: 5.730167374610901, CNNLoss: 2.0050890469551086, ReconLoss: 101.0361353302002
Step 300/1563, CapsuleLoss: 5.730658869743348, CNNLoss: 1.992153503894806, ReconLoss: 98.14223785400391
Step 400/1563, CapsuleLoss: 5.7279844570159915, CNNLoss: 1.9847379660606383, ReconLoss: 97.46888259887696
Step 500/1563, CapsuleLoss: 5.731555209159851, CNNLoss: 2.0316460371017455, ReconLoss: 97.35362045288086
Step 600/1563, CapsuleLoss: 5.725358567237854, CNNLoss: 2.0215307128429414, ReconLoss: 96.23619750976563
Step 700/1563, CapsuleLoss: 5.714639620780945, CNNLoss: 1.9946132361888886, ReconLoss: 96.94546463012695
Step 800/1563, CapsuleLoss: 5.734077324867249, CNNLoss: 1.9914060270786285, ReconLoss: 102.37959358215332
Step 900/1563, CapsuleLoss: 5.709299559593201, CNNLoss: 1.9904131078720093, ReconLoss: 100.8745945739746
Step 1000/1563, CapsuleLoss: 5.726873669624329, CNNLoss: 1.977085176706314, ReconLoss: 101.18531280517578
Step 1100/1563, CapsuleLoss: 5.720345678329468, CNNLoss: 2.012195770740509, ReconLoss: 101.54172386169434
Step 1200/1563, CapsuleLoss: 5.741203012466431, CNNLoss: 1.9993689119815827, ReconLoss: 103.99221977233887
Step 1300/1563, CapsuleLoss: 5.7357413911819455, CNNLoss: 1.978207553625107, ReconLoss: 102.90465934753418
Step 1400/1563, CapsuleLoss: 5.726116313934326, CNNLoss: 1.982617883682251, ReconLoss: 102.95175308227539
Step 1500/1563, CapsuleLoss: 5.732603616714478, CNNLoss: 1.9865010905265807, ReconLoss: 101.7690047454834
test_accuracy
Epoch: 7 Capsule Accuracy: 0.1254
Epoch: 7 Conv Accuracy: 0.2811
Step 100/1563, CapsuleLoss: 7.250548825263977, CNNLoss: 1.9781713140010835, ReconLoss: 97.3359455871582
Step 200/1563, CapsuleLoss: 7.242037658691406, CNNLoss: 1.9642094552516938, ReconLoss: 97.36961647033691
Step 300/1563, CapsuleLoss: 7.244065327644348, CNNLoss: 1.9606173014640809, ReconLoss: 97.18429412841797
Step 400/1563, CapsuleLoss: 7.229571704864502, CNNLoss: 1.930876806974411, ReconLoss: 97.01417694091796
Step 500/1563, CapsuleLoss: 7.219010686874389, CNNLoss: 1.9607806777954102, ReconLoss: 96.66370178222657
Step 600/1563, CapsuleLoss: 7.2506229066848755, CNNLoss: 1.9680792248249055, ReconLoss: 98.80442245483398
Step 700/1563, CapsuleLoss: 7.2552111530303955, CNNLoss: 1.9834879803657532, ReconLoss: 102.48723953247071
Step 800/1563, CapsuleLoss: 7.252265386581421, CNNLoss: 1.9688649594783783, ReconLoss: 102.7577433013916
Step 900/1563, CapsuleLoss: 7.258487510681152, CNNLoss: 1.9765853226184844, ReconLoss: 101.08034057617188
Step 1000/1563, CapsuleLoss: 7.271859836578369, CNNLoss: 1.9595588612556458, ReconLoss: 103.050552444458
Step 1100/1563, CapsuleLoss: 7.257114806175232, CNNLoss: 1.9588220715522766, ReconLoss: 101.93478591918945
Step 1200/1563, CapsuleLoss: 7.2706906127929685, CNNLoss: 1.9600773906707765, ReconLoss: 100.96914154052735
Step 1300/1563, CapsuleLoss: 7.269676089286804, CNNLoss: 1.9403119230270385, ReconLoss: 100.84751258850098
Step 1400/1563, CapsuleLoss: 7.264178791046143, CNNLoss: 1.9794442236423493, ReconLoss: 100.5577214050293
Step 1500/1563, CapsuleLoss: 7.253723464012146, CNNLoss: 1.9564441156387329, ReconLoss: 99.97282585144043
test_accuracy
Epoch: 8 Capsule Accuracy: 0.1201
Epoch: 8 Conv Accuracy: 0.2516
Step 100/1563, CapsuleLoss: 7.259286470413208, CNNLoss: 2.0069860363006593, ReconLoss: 106.63620079040527
Step 200/1563, CapsuleLoss: 7.2650640058517455, CNNLoss: 1.9690684008598327, ReconLoss: 106.19413696289062
Step 300/1563, CapsuleLoss: 7.270373735427857, CNNLoss: 1.9913234770298005, ReconLoss: 109.37552452087402
Step 400/1563, CapsuleLoss: 7.2743716096878055, CNNLoss: 1.9865325748920442, ReconLoss: 107.66387336730958
Step 500/1563, CapsuleLoss: 7.271768913269043, CNNLoss: 1.9678978288173676, ReconLoss: 103.25783653259278
Step 600/1563, CapsuleLoss: 7.279384489059448, CNNLoss: 1.9639760971069335, ReconLoss: 103.05826499938965
Step 700/1563, CapsuleLoss: 7.270153813362121, CNNLoss: 1.978611602783203, ReconLoss: 103.27356346130371
Step 800/1563, CapsuleLoss: 7.294153127670288, CNNLoss: 1.980788162946701, ReconLoss: 108.4711897277832
Step 900/1563, CapsuleLoss: 7.306220688819885, CNNLoss: 1.9662452387809752, ReconLoss: 107.74269104003906
Step 1000/1563, CapsuleLoss: 7.295040788650513, CNNLoss: 2.0134463369846345, ReconLoss: 111.58378845214844
Step 1100/1563, CapsuleLoss: 7.298875632286072, CNNLoss: 1.9975328195095061, ReconLoss: 109.01565788269043
Step 1200/1563, CapsuleLoss: 7.3014412069320676, CNNLoss: 2.0010116505622864, ReconLoss: 105.45875869750977
Step 1300/1563, CapsuleLoss: 7.2814154005050655, CNNLoss: 1.9786110353469848, ReconLoss: 104.53185844421387
Step 1400/1563, CapsuleLoss: 7.294314475059509, CNNLoss: 1.974286402463913, ReconLoss: 104.36677177429199
Step 1500/1563, CapsuleLoss: 7.286374015808105, CNNLoss: 1.992430157661438, ReconLoss: 102.98040237426758
test_accuracy
Epoch: 9 Capsule Accuracy: 0.1047
Epoch: 9 Conv Accuracy: 0.2924
Step 100/1563, CapsuleLoss: 7.287860441207886, CNNLoss: 1.9698288607597352, ReconLoss: 103.28241638183594
Step 200/1563, CapsuleLoss: 7.288171620368957, CNNLoss: 1.9883250331878661, ReconLoss: 109.21599670410156
Step 300/1563, CapsuleLoss: 7.293609762191773, CNNLoss: 2.0446617150306703, ReconLoss: 114.63474937438964
Step 400/1563, CapsuleLoss: 7.287333812713623, CNNLoss: 1.967278822660446, ReconLoss: 110.23938507080078
Step 500/1563, CapsuleLoss: 7.295129189491272, CNNLoss: 1.9644635009765625, ReconLoss: 107.95567153930664
Step 600/1563, CapsuleLoss: 7.289399013519287, CNNLoss: 1.9687523245811462, ReconLoss: 107.19990821838378
Step 700/1563, CapsuleLoss: 7.290848536491394, CNNLoss: 1.9542594349384308, ReconLoss: 106.7818759918213
Step 800/1563, CapsuleLoss: 7.29921263217926, CNNLoss: 1.961111341714859, ReconLoss: 104.97385971069336
Step 900/1563, CapsuleLoss: 7.2959605407714845, CNNLoss: 1.9654288828372954, ReconLoss: 103.76849906921387
Step 1000/1563, CapsuleLoss: 7.291508436203003, CNNLoss: 1.9648949360847474, ReconLoss: 102.90342407226562
Step 1100/1563, CapsuleLoss: 7.291494603157044, CNNLoss: 1.959024658203125, ReconLoss: 103.1087784576416
Step 1200/1563, CapsuleLoss: 7.290557374954224, CNNLoss: 1.9980875527858735, ReconLoss: 106.58098838806153
Step 1300/1563, CapsuleLoss: 7.290588450431824, CNNLoss: 1.990571721792221, ReconLoss: 106.4462565612793
Step 1400/1563, CapsuleLoss: 7.290313682556152, CNNLoss: 1.9565584659576416, ReconLoss: 104.70947891235352
Step 1500/1563, CapsuleLoss: 7.301108245849609, CNNLoss: 1.9697344970703126, ReconLoss: 104.9696834564209
test_accuracy
Epoch: 10 Capsule Accuracy: 0.1012
Epoch: 10 Conv Accuracy: 0.2751
Step 100/1563, CapsuleLoss: 7.28855589389801, CNNLoss: 1.9854752051830291, ReconLoss: 106.93796478271484
Step 200/1563, CapsuleLoss: 7.290352740287781, CNNLoss: 2.0080181205272676, ReconLoss: 107.87478256225586
Step 300/1563, CapsuleLoss: 7.293468308448792, CNNLoss: 1.95793616771698, ReconLoss: 103.59655952453613
Step 400/1563, CapsuleLoss: 7.290760998725891, CNNLoss: 1.9507290363311767, ReconLoss: 102.49660064697265
Step 500/1563, CapsuleLoss: 7.287038321495056, CNNLoss: 1.9791727077960968, ReconLoss: 102.7456135559082
Step 600/1563, CapsuleLoss: 7.291028547286987, CNNLoss: 1.9424752354621888, ReconLoss: 101.71551353454589
Step 700/1563, CapsuleLoss: 7.2972427225112915, CNNLoss: 1.9689891266822814, ReconLoss: 103.05139122009277
Step 800/1563, CapsuleLoss: 7.294575953483582, CNNLoss: 1.9760705459117889, ReconLoss: 104.67044830322266
Step 900/1563, CapsuleLoss: 7.296161980628967, CNNLoss: 1.9835659337043763, ReconLoss: 103.37885948181152
Step 1000/1563, CapsuleLoss: 7.287375292778015, CNNLoss: 1.9456997227668762, ReconLoss: 101.18889709472656
Step 1100/1563, CapsuleLoss: 7.299160594940186, CNNLoss: 1.9635990762710571, ReconLoss: 103.6346475982666
Step 1200/1563, CapsuleLoss: 7.295242109298706, CNNLoss: 1.9466973233222962, ReconLoss: 101.77996231079102
Step 1300/1563, CapsuleLoss: 7.290136604309082, CNNLoss: 1.956260552406311, ReconLoss: 100.6787866973877
Step 1400/1563, CapsuleLoss: 7.295691962242127, CNNLoss: 1.9499411702156066, ReconLoss: 99.08910377502441
Step 1500/1563, CapsuleLoss: 7.291341519355774, CNNLoss: 1.9355399441719054, ReconLoss: 98.97634429931641
test_accuracy
Epoch: 11 Capsule Accuracy: 0.1021
Epoch: 11 Conv Accuracy: 0.2961
Step 100/1563, CapsuleLoss: 7.290776181221008, CNNLoss: 1.9404121160507202, ReconLoss: 97.4019482421875
Step 200/1563, CapsuleLoss: 7.293994326591491, CNNLoss: 1.9581367576122284, ReconLoss: 97.41877731323243
Step 300/1563, CapsuleLoss: 7.292461862564087, CNNLoss: 1.9536849164962768, ReconLoss: 98.67534713745117
Step 400/1563, CapsuleLoss: 7.290143022537231, CNNLoss: 1.9059758913516998, ReconLoss: 96.7812646484375
Step 500/1563, CapsuleLoss: 7.293878364562988, CNNLoss: 1.9228845357894897, ReconLoss: 96.38109741210937
Step 600/1563, CapsuleLoss: 7.298372588157654, CNNLoss: 1.9190657210350037, ReconLoss: 95.39516372680664
Step 700/1563, CapsuleLoss: 7.28775887966156, CNNLoss: 1.939234243631363, ReconLoss: 94.90974067687988
Step 800/1563, CapsuleLoss: 7.2903378200531, CNNLoss: 1.9564979708194732, ReconLoss: 94.26846328735351
Step 900/1563, CapsuleLoss: 7.2964250230789185, CNNLoss: 1.9369906783103943, ReconLoss: 94.59682266235352
Step 1000/1563, CapsuleLoss: 7.288872404098511, CNNLoss: 1.901222767829895, ReconLoss: 94.63459136962891
Step 1100/1563, CapsuleLoss: 7.287934384346008, CNNLoss: 1.9325799429416657, ReconLoss: 95.96634437561035
Step 1200/1563, CapsuleLoss: 7.289163188934326, CNNLoss: 1.969530953168869, ReconLoss: 99.51267921447754
Step 1300/1563, CapsuleLoss: 7.289501261711121, CNNLoss: 1.940105104446411, ReconLoss: 98.30193511962891
Step 1400/1563, CapsuleLoss: 7.292921562194824, CNNLoss: 1.9317740869522095, ReconLoss: 96.02155586242675
Step 1500/1563, CapsuleLoss: 7.286869926452637, CNNLoss: 1.9164907157421112, ReconLoss: 97.16841575622558
test_accuracy
Epoch: 12 Capsule Accuracy: 0.0977
Epoch: 12 Conv Accuracy: 0.3056
Step 100/1563, CapsuleLoss: 7.288882765769959, CNNLoss: 1.9237499988079072, ReconLoss: 94.68395530700684
Step 200/1563, CapsuleLoss: 7.292225017547607, CNNLoss: 1.922597187757492, ReconLoss: 94.15463775634765
Step 300/1563, CapsuleLoss: 7.294897541999817, CNNLoss: 1.9273421585559845, ReconLoss: 93.4612036895752
Step 400/1563, CapsuleLoss: 7.290559358596802, CNNLoss: 1.9180416560173035, ReconLoss: 92.53519317626953
Step 500/1563, CapsuleLoss: 7.291033029556274, CNNLoss: 1.9134017217159272, ReconLoss: 91.95626945495606
Step 600/1563, CapsuleLoss: 7.2886295413970945, CNNLoss: 1.9351380336284638, ReconLoss: 92.31472671508789
Step 700/1563, CapsuleLoss: 7.291418180465699, CNNLoss: 1.9429813146591186, ReconLoss: 96.74369888305664
Step 800/1563, CapsuleLoss: 7.296478705406189, CNNLoss: 1.930021526813507, ReconLoss: 94.3461254119873
Step 900/1563, CapsuleLoss: 7.292956042289734, CNNLoss: 1.9314263617992402, ReconLoss: 93.58019500732422
Step 1000/1563, CapsuleLoss: 7.286878328323365, CNNLoss: 1.900834220647812, ReconLoss: 93.1067993927002
Step 1100/1563, CapsuleLoss: 7.289639673233032, CNNLoss: 1.907977157831192, ReconLoss: 91.4521401977539
Step 1200/1563, CapsuleLoss: 7.29331286907196, CNNLoss: 1.9161068379878998, ReconLoss: 91.43929389953614
Step 1300/1563, CapsuleLoss: 7.29436806678772, CNNLoss: 1.9007236659526825, ReconLoss: 90.19753219604492
Step 1400/1563, CapsuleLoss: 7.29667375087738, CNNLoss: 1.9009456646442413, ReconLoss: 90.0540852355957
Step 1500/1563, CapsuleLoss: 7.2931675481796265, CNNLoss: 1.9542374551296233, ReconLoss: 91.31732681274414
test_accuracy
Epoch: 13 Capsule Accuracy: 0.1088
Epoch: 13 Conv Accuracy: 0.3036
Step 100/1563, CapsuleLoss: 7.2930899286270146, CNNLoss: 1.9127694034576417, ReconLoss: 90.5543076324463
Step 200/1563, CapsuleLoss: 7.293150906562805, CNNLoss: 1.8954026448726653, ReconLoss: 89.9217539215088
Step 300/1563, CapsuleLoss: 7.288360638618469, CNNLoss: 1.8954473805427552, ReconLoss: 90.74344764709473
Step 400/1563, CapsuleLoss: 7.294272680282592, CNNLoss: 1.8884731769561767, ReconLoss: 89.74471733093262
Step 500/1563, CapsuleLoss: 7.290651535987854, CNNLoss: 1.9104576337337493, ReconLoss: 91.67740814208985
Step 600/1563, CapsuleLoss: 7.290815982818604, CNNLoss: 1.9297309565544127, ReconLoss: 91.26241264343261
Step 700/1563, CapsuleLoss: 7.294206376075745, CNNLoss: 1.8955382120609283, ReconLoss: 90.06361633300781
Step 800/1563, CapsuleLoss: 7.290612149238586, CNNLoss: 1.9235372865200042, ReconLoss: 89.71733200073243
Step 900/1563, CapsuleLoss: 7.293570981025696, CNNLoss: 1.9118093955516815, ReconLoss: 89.66549575805664
Step 1000/1563, CapsuleLoss: 7.29374855518341, CNNLoss: 1.9143729829788207, ReconLoss: 91.16673011779785
Step 1100/1563, CapsuleLoss: 7.2884058046340945, CNNLoss: 1.9320593357086182, ReconLoss: 90.20261177062989
Step 1200/1563, CapsuleLoss: 7.2886573553085325, CNNLoss: 1.9448590242862702, ReconLoss: 89.97477684020996
Step 1300/1563, CapsuleLoss: 7.291587381362915, CNNLoss: 1.9255325019359588, ReconLoss: 90.87023017883301
Step 1400/1563, CapsuleLoss: 7.289198021888733, CNNLoss: 1.9018749237060546, ReconLoss: 91.50605003356934
Step 1500/1563, CapsuleLoss: 7.295091032981873, CNNLoss: 1.9803270292282105, ReconLoss: 97.60138076782226
test_accuracy
Epoch: 14 Capsule Accuracy: 0.1006
Epoch: 14 Conv Accuracy: 0.3032
Step 100/1563, CapsuleLoss: 7.293447971343994, CNNLoss: 1.9435031247138976, ReconLoss: 91.32736503601075
Step 200/1563, CapsuleLoss: 7.292218956947327, CNNLoss: 1.9301758217811584, ReconLoss: 92.39919677734375
Step 300/1563, CapsuleLoss: 7.294167246818542, CNNLoss: 1.9172800612449645, ReconLoss: 90.95013084411622
Step 400/1563, CapsuleLoss: 7.291789259910583, CNNLoss: 1.9434724962711334, ReconLoss: 89.10076553344726
Step 500/1563, CapsuleLoss: 7.288670363426209, CNNLoss: 1.9182558035850525, ReconLoss: 89.6604817199707
Step 600/1563, CapsuleLoss: 7.290095524787903, CNNLoss: 1.9010115563869476, ReconLoss: 88.85391746520996
Step 700/1563, CapsuleLoss: 7.291794495582581, CNNLoss: 1.9142113494873048, ReconLoss: 88.5892413330078
Step 800/1563, CapsuleLoss: 7.2869862461090085, CNNLoss: 1.92965358376503, ReconLoss: 89.55804954528809
Step 900/1563, CapsuleLoss: 7.293427267074585, CNNLoss: 1.9047358322143555, ReconLoss: 90.40427139282227
Step 1000/1563, CapsuleLoss: 7.291450910568237, CNNLoss: 1.9216254544258118, ReconLoss: 89.86304710388184
Step 1100/1563, CapsuleLoss: 7.291384644508362, CNNLoss: 1.8933799326419831, ReconLoss: 89.66473854064941
Step 1200/1563, CapsuleLoss: 7.290621190071106, CNNLoss: 1.9242305696010589, ReconLoss: 89.49908470153808
Step 1300/1563, CapsuleLoss: 7.29148452758789, CNNLoss: 1.917564926147461, ReconLoss: 90.59376747131347
Step 1400/1563, CapsuleLoss: 7.294340853691101, CNNLoss: 1.9127187073230743, ReconLoss: 89.77496726989746
Step 1500/1563, CapsuleLoss: 7.289841613769531, CNNLoss: 1.9242565619945526, ReconLoss: 89.6039990234375
test_accuracy
Epoch: 15 Capsule Accuracy: 0.1005
Epoch: 15 Conv Accuracy: 0.3044
Step 100/1563, CapsuleLoss: 7.2894729900360105, CNNLoss: 1.9009917461872101, ReconLoss: 87.74525749206543
Step 200/1563, CapsuleLoss: 7.294111614227295, CNNLoss: 1.9030363976955413, ReconLoss: 87.42702476501465
Step 300/1563, CapsuleLoss: 7.288480958938599, CNNLoss: 1.8828388857841492, ReconLoss: 88.65803482055664
Step 400/1563, CapsuleLoss: 7.29478316783905, CNNLoss: 1.905101466178894, ReconLoss: 88.66403633117676
Step 500/1563, CapsuleLoss: 7.291499361991883, CNNLoss: 1.8801136898994446, ReconLoss: 88.46375167846679
Step 600/1563, CapsuleLoss: 7.289236302375794, CNNLoss: 1.9192867505550384, ReconLoss: 88.12070526123047
Step 700/1563, CapsuleLoss: 7.292298951148987, CNNLoss: 1.913574800491333, ReconLoss: 88.9197982788086
Step 800/1563, CapsuleLoss: 7.288821992874145, CNNLoss: 1.9107863461971284, ReconLoss: 90.3986570739746
Step 900/1563, CapsuleLoss: 7.290959959030151, CNNLoss: 1.9161252081394196, ReconLoss: 89.97914459228515
Step 1000/1563, CapsuleLoss: 7.2919693231582645, CNNLoss: 1.9316335105895996, ReconLoss: 88.49802238464355
Step 1100/1563, CapsuleLoss: 7.290221943855285, CNNLoss: 1.906241317987442, ReconLoss: 87.97405616760254
Step 1200/1563, CapsuleLoss: 7.288832569122315, CNNLoss: 1.924044326543808, ReconLoss: 88.14149703979493
Step 1300/1563, CapsuleLoss: 7.288932461738586, CNNLoss: 1.892580852508545, ReconLoss: 87.97959739685058
Step 1400/1563, CapsuleLoss: 7.288730254173279, CNNLoss: 1.8990291202068328, ReconLoss: 86.93634704589844
Step 1500/1563, CapsuleLoss: 7.290738043785095, CNNLoss: 1.8987203359603881, ReconLoss: 87.9443898010254
test_accuracy
Epoch: 16 Capsule Accuracy: 0.0964
Epoch: 16 Conv Accuracy: 0.3152
Step 100/1563, CapsuleLoss: 7.292135653495788, CNNLoss: 1.8892986178398132, ReconLoss: 87.49357345581055
Step 200/1563, CapsuleLoss: 7.288140635490418, CNNLoss: 1.8885134148597718, ReconLoss: 87.28164794921875
Step 300/1563, CapsuleLoss: 7.29049099445343, CNNLoss: 1.9133918714523315, ReconLoss: 87.61083206176758
Step 400/1563, CapsuleLoss: 7.287713847160339, CNNLoss: 1.9121202147006988, ReconLoss: 87.83714622497558
Step 500/1563, CapsuleLoss: 7.292690811157226, CNNLoss: 1.9003030455112457, ReconLoss: 87.90193016052245
Step 600/1563, CapsuleLoss: 7.289650897979737, CNNLoss: 1.921534606218338, ReconLoss: 89.79932479858398
Step 700/1563, CapsuleLoss: 7.290612010955811, CNNLoss: 1.9118710029125214, ReconLoss: 88.62996871948242
Step 800/1563, CapsuleLoss: 7.296750297546387, CNNLoss: 1.9062062191963196, ReconLoss: 87.43117897033692
Step 900/1563, CapsuleLoss: 7.291562829017639, CNNLoss: 1.897709060907364, ReconLoss: 87.81743354797364
Step 1000/1563, CapsuleLoss: 7.2902318954467775, CNNLoss: 1.8869905996322631, ReconLoss: 87.28277160644531
Step 1100/1563, CapsuleLoss: 7.290737900733948, CNNLoss: 1.9115171504020692, ReconLoss: 87.14556251525879
Step 1200/1563, CapsuleLoss: 7.292826738357544, CNNLoss: 1.913850952386856, ReconLoss: 88.11727249145508
Step 1300/1563, CapsuleLoss: 7.293142833709717, CNNLoss: 1.8832113695144654, ReconLoss: 86.74676498413086
Step 1400/1563, CapsuleLoss: 7.292190527915954, CNNLoss: 1.905298389196396, ReconLoss: 87.53749282836914
Step 1500/1563, CapsuleLoss: 7.290366139411926, CNNLoss: 1.8967814612388612, ReconLoss: 86.27546348571778
test_accuracy
Epoch: 17 Capsule Accuracy: 0.0999
Epoch: 17 Conv Accuracy: 0.3145
Step 100/1563, CapsuleLoss: 7.290723686218262, CNNLoss: 1.8882418739795686, ReconLoss: 86.91859611511231
Step 200/1563, CapsuleLoss: 7.288487415313721, CNNLoss: 1.8901150953769683, ReconLoss: 86.20178062438964
Step 300/1563, CapsuleLoss: 7.289421224594117, CNNLoss: 1.9002391195297241, ReconLoss: 86.61302261352539
Step 400/1563, CapsuleLoss: 7.292682595252991, CNNLoss: 1.8729385709762574, ReconLoss: 86.49010398864746
Step 500/1563, CapsuleLoss: 7.286984901428223, CNNLoss: 1.8830768752098084, ReconLoss: 86.25535736083984
Step 600/1563, CapsuleLoss: 7.293124465942383, CNNLoss: 1.8709656620025634, ReconLoss: 85.6614192199707
Step 700/1563, CapsuleLoss: 7.291224575042724, CNNLoss: 1.8899927353858947, ReconLoss: 85.9846509552002
Step 800/1563, CapsuleLoss: 7.288976259231568, CNNLoss: 1.8952484118938446, ReconLoss: 85.87268356323243
Step 900/1563, CapsuleLoss: 7.290340113639831, CNNLoss: 1.8978195309638977, ReconLoss: 85.77983787536621
Step 1000/1563, CapsuleLoss: 7.29022141456604, CNNLoss: 1.887910442352295, ReconLoss: 85.94078994750977
Step 1100/1563, CapsuleLoss: 7.290090384483338, CNNLoss: 1.908548319339752, ReconLoss: 85.39055770874023
Step 1200/1563, CapsuleLoss: 7.294570336341858, CNNLoss: 1.910592453479767, ReconLoss: 85.3967202758789
Step 1300/1563, CapsuleLoss: 7.289132943153382, CNNLoss: 1.8774056482315062, ReconLoss: 84.96081588745118
Step 1400/1563, CapsuleLoss: 7.289019842147827, CNNLoss: 1.8718161797523498, ReconLoss: 84.28155143737793
Step 1500/1563, CapsuleLoss: 7.292462387084961, CNNLoss: 1.8743001508712769, ReconLoss: 84.72816986083984
test_accuracy
Epoch: 18 Capsule Accuracy: 0.0969
Epoch: 18 Conv Accuracy: 0.3128
Step 100/1563, CapsuleLoss: 7.2910836315155025, CNNLoss: 1.8881679165363312, ReconLoss: 85.17235328674316
Step 200/1563, CapsuleLoss: 7.289465565681457, CNNLoss: 1.8901179492473603, ReconLoss: 84.38664146423339
Step 300/1563, CapsuleLoss: 7.292364683151245, CNNLoss: 1.8785411763191222, ReconLoss: 84.27518051147462
Step 400/1563, CapsuleLoss: 7.291621942520141, CNNLoss: 1.9244714534282685, ReconLoss: 89.50415374755859
Step 500/1563, CapsuleLoss: 7.289955687522888, CNNLoss: 1.9218064367771148, ReconLoss: 88.398081741333
Step 600/1563, CapsuleLoss: 7.291174726486206, CNNLoss: 1.9352184021472931, ReconLoss: 87.39475952148437
Step 700/1563, CapsuleLoss: 7.290654058456421, CNNLoss: 1.928421347141266, ReconLoss: 87.97506484985351
Step 800/1563, CapsuleLoss: 7.289183897972107, CNNLoss: 1.8947162306308747, ReconLoss: 85.71664169311524
Step 900/1563, CapsuleLoss: 7.292441310882569, CNNLoss: 1.9088128578662873, ReconLoss: 86.92402717590332
Step 1000/1563, CapsuleLoss: 7.291670994758606, CNNLoss: 1.8832839953899383, ReconLoss: 86.51158592224121
Step 1100/1563, CapsuleLoss: 7.290415821075439, CNNLoss: 1.8967451024055482, ReconLoss: 86.51463806152344
Step 1200/1563, CapsuleLoss: 7.288929314613342, CNNLoss: 1.8996850752830505, ReconLoss: 86.29730102539062
Step 1300/1563, CapsuleLoss: 7.288993501663208, CNNLoss: 1.897323317527771, ReconLoss: 86.8591276550293
Step 1400/1563, CapsuleLoss: 7.290794363021851, CNNLoss: 1.909618580341339, ReconLoss: 86.77898689270019
Step 1500/1563, CapsuleLoss: 7.290931611061096, CNNLoss: 1.874957126379013, ReconLoss: 85.47502433776856
test_accuracy
Epoch: 19 Capsule Accuracy: 0.0997
Epoch: 19 Conv Accuracy: 0.3189
Step 100/1563, CapsuleLoss: 7.2894918251037595, CNNLoss: 1.898546439409256, ReconLoss: 84.10672134399414
Step 200/1563, CapsuleLoss: 7.288889718055725, CNNLoss: 1.8648551774024964, ReconLoss: 84.065503616333
Step 300/1563, CapsuleLoss: 7.2906341648101805, CNNLoss: 1.8731229853630067, ReconLoss: 83.77977615356446
Step 400/1563, CapsuleLoss: 7.289104795455932, CNNLoss: 1.883640080690384, ReconLoss: 84.04290458679199
Step 500/1563, CapsuleLoss: 7.291843390464782, CNNLoss: 1.8839328503608703, ReconLoss: 84.35497192382813
Step 600/1563, CapsuleLoss: 7.288575072288513, CNNLoss: 1.8755774044990539, ReconLoss: 84.26132110595704
Step 700/1563, CapsuleLoss: 7.290935282707214, CNNLoss: 1.8703310585021973, ReconLoss: 84.60319900512695
Step 800/1563, CapsuleLoss: 7.2909605503082275, CNNLoss: 1.8833396983146669, ReconLoss: 83.52021301269531
Step 900/1563, CapsuleLoss: 7.28929069519043, CNNLoss: 1.891343184709549, ReconLoss: 83.6877725982666
Step 1000/1563, CapsuleLoss: 7.292355232238769, CNNLoss: 1.8998605072498322, ReconLoss: 84.39367691040039
Step 1100/1563, CapsuleLoss: 7.289651570320129, CNNLoss: 1.8604717183113098, ReconLoss: 84.4612109375
Step 1200/1563, CapsuleLoss: 7.291254649162292, CNNLoss: 1.888934166431427, ReconLoss: 84.64538558959961
Step 1300/1563, CapsuleLoss: 7.290453758239746, CNNLoss: 1.8850744605064391, ReconLoss: 83.94407104492187
Step 1400/1563, CapsuleLoss: 7.2897645330429075, CNNLoss: 1.8889398157596589, ReconLoss: 83.12553466796875
Step 1500/1563, CapsuleLoss: 7.290609450340271, CNNLoss: 1.8862388956546783, ReconLoss: 84.49287651062012
test_accuracy
Epoch: 20 Capsule Accuracy: 0.1011
Epoch: 20 Conv Accuracy: 0.3158
Step 100/1563, CapsuleLoss: 7.2885965156555175, CNNLoss: 1.8545391952991486, ReconLoss: 82.85128196716309
Step 200/1563, CapsuleLoss: 7.290640506744385, CNNLoss: 1.8744534873962402, ReconLoss: 82.90365417480469
Step 300/1563, CapsuleLoss: 7.289005646705627, CNNLoss: 1.8616251063346863, ReconLoss: 81.2148006439209
Step 400/1563, CapsuleLoss: 7.291369733810424, CNNLoss: 1.8564973723888398, ReconLoss: 82.13191902160645
Step 500/1563, CapsuleLoss: 7.288661041259766, CNNLoss: 1.8763455665111541, ReconLoss: 82.70713645935058
Step 600/1563, CapsuleLoss: 7.292174940109253, CNNLoss: 1.856793119907379, ReconLoss: 81.76474151611328
Step 700/1563, CapsuleLoss: 7.288379473686218, CNNLoss: 1.8632562863826752, ReconLoss: 81.71066123962402
Step 800/1563, CapsuleLoss: 7.290095477104187, CNNLoss: 1.8602302598953246, ReconLoss: 81.39843696594238
Step 900/1563, CapsuleLoss: 7.291211385726928, CNNLoss: 1.8489608681201934, ReconLoss: 82.66177558898926
Step 1000/1563, CapsuleLoss: 7.289573240280151, CNNLoss: 1.8338920748233796, ReconLoss: 81.95736183166504
Step 1100/1563, CapsuleLoss: 7.290203976631164, CNNLoss: 1.848225257396698, ReconLoss: 81.02795127868653
Step 1200/1563, CapsuleLoss: 7.291413464546204, CNNLoss: 1.8613915932178497, ReconLoss: 82.16970184326172
Step 1300/1563, CapsuleLoss: 7.290278396606445, CNNLoss: 1.8466028261184693, ReconLoss: 81.99808235168457
Step 1400/1563, CapsuleLoss: 7.290323181152344, CNNLoss: 1.8466580414772034, ReconLoss: 82.3674080657959
Step 1500/1563, CapsuleLoss: 7.291525473594666, CNNLoss: 1.8869264805316925, ReconLoss: 81.92125869750977
test_accuracy
Epoch: 21 Capsule Accuracy: 0.1033
Epoch: 21 Conv Accuracy: 0.3323
Step 100/1563, CapsuleLoss: 7.288679780960083, CNNLoss: 1.8589785480499268, ReconLoss: 83.34777366638184
Step 200/1563, CapsuleLoss: 7.290947637557983, CNNLoss: 1.8615414679050446, ReconLoss: 83.19208862304687
Step 300/1563, CapsuleLoss: 7.290577206611633, CNNLoss: 1.8812657845020295, ReconLoss: 83.50304252624511
Step 400/1563, CapsuleLoss: 7.28942988395691, CNNLoss: 1.8697080969810487, ReconLoss: 83.44986236572265
Step 500/1563, CapsuleLoss: 7.291527996063232, CNNLoss: 1.8454219937324523, ReconLoss: 82.42357521057129
Step 600/1563, CapsuleLoss: 7.290494155883789, CNNLoss: 1.857869837284088, ReconLoss: 83.13086380004883
Step 700/1563, CapsuleLoss: 7.290537261962891, CNNLoss: 1.8828261005878448, ReconLoss: 83.47480003356934
Step 800/1563, CapsuleLoss: 7.2882661581039425, CNNLoss: 1.8497670602798462, ReconLoss: 83.4820719909668
Step 900/1563, CapsuleLoss: 7.289816946983337, CNNLoss: 1.8546472549438477, ReconLoss: 83.43808753967285
Step 1000/1563, CapsuleLoss: 7.290484170913697, CNNLoss: 1.8608520555496215, ReconLoss: 82.99405288696289
Step 1100/1563, CapsuleLoss: 7.290736341476441, CNNLoss: 1.8740704154968262, ReconLoss: 84.16998008728028
Step 1200/1563, CapsuleLoss: 7.289964108467102, CNNLoss: 1.8895465636253357, ReconLoss: 85.80979064941407
Step 1300/1563, CapsuleLoss: 7.291723709106446, CNNLoss: 1.8854017877578735, ReconLoss: 85.03078895568848
Step 1400/1563, CapsuleLoss: 7.290864109992981, CNNLoss: 1.8949954152107238, ReconLoss: 84.86265274047851
Step 1500/1563, CapsuleLoss: 7.289216275215149, CNNLoss: 1.8605165016651153, ReconLoss: 83.184892578125
test_accuracy
Epoch: 22 Capsule Accuracy: 0.1023
Epoch: 22 Conv Accuracy: 0.3269
Step 100/1563, CapsuleLoss: 7.291181735992431, CNNLoss: 1.8864507639408112, ReconLoss: 83.48612922668457
Step 200/1563, CapsuleLoss: 7.29125102519989, CNNLoss: 1.8448622274398803, ReconLoss: 83.02363998413085
Step 300/1563, CapsuleLoss: 7.288276133537292, CNNLoss: 1.8677860045433043, ReconLoss: 81.99416305541992
Step 400/1563, CapsuleLoss: 7.289118423461914, CNNLoss: 1.8659817099571228, ReconLoss: 81.96562049865723
Step 500/1563, CapsuleLoss: 7.2895868873596195, CNNLoss: 1.8592206525802613, ReconLoss: 82.44975524902344
Step 600/1563, CapsuleLoss: 7.289336037635803, CNNLoss: 1.8378666698932649, ReconLoss: 82.01179695129395
Step 700/1563, CapsuleLoss: 7.2870427513122555, CNNLoss: 1.8461012506484986, ReconLoss: 82.75995719909668
Step 800/1563, CapsuleLoss: 7.2886137104034425, CNNLoss: 1.8414146792888642, ReconLoss: 81.91810852050781
Step 900/1563, CapsuleLoss: 7.289530467987061, CNNLoss: 1.8653828966617585, ReconLoss: 82.88452827453614
Step 1000/1563, CapsuleLoss: 7.292218828201294, CNNLoss: 1.869534546136856, ReconLoss: 82.40582138061524
Step 1100/1563, CapsuleLoss: 7.288492031097412, CNNLoss: 1.8222658574581145, ReconLoss: 81.06689002990723
Step 1200/1563, CapsuleLoss: 7.290025715827942, CNNLoss: 1.8505607271194457, ReconLoss: 81.16686157226563
Step 1300/1563, CapsuleLoss: 7.29093258857727, CNNLoss: 1.8552725434303283, ReconLoss: 81.74268821716309
Step 1400/1563, CapsuleLoss: 7.290770840644837, CNNLoss: 1.8417506039142608, ReconLoss: 80.78372383117676
Step 1500/1563, CapsuleLoss: 7.291022753715515, CNNLoss: 1.8480557882785797, ReconLoss: 80.34257232666016
test_accuracy
Epoch: 23 Capsule Accuracy: 0.0962
Epoch: 23 Conv Accuracy: 0.3321
Step 100/1563, CapsuleLoss: 7.2894160318374634, CNNLoss: 1.8491230750083922, ReconLoss: 81.34451828002929
Step 200/1563, CapsuleLoss: 7.293011531829834, CNNLoss: 1.830119525194168, ReconLoss: 81.07951354980469
Step 300/1563, CapsuleLoss: 7.291044054031372, CNNLoss: 1.858372939825058, ReconLoss: 81.04925415039062
Step 400/1563, CapsuleLoss: 7.290695662498474, CNNLoss: 1.8520190596580506, ReconLoss: 80.9152303314209
Step 500/1563, CapsuleLoss: 7.290104236602783, CNNLoss: 1.840203721523285, ReconLoss: 80.77342308044433
Step 600/1563, CapsuleLoss: 7.291038579940796, CNNLoss: 1.8602121782302856, ReconLoss: 80.54014259338379
Step 700/1563, CapsuleLoss: 7.291009674072265, CNNLoss: 1.8270453011989594, ReconLoss: 80.93445976257324
Step 800/1563, CapsuleLoss: 7.289229574203492, CNNLoss: 1.8215942728519439, ReconLoss: 80.25825393676757
Step 900/1563, CapsuleLoss: 7.286901264190674, CNNLoss: 1.8476947557926178, ReconLoss: 80.63139556884765
Step 1000/1563, CapsuleLoss: 7.290167326927185, CNNLoss: 1.8486518502235412, ReconLoss: 80.18551582336426
Step 1100/1563, CapsuleLoss: 7.290837063789367, CNNLoss: 1.8345069622993468, ReconLoss: 80.43375854492187
Step 1200/1563, CapsuleLoss: 7.292467279434204, CNNLoss: 1.8652597105503081, ReconLoss: 81.57320777893067
Step 1300/1563, CapsuleLoss: 7.288233437538147, CNNLoss: 1.8637937688827515, ReconLoss: 80.59257598876952
Step 1400/1563, CapsuleLoss: 7.290006437301636, CNNLoss: 1.8397684872150422, ReconLoss: 81.23111152648926
Step 1500/1563, CapsuleLoss: 7.291762595176697, CNNLoss: 1.841348147392273, ReconLoss: 80.71307006835937
test_accuracy
Epoch: 24 Capsule Accuracy: 0.1049
Epoch: 24 Conv Accuracy: 0.3394
Step 100/1563, CapsuleLoss: 7.292329921722412, CNNLoss: 1.8423962104320526, ReconLoss: 81.1814013671875
Step 200/1563, CapsuleLoss: 7.2907435321807865, CNNLoss: 1.8520123732089997, ReconLoss: 80.51288436889648
Step 300/1563, CapsuleLoss: 7.289123334884644, CNNLoss: 1.835901769399643, ReconLoss: 80.67399314880372
Step 400/1563, CapsuleLoss: 7.291512475013733, CNNLoss: 1.838686146736145, ReconLoss: 80.22765922546387
Step 500/1563, CapsuleLoss: 7.290373549461365, CNNLoss: 1.8446339249610901, ReconLoss: 80.67135208129883
Step 600/1563, CapsuleLoss: 7.288189311027526, CNNLoss: 1.8564112567901612, ReconLoss: 81.59617973327637
Step 700/1563, CapsuleLoss: 7.289615769386291, CNNLoss: 1.8103124392032623, ReconLoss: 80.29711463928223
Step 800/1563, CapsuleLoss: 7.29022068977356, CNNLoss: 1.8464517056941987, ReconLoss: 79.99113296508789
Step 900/1563, CapsuleLoss: 7.2905483818054195, CNNLoss: 1.8401058888435364, ReconLoss: 80.8741495513916
Step 1000/1563, CapsuleLoss: 7.290637335777283, CNNLoss: 1.8718359994888305, ReconLoss: 80.65030715942383
Step 1100/1563, CapsuleLoss: 7.290710601806641, CNNLoss: 1.8584843695163726, ReconLoss: 79.98227355957032
Step 1200/1563, CapsuleLoss: 7.292849764823914, CNNLoss: 1.862446701526642, ReconLoss: 80.91337867736816
Step 1300/1563, CapsuleLoss: 7.290434865951538, CNNLoss: 1.8682608914375305, ReconLoss: 80.5629962158203
Step 1400/1563, CapsuleLoss: 7.29208459854126, CNNLoss: 1.8543945634365082, ReconLoss: 80.22365196228027
Step 1500/1563, CapsuleLoss: 7.29161678314209, CNNLoss: 1.8468710243701936, ReconLoss: 79.61845924377441
test_accuracy
Epoch: 25 Capsule Accuracy: 0.1016
Epoch: 25 Conv Accuracy: 0.3308
Step 100/1563, CapsuleLoss: 7.289176025390625, CNNLoss: 1.8665559363365174, ReconLoss: 80.35077201843262
Step 200/1563, CapsuleLoss: 7.290554642677307, CNNLoss: 1.8403143620491027, ReconLoss: 80.41649276733398
Step 300/1563, CapsuleLoss: 7.290127034187317, CNNLoss: 1.8284502959251403, ReconLoss: 79.88094459533691
Step 400/1563, CapsuleLoss: 7.289901924133301, CNNLoss: 1.8464129638671876, ReconLoss: 80.14947616577149
Step 500/1563, CapsuleLoss: 7.291272559165955, CNNLoss: 1.8433943843841554, ReconLoss: 80.00889450073242
Step 600/1563, CapsuleLoss: 7.290772981643677, CNNLoss: 1.8517429876327514, ReconLoss: 79.95369316101075
Step 700/1563, CapsuleLoss: 7.290862994194031, CNNLoss: 1.8454815340042114, ReconLoss: 81.19703659057618
Step 800/1563, CapsuleLoss: 7.28960262298584, CNNLoss: 1.8503060019016266, ReconLoss: 81.12582023620605
Step 900/1563, CapsuleLoss: 7.290887470245361, CNNLoss: 1.856565729379654, ReconLoss: 80.80493881225586
Step 1000/1563, CapsuleLoss: 7.289324488639831, CNNLoss: 1.847440242767334, ReconLoss: 80.02861175537109
Step 1100/1563, CapsuleLoss: 7.291076893806458, CNNLoss: 1.8609875345230102, ReconLoss: 80.68568542480469
Step 1200/1563, CapsuleLoss: 7.289977769851685, CNNLoss: 1.86927321434021, ReconLoss: 80.9512777709961
Step 1300/1563, CapsuleLoss: 7.290103721618652, CNNLoss: 1.824731591939926, ReconLoss: 79.73283508300781
Step 1400/1563, CapsuleLoss: 7.291055388450623, CNNLoss: 1.8429931616783142, ReconLoss: 80.32554580688476
Step 1500/1563, CapsuleLoss: 7.290082364082337, CNNLoss: 1.8531730687618255, ReconLoss: 79.79960739135743
test_accuracy
Epoch: 26 Capsule Accuracy: 0.1003
Epoch: 26 Conv Accuracy: 0.3309
Step 100/1563, CapsuleLoss: 7.2910003662109375, CNNLoss: 1.8433183693885804, ReconLoss: 80.74982704162598
Step 200/1563, CapsuleLoss: 7.288330373764038, CNNLoss: 1.8441144526004791, ReconLoss: 79.65986625671387
Step 300/1563, CapsuleLoss: 7.288669991493225, CNNLoss: 1.829930338859558, ReconLoss: 79.73491493225097
Step 400/1563, CapsuleLoss: 7.2897291231155394, CNNLoss: 1.842054705619812, ReconLoss: 79.01116325378418
Step 500/1563, CapsuleLoss: 7.288535962104797, CNNLoss: 1.8318682062625884, ReconLoss: 80.18815551757812
Step 600/1563, CapsuleLoss: 7.287792506217957, CNNLoss: 1.8547989225387573, ReconLoss: 80.52320854187012
Step 700/1563, CapsuleLoss: 7.289254441261291, CNNLoss: 1.834241864681244, ReconLoss: 79.58897789001465
Step 800/1563, CapsuleLoss: 7.290663590431214, CNNLoss: 1.830937911272049, ReconLoss: 79.65791007995605
Step 900/1563, CapsuleLoss: 7.289870085716248, CNNLoss: 1.8314256322383882, ReconLoss: 80.08764854431152
Step 1000/1563, CapsuleLoss: 7.289442658424377, CNNLoss: 1.84448690533638, ReconLoss: 79.1856078338623
Step 1100/1563, CapsuleLoss: 7.29165274143219, CNNLoss: 1.8472668874263762, ReconLoss: 79.87996208190918
Step 1200/1563, CapsuleLoss: 7.289583268165589, CNNLoss: 1.8508626735210418, ReconLoss: 79.84383605957031
Step 1300/1563, CapsuleLoss: 7.289996137619019, CNNLoss: 1.8310366940498353, ReconLoss: 80.20478248596191
Step 1400/1563, CapsuleLoss: 7.290351452827454, CNNLoss: 1.8570366716384887, ReconLoss: 78.88916374206543
Step 1500/1563, CapsuleLoss: 7.291144590377808, CNNLoss: 1.8579277276992798, ReconLoss: 80.33769432067871
test_accuracy
Epoch: 27 Capsule Accuracy: 0.1027
Epoch: 27 Conv Accuracy: 0.3371
Step 100/1563, CapsuleLoss: 7.291693744659423, CNNLoss: 1.8595813620090484, ReconLoss: 81.13919486999512
Step 200/1563, CapsuleLoss: 7.289102916717529, CNNLoss: 1.8439328944683075, ReconLoss: 80.55378547668457
Step 300/1563, CapsuleLoss: 7.289987406730652, CNNLoss: 1.8630835127830505, ReconLoss: 80.97316276550293
Step 400/1563, CapsuleLoss: 7.290077524185181, CNNLoss: 1.8437088453769683, ReconLoss: 80.31909370422363
Step 500/1563, CapsuleLoss: 7.290743074417114, CNNLoss: 1.8320385909080505, ReconLoss: 79.47344383239746
Step 600/1563, CapsuleLoss: 7.290733690261841, CNNLoss: 1.8447841727733612, ReconLoss: 80.38203804016113
Step 700/1563, CapsuleLoss: 7.291400051116943, CNNLoss: 1.8542328524589538, ReconLoss: 79.2022109222412
Step 800/1563, CapsuleLoss: 7.290025305747986, CNNLoss: 1.8665466213226318, ReconLoss: 80.36213195800781
Step 900/1563, CapsuleLoss: 7.2894376945495605, CNNLoss: 1.8600007796287537, ReconLoss: 79.83282417297363
Step 1000/1563, CapsuleLoss: 7.291571998596192, CNNLoss: 1.8744418513774872, ReconLoss: 80.42754081726075
Step 1100/1563, CapsuleLoss: 7.289698901176453, CNNLoss: 1.8352164041996002, ReconLoss: 80.12236190795899
Step 1200/1563, CapsuleLoss: 7.28969584941864, CNNLoss: 1.8607864260673523, ReconLoss: 79.72974266052246
Step 1300/1563, CapsuleLoss: 7.290115127563476, CNNLoss: 1.839962238073349, ReconLoss: 80.15198127746582
Step 1400/1563, CapsuleLoss: 7.292619876861572, CNNLoss: 1.8059541618824004, ReconLoss: 78.453099899292
Step 1500/1563, CapsuleLoss: 7.288821063041687, CNNLoss: 1.8459162735939025, ReconLoss: 79.57006233215333
test_accuracy
Epoch: 28 Capsule Accuracy: 0.1042
Epoch: 28 Conv Accuracy: 0.3373
Step 100/1563, CapsuleLoss: 7.291370511054993, CNNLoss: 1.833855415582657, ReconLoss: 79.51815338134766
Step 200/1563, CapsuleLoss: 7.289265856742859, CNNLoss: 1.8200346875190734, ReconLoss: 79.1256022644043
Step 300/1563, CapsuleLoss: 7.290282545089721, CNNLoss: 1.8319761991500854, ReconLoss: 79.8846649169922
Step 400/1563, CapsuleLoss: 7.291496500968933, CNNLoss: 1.8570197200775147, ReconLoss: 80.30473403930664
Step 500/1563, CapsuleLoss: 7.2899684762954715, CNNLoss: 1.8618211030960083, ReconLoss: 79.52965354919434
Step 600/1563, CapsuleLoss: 7.288835802078247, CNNLoss: 1.843951987028122, ReconLoss: 79.00383094787598
Step 700/1563, CapsuleLoss: 7.290495138168335, CNNLoss: 1.8217162418365478, ReconLoss: 79.68130889892578
Step 800/1563, CapsuleLoss: 7.28833122253418, CNNLoss: 1.8338742566108703, ReconLoss: 79.23546035766601
Step 900/1563, CapsuleLoss: 7.291349730491638, CNNLoss: 1.8426232409477235, ReconLoss: 79.21490005493165
Step 1000/1563, CapsuleLoss: 7.290742392539978, CNNLoss: 1.8508245325088502, ReconLoss: 79.30193054199219
Step 1100/1563, CapsuleLoss: 7.290244832038879, CNNLoss: 1.8339940464496614, ReconLoss: 79.8923885345459
Step 1200/1563, CapsuleLoss: 7.290778064727784, CNNLoss: 1.8735515451431275, ReconLoss: 80.00634590148925
Step 1300/1563, CapsuleLoss: 7.2891930484771725, CNNLoss: 1.8535138714313506, ReconLoss: 81.04010284423828
Step 1400/1563, CapsuleLoss: 7.291093335151673, CNNLoss: 1.8721845531463623, ReconLoss: 80.97893737792968
Step 1500/1563, CapsuleLoss: 7.290726256370545, CNNLoss: 1.8685948586463927, ReconLoss: 80.01650993347168
test_accuracy
Epoch: 29 Capsule Accuracy: 0.0962
Epoch: 29 Conv Accuracy: 0.3379
Step 100/1563, CapsuleLoss: 7.290698437690735, CNNLoss: 1.8577101850509643, ReconLoss: 78.85629669189453
Step 200/1563, CapsuleLoss: 7.289465599060058, CNNLoss: 1.8627716267108918, ReconLoss: 79.7376259613037
Step 300/1563, CapsuleLoss: 7.290014004707336, CNNLoss: 1.8183810877799989, ReconLoss: 80.09160491943359
Step 400/1563, CapsuleLoss: 7.290761556625366, CNNLoss: 1.854212872982025, ReconLoss: 79.70468727111816
Step 500/1563, CapsuleLoss: 7.288905801773072, CNNLoss: 1.8393342041969298, ReconLoss: 79.64059967041015
Step 600/1563, CapsuleLoss: 7.289766364097595, CNNLoss: 1.8504836773872375, ReconLoss: 79.41494255065918
Step 700/1563, CapsuleLoss: 7.290510411262512, CNNLoss: 1.84413600564003, ReconLoss: 79.46092826843261
Step 800/1563, CapsuleLoss: 7.292165589332581, CNNLoss: 1.8371888518333435, ReconLoss: 79.75032440185547
Step 900/1563, CapsuleLoss: 7.291445865631103, CNNLoss: 1.8229853010177612, ReconLoss: 78.0066145324707
Step 1000/1563, CapsuleLoss: 7.291632018089294, CNNLoss: 1.8141824984550476, ReconLoss: 79.87909149169921
Step 1100/1563, CapsuleLoss: 7.29193112373352, CNNLoss: 1.837939064502716, ReconLoss: 78.97516510009766
Step 1200/1563, CapsuleLoss: 7.291758613586426, CNNLoss: 1.8569233548641204, ReconLoss: 79.71081802368164
Step 1300/1563, CapsuleLoss: 7.289908561706543, CNNLoss: 1.8500911235809325, ReconLoss: 79.47791870117187
Step 1400/1563, CapsuleLoss: 7.289980807304382, CNNLoss: 1.829807790517807, ReconLoss: 79.63410179138184
Step 1500/1563, CapsuleLoss: 7.291124615669251, CNNLoss: 1.8458450436592102, ReconLoss: 78.84230758666992
test_accuracy
Epoch: 30 Capsule Accuracy: 0.0989
Epoch: 30 Conv Accuracy: 0.3393
Step 100/1563, CapsuleLoss: 7.28957893371582, CNNLoss: 1.8254044675827026, ReconLoss: 78.03151710510254
Step 200/1563, CapsuleLoss: 7.2901596832275395, CNNLoss: 1.854188185930252, ReconLoss: 78.58644676208496
Step 300/1563, CapsuleLoss: 7.289656386375428, CNNLoss: 1.7919868505001069, ReconLoss: 77.18153564453125
Step 400/1563, CapsuleLoss: 7.290555572509765, CNNLoss: 1.8304848957061768, ReconLoss: 78.14119995117187
Step 500/1563, CapsuleLoss: 7.289320669174194, CNNLoss: 1.830302369594574, ReconLoss: 77.85030982971192
Step 600/1563, CapsuleLoss: 7.290658535957337, CNNLoss: 1.8467549920082091, ReconLoss: 78.2907339477539
Step 700/1563, CapsuleLoss: 7.2918899583816525, CNNLoss: 1.8421679902076722, ReconLoss: 78.16527664184571
Step 800/1563, CapsuleLoss: 7.290576848983765, CNNLoss: 1.8429565668106078, ReconLoss: 77.48555541992188
Step 900/1563, CapsuleLoss: 7.291596903800964, CNNLoss: 1.8154656267166138, ReconLoss: 77.41289749145508
Step 1000/1563, CapsuleLoss: 7.29053680896759, CNNLoss: 1.8193489527702331, ReconLoss: 78.40652214050293
Step 1100/1563, CapsuleLoss: 7.288809490203858, CNNLoss: 1.8040231835842133, ReconLoss: 77.93993324279785
Step 1200/1563, CapsuleLoss: 7.288152546882629, CNNLoss: 1.8233719217777251, ReconLoss: 78.6594081878662
Step 1300/1563, CapsuleLoss: 7.290682821273804, CNNLoss: 1.8165712666511535, ReconLoss: 77.7885521697998
Step 1400/1563, CapsuleLoss: 7.290197591781617, CNNLoss: 1.7982461988925933, ReconLoss: 77.51344017028809
Step 1500/1563, CapsuleLoss: 7.290937180519104, CNNLoss: 1.81615292429924, ReconLoss: 77.811005859375
test_accuracy
Epoch: 31 Capsule Accuracy: 0.1022
Epoch: 31 Conv Accuracy: 0.3396
Step 100/1563, CapsuleLoss: 7.290451717376709, CNNLoss: 1.8307579839229584, ReconLoss: 77.59709648132325
Step 200/1563, CapsuleLoss: 7.289402933120727, CNNLoss: 1.8227936983108521, ReconLoss: 78.2780753326416
Step 300/1563, CapsuleLoss: 7.290061597824097, CNNLoss: 1.8273973679542541, ReconLoss: 77.77478370666503
Step 400/1563, CapsuleLoss: 7.291532392501831, CNNLoss: 1.8384405839443207, ReconLoss: 77.88775321960449
Step 500/1563, CapsuleLoss: 7.290263719558716, CNNLoss: 1.8116342496871949, ReconLoss: 77.4333959197998
Step 600/1563, CapsuleLoss: 7.291979250907898, CNNLoss: 1.8141325306892395, ReconLoss: 77.31675346374512
Step 700/1563, CapsuleLoss: 7.290294842720032, CNNLoss: 1.8233002281188966, ReconLoss: 77.70005584716797
Step 800/1563, CapsuleLoss: 7.2905587434768675, CNNLoss: 1.8371620237827302, ReconLoss: 77.34768341064454
Step 900/1563, CapsuleLoss: 7.290104641914367, CNNLoss: 1.8150414824485779, ReconLoss: 77.90017639160156
Step 1000/1563, CapsuleLoss: 7.2882078790664675, CNNLoss: 1.8141419637203215, ReconLoss: 76.94768966674805
Step 1100/1563, CapsuleLoss: 7.290898766517639, CNNLoss: 1.8206902492046355, ReconLoss: 77.41557891845703
Step 1200/1563, CapsuleLoss: 7.289097771644593, CNNLoss: 1.7918359994888307, ReconLoss: 77.72203315734863
Step 1300/1563, CapsuleLoss: 7.290726313591003, CNNLoss: 1.8252713394165039, ReconLoss: 77.1802529144287
Step 1400/1563, CapsuleLoss: 7.29315486907959, CNNLoss: 1.831929360628128, ReconLoss: 77.79645179748535
Step 1500/1563, CapsuleLoss: 7.289990677833557, CNNLoss: 1.8240886199474335, ReconLoss: 78.08628479003906
test_accuracy
Epoch: 32 Capsule Accuracy: 0.1007
Epoch: 32 Conv Accuracy: 0.3471
Step 100/1563, CapsuleLoss: 7.289491500854492, CNNLoss: 1.8218287682533265, ReconLoss: 77.93688850402832
Step 200/1563, CapsuleLoss: 7.287920970916748, CNNLoss: 1.8246225881576539, ReconLoss: 77.22130317687989
Step 300/1563, CapsuleLoss: 7.287676572799683, CNNLoss: 1.837976713180542, ReconLoss: 77.95092765808106
Step 400/1563, CapsuleLoss: 7.289850487709045, CNNLoss: 1.8229108250141144, ReconLoss: 77.22391296386719
Step 500/1563, CapsuleLoss: 7.292024631500244, CNNLoss: 1.8319014275074006, ReconLoss: 77.30602226257324
Step 600/1563, CapsuleLoss: 7.290971846580505, CNNLoss: 1.8159653544425964, ReconLoss: 77.33313247680664
Step 700/1563, CapsuleLoss: 7.291192188262939, CNNLoss: 1.8056210005283355, ReconLoss: 77.29081687927246
Step 800/1563, CapsuleLoss: 7.291388721466064, CNNLoss: 1.8477438259124757, ReconLoss: 78.17972953796387
Step 900/1563, CapsuleLoss: 7.291571102142334, CNNLoss: 1.827360234260559, ReconLoss: 77.09558753967285
Step 1000/1563, CapsuleLoss: 7.2895742034912105, CNNLoss: 1.8085904824733734, ReconLoss: 77.51595008850097
Step 1100/1563, CapsuleLoss: 7.29045241355896, CNNLoss: 1.8302918124198913, ReconLoss: 76.90233169555664
Step 1200/1563, CapsuleLoss: 7.289744539260864, CNNLoss: 1.8295334100723266, ReconLoss: 77.90946563720703
Step 1300/1563, CapsuleLoss: 7.2892397689819335, CNNLoss: 1.8090385150909425, ReconLoss: 77.88016639709473
Step 1400/1563, CapsuleLoss: 7.291036295890808, CNNLoss: 1.8066961288452148, ReconLoss: 77.6021435546875
Step 1500/1563, CapsuleLoss: 7.290849618911743, CNNLoss: 1.8018317580223084, ReconLoss: 77.42427764892578
test_accuracy
Epoch: 33 Capsule Accuracy: 0.101
Epoch: 33 Conv Accuracy: 0.3464
Step 100/1563, CapsuleLoss: 7.290218753814697, CNNLoss: 1.817756825685501, ReconLoss: 77.73444931030274
Step 200/1563, CapsuleLoss: 7.289533133506775, CNNLoss: 1.8259431767463683, ReconLoss: 77.64492332458497
Step 300/1563, CapsuleLoss: 7.291779365539551, CNNLoss: 1.7910139310359954, ReconLoss: 76.63616333007812
Step 400/1563, CapsuleLoss: 7.290845665931702, CNNLoss: 1.8316439545154573, ReconLoss: 77.19179664611816
Step 500/1563, CapsuleLoss: 7.291043772697448, CNNLoss: 1.8390533423423767, ReconLoss: 77.18397476196289
Step 600/1563, CapsuleLoss: 7.290932683944702, CNNLoss: 1.8201344656944274, ReconLoss: 77.00480026245117
Step 700/1563, CapsuleLoss: 7.290106415748596, CNNLoss: 1.8348311948776246, ReconLoss: 77.69239753723144
Step 800/1563, CapsuleLoss: 7.288827829360962, CNNLoss: 1.821690640449524, ReconLoss: 77.61544380187988
Step 900/1563, CapsuleLoss: 7.2901551103591915, CNNLoss: 1.8142111158370973, ReconLoss: 77.26394226074218
Step 1000/1563, CapsuleLoss: 7.2909513139724735, CNNLoss: 1.8060114479064941, ReconLoss: 77.50798233032226
Step 1100/1563, CapsuleLoss: 7.29304696559906, CNNLoss: 1.818961819410324, ReconLoss: 78.64509834289551
Step 1200/1563, CapsuleLoss: 7.289585437774658, CNNLoss: 1.8340095090866089, ReconLoss: 77.96356925964355
Step 1300/1563, CapsuleLoss: 7.291409387588501, CNNLoss: 1.811015202999115, ReconLoss: 77.20050086975098
Step 1400/1563, CapsuleLoss: 7.2924939632415775, CNNLoss: 1.7981122076511382, ReconLoss: 78.08298400878907
Step 1500/1563, CapsuleLoss: 7.293462047576904, CNNLoss: 1.836520298719406, ReconLoss: 77.89504646301269
test_accuracy
Epoch: 34 Capsule Accuracy: 0.0969
Epoch: 34 Conv Accuracy: 0.3487
Step 100/1563, CapsuleLoss: 7.2900885963439945, CNNLoss: 1.8061847376823426, ReconLoss: 76.52927757263184
Step 200/1563, CapsuleLoss: 7.289775128364563, CNNLoss: 1.7920694494247436, ReconLoss: 76.5211742401123
Step 300/1563, CapsuleLoss: 7.289325704574585, CNNLoss: 1.81192928314209, ReconLoss: 78.20482818603516
Step 400/1563, CapsuleLoss: 7.290667543411255, CNNLoss: 1.8204248392581939, ReconLoss: 77.14221710205078
Step 500/1563, CapsuleLoss: 7.290589790344239, CNNLoss: 1.8235624766349792, ReconLoss: 77.30836402893067
Step 600/1563, CapsuleLoss: 7.290256037712097, CNNLoss: 1.8212953317165375, ReconLoss: 77.61750526428223
Step 700/1563, CapsuleLoss: 7.290920548439026, CNNLoss: 1.8383649611473083, ReconLoss: 77.88736503601075
Step 800/1563, CapsuleLoss: 7.28949921131134, CNNLoss: 1.8443825125694275, ReconLoss: 77.169086227417
Step 900/1563, CapsuleLoss: 7.290574169158935, CNNLoss: 1.8231264579296111, ReconLoss: 76.8682006072998
Step 1000/1563, CapsuleLoss: 7.290803842544555, CNNLoss: 1.8175473845005035, ReconLoss: 77.60038131713867
Step 1100/1563, CapsuleLoss: 7.288878989219666, CNNLoss: 1.7882759404182433, ReconLoss: 76.41891700744628
Step 1200/1563, CapsuleLoss: 7.291670665740967, CNNLoss: 1.8179383385181427, ReconLoss: 78.06039985656739
Step 1300/1563, CapsuleLoss: 7.290449075698852, CNNLoss: 1.8134663164615632, ReconLoss: 77.48550559997558
Step 1400/1563, CapsuleLoss: 7.289862089157104, CNNLoss: 1.8186442077159881, ReconLoss: 77.37148971557617
Step 1500/1563, CapsuleLoss: 7.2895095157623295, CNNLoss: 1.8101964271068574, ReconLoss: 77.32108047485352
test_accuracy
Epoch: 35 Capsule Accuracy: 0.0964
Epoch: 35 Conv Accuracy: 0.346
Step 100/1563, CapsuleLoss: 7.289679288864136, CNNLoss: 1.8103223538398743, ReconLoss: 77.89014122009277
Step 200/1563, CapsuleLoss: 7.2883993339538575, CNNLoss: 1.8329313695430756, ReconLoss: 77.1959741973877
Step 300/1563, CapsuleLoss: 7.291640124320984, CNNLoss: 1.7992087614536285, ReconLoss: 76.49929222106934
Step 400/1563, CapsuleLoss: 7.291474080085754, CNNLoss: 1.815969194173813, ReconLoss: 77.1864134979248
Step 500/1563, CapsuleLoss: 7.288062248229981, CNNLoss: 1.8219057786464692, ReconLoss: 77.16134208679199
Step 600/1563, CapsuleLoss: 7.288882517814637, CNNLoss: 1.831456310749054, ReconLoss: 77.31481025695801
Step 700/1563, CapsuleLoss: 7.290612783432007, CNNLoss: 1.8280768847465516, ReconLoss: 77.50587089538574
Step 800/1563, CapsuleLoss: 7.290743551254272, CNNLoss: 1.8016388380527497, ReconLoss: 76.90134559631348
Step 900/1563, CapsuleLoss: 7.291285471916199, CNNLoss: 1.8159638035297394, ReconLoss: 77.05096500396729
Step 1000/1563, CapsuleLoss: 7.292690253257751, CNNLoss: 1.7921835017204284, ReconLoss: 77.31406471252441
Step 1100/1563, CapsuleLoss: 7.289168367385864, CNNLoss: 1.8173501431941985, ReconLoss: 77.70602905273438
Step 1200/1563, CapsuleLoss: 7.290607795715332, CNNLoss: 1.799784597158432, ReconLoss: 77.75548210144044
Step 1300/1563, CapsuleLoss: 7.289482998847961, CNNLoss: 1.8057828855514526, ReconLoss: 77.74055473327637
Step 1400/1563, CapsuleLoss: 7.289397826194763, CNNLoss: 1.8252438831329345, ReconLoss: 77.58264122009277
Step 1500/1563, CapsuleLoss: 7.2905735635757445, CNNLoss: 1.845765892267227, ReconLoss: 77.36078086853027
test_accuracy
Epoch: 36 Capsule Accuracy: 0.0996
Epoch: 36 Conv Accuracy: 0.3411
Step 100/1563, CapsuleLoss: 7.291740770339966, CNNLoss: 1.7982573521137237, ReconLoss: 76.57344108581543
Step 200/1563, CapsuleLoss: 7.289666619300842, CNNLoss: 1.8084979796409606, ReconLoss: 76.67494018554687
Step 300/1563, CapsuleLoss: 7.289606628417968, CNNLoss: 1.824961416721344, ReconLoss: 77.86455322265626
Step 400/1563, CapsuleLoss: 7.29094030380249, CNNLoss: 1.8100353682041168, ReconLoss: 77.75250679016114
Step 500/1563, CapsuleLoss: 7.290087757110595, CNNLoss: 1.8103606295585633, ReconLoss: 77.82287551879882
Step 600/1563, CapsuleLoss: 7.289360055923462, CNNLoss: 1.8158538901805878, ReconLoss: 77.91576957702637
Step 700/1563, CapsuleLoss: 7.291466794013977, CNNLoss: 1.8148259592056275, ReconLoss: 78.23980606079101
Step 800/1563, CapsuleLoss: 7.290384035110474, CNNLoss: 1.8009022104740142, ReconLoss: 79.60441749572755
Step 900/1563, CapsuleLoss: 7.288318519592285, CNNLoss: 1.8315538668632507, ReconLoss: 78.84371376037598
Step 1000/1563, CapsuleLoss: 7.291670165061951, CNNLoss: 1.8168519532680512, ReconLoss: 78.99152160644532
Step 1100/1563, CapsuleLoss: 7.289103164672851, CNNLoss: 1.8295951330661773, ReconLoss: 79.02508827209472
Step 1200/1563, CapsuleLoss: 7.290238213539124, CNNLoss: 1.8004620063304901, ReconLoss: 78.6881438446045
Step 1300/1563, CapsuleLoss: 7.291143951416015, CNNLoss: 1.852151950597763, ReconLoss: 79.0433267211914
Step 1400/1563, CapsuleLoss: 7.291691617965698, CNNLoss: 1.868778576850891, ReconLoss: 78.43646492004395
Step 1500/1563, CapsuleLoss: 7.290989294052124, CNNLoss: 1.8057254898548125, ReconLoss: 79.07423896789551
test_accuracy
Epoch: 37 Capsule Accuracy: 0.0987
Epoch: 37 Conv Accuracy: 0.3445
Step 100/1563, CapsuleLoss: 7.290251650810242, CNNLoss: 1.820806097984314, ReconLoss: 79.9615781402588
Step 200/1563, CapsuleLoss: 7.29112370967865, CNNLoss: 1.8245378029346466, ReconLoss: 79.14866119384766
Step 300/1563, CapsuleLoss: 7.290496244430542, CNNLoss: 1.8383995914459228, ReconLoss: 78.87327293395997
Step 400/1563, CapsuleLoss: 7.291150650978088, CNNLoss: 1.813213551044464, ReconLoss: 78.58512939453125
Step 500/1563, CapsuleLoss: 7.290884943008423, CNNLoss: 1.827239421606064, ReconLoss: 77.74487892150879
Step 600/1563, CapsuleLoss: 7.288825120925903, CNNLoss: 1.8207683205604552, ReconLoss: 78.8910888671875
Step 700/1563, CapsuleLoss: 7.290398592948914, CNNLoss: 1.834498051404953, ReconLoss: 77.98497253417969
Step 800/1563, CapsuleLoss: 7.289806084632874, CNNLoss: 1.8262473809719086, ReconLoss: 78.48210556030273
Step 900/1563, CapsuleLoss: 7.289851713180542, CNNLoss: 1.8185888862609862, ReconLoss: 78.0949136352539
Step 1000/1563, CapsuleLoss: 7.2911381483078, CNNLoss: 1.808898273706436, ReconLoss: 78.40198753356934
Step 1100/1563, CapsuleLoss: 7.289156908988953, CNNLoss: 1.813586609363556, ReconLoss: 78.27256103515624
Step 1200/1563, CapsuleLoss: 7.289230756759643, CNNLoss: 1.838834708929062, ReconLoss: 78.52777778625489
Step 1300/1563, CapsuleLoss: 7.2900040912628175, CNNLoss: 1.7969397294521332, ReconLoss: 78.16611862182617
Step 1400/1563, CapsuleLoss: 7.290345010757446, CNNLoss: 1.8538653457164764, ReconLoss: 78.76841407775879
Step 1500/1563, CapsuleLoss: 7.291255173683166, CNNLoss: 1.817052127122879, ReconLoss: 78.59804107666015
test_accuracy
Epoch: 38 Capsule Accuracy: 0.1
Epoch: 38 Conv Accuracy: 0.3415
Step 100/1563, CapsuleLoss: 7.290938239097596, CNNLoss: 1.809295312166214, ReconLoss: 78.36279571533203
Step 200/1563, CapsuleLoss: 7.290741868019104, CNNLoss: 1.7873455953598023, ReconLoss: 77.23457817077637
Step 300/1563, CapsuleLoss: 7.2921881055831905, CNNLoss: 1.824806125164032, ReconLoss: 77.83347778320312
Step 400/1563, CapsuleLoss: 7.291809039115906, CNNLoss: 1.824733942747116, ReconLoss: 77.72572456359863
Step 500/1563, CapsuleLoss: 7.288969397544861, CNNLoss: 1.8123567342758178, ReconLoss: 77.05714141845704
Step 600/1563, CapsuleLoss: 7.289020791053772, CNNLoss: 1.829571968317032, ReconLoss: 77.32387107849121
Step 700/1563, CapsuleLoss: 7.289782423973083, CNNLoss: 1.8121360564231872, ReconLoss: 77.69252281188965
Step 800/1563, CapsuleLoss: 7.288245072364807, CNNLoss: 1.827055685520172, ReconLoss: 77.7569669342041
Step 900/1563, CapsuleLoss: 7.2907835960388185, CNNLoss: 1.8110062897205352, ReconLoss: 77.71150955200196
Step 1000/1563, CapsuleLoss: 7.291655688285828, CNNLoss: 1.7876907527446746, ReconLoss: 77.73717796325684
Step 1100/1563, CapsuleLoss: 7.290884995460511, CNNLoss: 1.819350814819336, ReconLoss: 77.44215606689453
Step 1200/1563, CapsuleLoss: 7.28900363445282, CNNLoss: 1.8194557774066924, ReconLoss: 77.4180542755127
Step 1300/1563, CapsuleLoss: 7.290187306404114, CNNLoss: 1.8411558878421783, ReconLoss: 77.72901824951173
Step 1400/1563, CapsuleLoss: 7.289598994255066, CNNLoss: 1.8133135724067688, ReconLoss: 77.8671321105957
Step 1500/1563, CapsuleLoss: 7.288997931480408, CNNLoss: 1.8069536757469178, ReconLoss: 77.52681060791015
test_accuracy
Epoch: 39 Capsule Accuracy: 0.0984
Epoch: 39 Conv Accuracy: 0.3479
Step 100/1563, CapsuleLoss: 7.289655747413636, CNNLoss: 1.7969921469688415, ReconLoss: 77.35296531677245
Step 200/1563, CapsuleLoss: 7.290887570381164, CNNLoss: 1.7878331887722014, ReconLoss: 77.1782755279541
Step 300/1563, CapsuleLoss: 7.291479177474976, CNNLoss: 1.8401689326763153, ReconLoss: 77.66363342285156
Step 400/1563, CapsuleLoss: 7.290642833709716, CNNLoss: 1.8182865107059478, ReconLoss: 76.90867805480957
Step 500/1563, CapsuleLoss: 7.291374044418335, CNNLoss: 1.8222229015827178, ReconLoss: 77.3399269104004
Step 600/1563, CapsuleLoss: 7.289997282028199, CNNLoss: 1.8141762030124664, ReconLoss: 77.07737533569336
Step 700/1563, CapsuleLoss: 7.28986053943634, CNNLoss: 1.8219750869274138, ReconLoss: 77.17410110473632
Step 800/1563, CapsuleLoss: 7.29129150390625, CNNLoss: 1.829930498600006, ReconLoss: 77.64581710815429
Step 900/1563, CapsuleLoss: 7.289525556564331, CNNLoss: 1.8272480928897858, ReconLoss: 77.79956329345703
Step 1000/1563, CapsuleLoss: 7.288856544494629, CNNLoss: 1.8130428898334503, ReconLoss: 77.52396682739258
Step 1100/1563, CapsuleLoss: 7.290108156204224, CNNLoss: 1.794256354570389, ReconLoss: 77.33494285583497
Step 1200/1563, CapsuleLoss: 7.290524010658264, CNNLoss: 1.7917861866950988, ReconLoss: 77.37286697387695
Step 1300/1563, CapsuleLoss: 7.289962997436524, CNNLoss: 1.819346582889557, ReconLoss: 77.64629692077636
Step 1400/1563, CapsuleLoss: 7.29244414806366, CNNLoss: 1.8028679859638215, ReconLoss: 76.95677459716796
Step 1500/1563, CapsuleLoss: 7.288653244972229, CNNLoss: 1.833486601114273, ReconLoss: 77.54946739196777
test_accuracy
Epoch: 40 Capsule Accuracy: 0.0925
Epoch: 40 Conv Accuracy: 0.3484
Step 100/1563, CapsuleLoss: 7.290954236984253, CNNLoss: 1.82325869679451, ReconLoss: 76.59711181640625
Step 200/1563, CapsuleLoss: 7.289428987503052, CNNLoss: 1.7848877954483031, ReconLoss: 77.26205490112305
Step 300/1563, CapsuleLoss: 7.288361120223999, CNNLoss: 1.7897550308704375, ReconLoss: 77.442763671875
Step 400/1563, CapsuleLoss: 7.291015100479126, CNNLoss: 1.7850694608688356, ReconLoss: 76.82888641357422
Step 500/1563, CapsuleLoss: 7.291098256111145, CNNLoss: 1.8216821324825287, ReconLoss: 77.49453369140625
Step 600/1563, CapsuleLoss: 7.289843006134033, CNNLoss: 1.8282277333736419, ReconLoss: 76.70798141479492
Step 700/1563, CapsuleLoss: 7.291452875137329, CNNLoss: 1.8240086555480957, ReconLoss: 76.96485473632812
Step 800/1563, CapsuleLoss: 7.289794244766235, CNNLoss: 1.7933018493652344, ReconLoss: 77.05268104553222
Step 900/1563, CapsuleLoss: 7.290776295661926, CNNLoss: 1.8033689415454865, ReconLoss: 77.47202255249023
Step 1000/1563, CapsuleLoss: 7.2886059379577635, CNNLoss: 1.8109262812137603, ReconLoss: 76.22251411437988
Step 1100/1563, CapsuleLoss: 7.2899449968338015, CNNLoss: 1.7837209045886993, ReconLoss: 76.86878372192383
Step 1200/1563, CapsuleLoss: 7.289058876037598, CNNLoss: 1.813421767950058, ReconLoss: 77.20511024475098
Step 1300/1563, CapsuleLoss: 7.289601888656616, CNNLoss: 1.8369996464252472, ReconLoss: 77.45866516113281
Step 1400/1563, CapsuleLoss: 7.290394506454468, CNNLoss: 1.8003232872486115, ReconLoss: 77.53257209777831
Step 1500/1563, CapsuleLoss: 7.288071956634521, CNNLoss: 1.8208672177791596, ReconLoss: 77.9565251159668
test_accuracy
Epoch: 41 Capsule Accuracy: 0.1013
Epoch: 41 Conv Accuracy: 0.346
Step 100/1563, CapsuleLoss: 7.289140605926514, CNNLoss: 1.7911331582069396, ReconLoss: 76.77089164733887
Step 200/1563, CapsuleLoss: 7.290039577484131, CNNLoss: 1.7992794001102448, ReconLoss: 77.037700881958
Step 300/1563, CapsuleLoss: 7.291715774536133, CNNLoss: 1.8034000527858733, ReconLoss: 76.73445381164551
Step 400/1563, CapsuleLoss: 7.29204288482666, CNNLoss: 1.8391897535324098, ReconLoss: 77.28963623046874
Step 500/1563, CapsuleLoss: 7.288338241577148, CNNLoss: 1.8168471729755402, ReconLoss: 77.16537796020508
Step 600/1563, CapsuleLoss: 7.292067546844482, CNNLoss: 1.8030735111236573, ReconLoss: 76.56932502746582
Step 700/1563, CapsuleLoss: 7.290765881538391, CNNLoss: 1.8049836337566376, ReconLoss: 78.59346481323242
Step 800/1563, CapsuleLoss: 7.291259050369263, CNNLoss: 1.8281984579563142, ReconLoss: 77.55638076782226
Step 900/1563, CapsuleLoss: 7.288861083984375, CNNLoss: 1.812406462430954, ReconLoss: 76.6777130126953
Step 1000/1563, CapsuleLoss: 7.288449292182922, CNNLoss: 1.8118676042556763, ReconLoss: 76.9243970489502
Step 1100/1563, CapsuleLoss: 7.292912559509277, CNNLoss: 1.8053904557228089, ReconLoss: 76.90970344543457
Step 1200/1563, CapsuleLoss: 7.289971494674683, CNNLoss: 1.819488137960434, ReconLoss: 77.62933990478516
Step 1300/1563, CapsuleLoss: 7.292104287147522, CNNLoss: 1.8205457878112794, ReconLoss: 77.39492050170898
Step 1400/1563, CapsuleLoss: 7.288085284233094, CNNLoss: 1.82477893948555, ReconLoss: 77.35001640319824
Step 1500/1563, CapsuleLoss: 7.291706538200378, CNNLoss: 1.829361048936844, ReconLoss: 76.70852722167969
test_accuracy
Epoch: 42 Capsule Accuracy: 0.1013
Epoch: 42 Conv Accuracy: 0.3442
Step 100/1563, CapsuleLoss: 7.29047070980072, CNNLoss: 1.8172878682613374, ReconLoss: 77.04075103759766
Step 200/1563, CapsuleLoss: 7.291309375762939, CNNLoss: 1.827342278957367, ReconLoss: 77.09700569152832
Step 300/1563, CapsuleLoss: 7.290480961799622, CNNLoss: 1.8000800240039825, ReconLoss: 77.15495025634766
Step 400/1563, CapsuleLoss: 7.289301738739014, CNNLoss: 1.8094309878349304, ReconLoss: 77.74360969543457
Step 500/1563, CapsuleLoss: 7.291980204582214, CNNLoss: 1.828995497226715, ReconLoss: 76.31749626159667
Step 600/1563, CapsuleLoss: 7.288921427726746, CNNLoss: 1.7807616686820984, ReconLoss: 77.2538809967041
Step 700/1563, CapsuleLoss: 7.289908661842346, CNNLoss: 1.8136617183685302, ReconLoss: 77.23630409240722
Step 800/1563, CapsuleLoss: 7.289819502830506, CNNLoss: 1.8318415939807893, ReconLoss: 77.55986000061036
Step 900/1563, CapsuleLoss: 7.288989067077637, CNNLoss: 1.7964299070835112, ReconLoss: 77.75606651306153
Step 1000/1563, CapsuleLoss: 7.289588236808777, CNNLoss: 1.7892164754867554, ReconLoss: 77.56870010375977
Step 1100/1563, CapsuleLoss: 7.290207142829895, CNNLoss: 1.835751131772995, ReconLoss: 76.8379434967041
Step 1200/1563, CapsuleLoss: 7.289881253242493, CNNLoss: 1.8035600578784943, ReconLoss: 77.1989552307129
Step 1300/1563, CapsuleLoss: 7.289487996101379, CNNLoss: 1.8217787766456603, ReconLoss: 76.52927368164063
Step 1400/1563, CapsuleLoss: 7.291468257904053, CNNLoss: 1.8149684059619904, ReconLoss: 77.6829370880127
Step 1500/1563, CapsuleLoss: 7.291660614013672, CNNLoss: 1.8151659715175628, ReconLoss: 77.46386192321778
test_accuracy
Epoch: 43 Capsule Accuracy: 0.0979
Epoch: 43 Conv Accuracy: 0.3504
Step 100/1563, CapsuleLoss: 7.288789215087891, CNNLoss: 1.7953257834911347, ReconLoss: 77.7655883026123
Step 200/1563, CapsuleLoss: 7.291292462348938, CNNLoss: 1.79391756772995, ReconLoss: 76.99776596069336
Step 300/1563, CapsuleLoss: 7.2906682634353634, CNNLoss: 1.8114464974403381, ReconLoss: 77.6171078491211
Step 400/1563, CapsuleLoss: 7.291134757995605, CNNLoss: 1.812668240070343, ReconLoss: 77.34878326416016
Step 500/1563, CapsuleLoss: 7.288752336502075, CNNLoss: 1.8289374375343324, ReconLoss: 76.94640083312989
Step 600/1563, CapsuleLoss: 7.290345072746277, CNNLoss: 1.8083917462825776, ReconLoss: 76.76455879211426
Step 700/1563, CapsuleLoss: 7.291321864128113, CNNLoss: 1.8081323075294495, ReconLoss: 76.46598487854004
Step 800/1563, CapsuleLoss: 7.291166090965271, CNNLoss: 1.8074115240573883, ReconLoss: 76.70449813842774
Step 900/1563, CapsuleLoss: 7.2911667108535765, CNNLoss: 1.8362262856960296, ReconLoss: 76.80534767150878
Step 1000/1563, CapsuleLoss: 7.291260666847229, CNNLoss: 1.7975963163375854, ReconLoss: 76.93746955871582
Step 1100/1563, CapsuleLoss: 7.291345477104187, CNNLoss: 1.7805830180644988, ReconLoss: 77.00580772399903
Step 1200/1563, CapsuleLoss: 7.289934792518616, CNNLoss: 1.823556274175644, ReconLoss: 76.74215766906738
Step 1300/1563, CapsuleLoss: 7.2912631559371945, CNNLoss: 1.827072114944458, ReconLoss: 77.38468696594238
Step 1400/1563, CapsuleLoss: 7.292233576774597, CNNLoss: 1.8185477364063263, ReconLoss: 76.94934104919433
Step 1500/1563, CapsuleLoss: 7.290785346031189, CNNLoss: 1.7956630027294158, ReconLoss: 76.82823532104493
test_accuracy
Epoch: 44 Capsule Accuracy: 0.0992
Epoch: 44 Conv Accuracy: 0.3457
Step 100/1563, CapsuleLoss: 7.288913397789002, CNNLoss: 1.7886996281147003, ReconLoss: 76.4822176361084
Step 200/1563, CapsuleLoss: 7.292484097480774, CNNLoss: 1.8022697615623473, ReconLoss: 77.42840644836426
Step 300/1563, CapsuleLoss: 7.289282751083374, CNNLoss: 1.8241551697254181, ReconLoss: 77.29004211425782
Step 400/1563, CapsuleLoss: 7.290441708564758, CNNLoss: 1.8351273953914642, ReconLoss: 76.17743156433106
Step 500/1563, CapsuleLoss: 7.28877067565918, CNNLoss: 1.800484277009964, ReconLoss: 77.21497261047364
Step 600/1563, CapsuleLoss: 7.287935681343079, CNNLoss: 1.8084885668754578, ReconLoss: 77.22997512817383
Step 700/1563, CapsuleLoss: 7.289065971374511, CNNLoss: 1.7942245280742646, ReconLoss: 77.02710990905761
Step 800/1563, CapsuleLoss: 7.289431390762329, CNNLoss: 1.786576417684555, ReconLoss: 77.03748977661132
Step 900/1563, CapsuleLoss: 7.290385265350341, CNNLoss: 1.8074100375175477, ReconLoss: 76.12354011535645
Step 1000/1563, CapsuleLoss: 7.289541897773742, CNNLoss: 1.7893480491638183, ReconLoss: 76.91390045166015
Step 1100/1563, CapsuleLoss: 7.289719729423523, CNNLoss: 1.793416476249695, ReconLoss: 76.09144866943359
Step 1200/1563, CapsuleLoss: 7.290493779182434, CNNLoss: 1.8033497083187102, ReconLoss: 76.58422805786132
Step 1300/1563, CapsuleLoss: 7.289608974456787, CNNLoss: 1.8382006895542145, ReconLoss: 76.71815002441406
Step 1400/1563, CapsuleLoss: 7.290140981674194, CNNLoss: 1.8067141437530518, ReconLoss: 77.10043739318847
Step 1500/1563, CapsuleLoss: 7.2898759841918945, CNNLoss: 1.7954017841815948, ReconLoss: 76.35811431884765
test_accuracy
Epoch: 45 Capsule Accuracy: 0.0944
Epoch: 45 Conv Accuracy: 0.3486
/home/dariosa/miniconda3/lib/python3.8/site-packages/torchvision/transforms/transforms.py:1200: UserWarning: Argument resample is deprecated and will be removed since v0.10.0. Please, use interpolation instead
  warnings.warn(
finish runnign the code
