start running the code
Device=cuda
Net(
  (conv1): GroupConvLayer(1, 16)
  (pool1): PoolingCapsuleLayer(1, 16)
  (conv2): GroupConvLayer(16, 1)
  (pool2): PoolingCapsuleLayer(16, 32)
  (conv3): GroupConvLayer(32, 1)
  (pool3): PoolingCapsuleLayer(32, 32)
  (conv4): GroupConvLayer(32, 1)
  (pool4): PoolingCapsuleLayer(32, 64)
  (conv5): GroupConvLayer(64, 1)
  (pool5): PoolingCapsuleLayer(64, 10)
  (recon1): Linear(in_features=94, out_features=512, bias=True)
  (recon2): Linear(in_features=512, out_features=1024, bias=True)
  (recon3): Linear(in_features=1024, out_features=784, bias=True)
)
Step 100/1875, CapsuleLoss: 0.3575492122769356, CNNLoss: 2.303151788711548, ReconLoss: 115.44546936035157
Step 200/1875, CapsuleLoss: 0.34695701897144315, CNNLoss: 2.0922891521453857, ReconLoss: 96.73027969360352
Step 300/1875, CapsuleLoss: 0.33834459841251374, CNNLoss: 1.9015926647186279, ReconLoss: 92.50196708679199
Step 400/1875, CapsuleLoss: 0.3259021729230881, CNNLoss: 1.8074382376670837, ReconLoss: 88.86758377075195
Step 500/1875, CapsuleLoss: 0.31498505771160124, CNNLoss: 1.731402280330658, ReconLoss: 86.58590118408203
Step 600/1875, CapsuleLoss: 0.3070413410663605, CNNLoss: 1.6776920795440673, ReconLoss: 85.06301811218262
Step 700/1875, CapsuleLoss: 0.29717912018299103, CNNLoss: 1.6257893562316894, ReconLoss: 84.17232276916504
Step 800/1875, CapsuleLoss: 0.28976469695568086, CNNLoss: 1.5881679201126098, ReconLoss: 83.20252410888672
Step 900/1875, CapsuleLoss: 0.28529706329107285, CNNLoss: 1.5850901877880097, ReconLoss: 82.45537506103516
Step 1000/1875, CapsuleLoss: 0.27615006059408187, CNNLoss: 1.5188038671016693, ReconLoss: 81.26687866210938
Step 1100/1875, CapsuleLoss: 0.2676212979853153, CNNLoss: 1.5118838632106781, ReconLoss: 79.90964042663575
Step 1200/1875, CapsuleLoss: 0.26442380622029305, CNNLoss: 1.5368881857395171, ReconLoss: 79.31608795166015
Step 1300/1875, CapsuleLoss: 0.25724824890494347, CNNLoss: 1.5098421943187714, ReconLoss: 78.22721649169922
Step 1400/1875, CapsuleLoss: 0.2557523192465305, CNNLoss: 1.4619846212863923, ReconLoss: 77.6636922454834
Step 1500/1875, CapsuleLoss: 0.24973665282130242, CNNLoss: 1.473777293562889, ReconLoss: 76.07662502288818
Step 1600/1875, CapsuleLoss: 0.24262713626027108, CNNLoss: 1.4541996216773987, ReconLoss: 76.43724014282226
Step 1700/1875, CapsuleLoss: 0.23904318019747733, CNNLoss: 1.4451842284202576, ReconLoss: 74.26341289520263
Step 1800/1875, CapsuleLoss: 0.22809660702943801, CNNLoss: 1.3865150493383407, ReconLoss: 73.75336780548096
test_accuracy
Epoch: 1 Capsule Accuracy: 0.5393
Epoch: 1 Conv Accuracy: 0.5325
Step 100/1875, CapsuleLoss: 0.5688477963209152, CNNLoss: 1.374427039027214, ReconLoss: 72.25983768463135
Step 200/1875, CapsuleLoss: 0.5388049975037574, CNNLoss: 1.33565005838871, ReconLoss: 71.52892906188964
Step 300/1875, CapsuleLoss: 0.5112730744481087, CNNLoss: 1.304712427854538, ReconLoss: 71.043821144104
Step 400/1875, CapsuleLoss: 0.5000724631547928, CNNLoss: 1.260956267118454, ReconLoss: 70.42735061645507
Step 500/1875, CapsuleLoss: 0.48138133466243743, CNNLoss: 1.2494262105226517, ReconLoss: 69.40051303863525
Step 600/1875, CapsuleLoss: 0.47775346398353574, CNNLoss: 1.2404167419672012, ReconLoss: 69.09301574707031
Step 700/1875, CapsuleLoss: 0.45334355652332303, CNNLoss: 1.191404442191124, ReconLoss: 68.90275074005127
Step 800/1875, CapsuleLoss: 0.44891402542591097, CNNLoss: 1.2016307586431503, ReconLoss: 67.49662490844726
Step 900/1875, CapsuleLoss: 0.43352444618940356, CNNLoss: 1.1821891337633132, ReconLoss: 67.25519889831543
Step 1000/1875, CapsuleLoss: 0.4235222965478897, CNNLoss: 1.1303188157081605, ReconLoss: 67.94373291015626
Step 1100/1875, CapsuleLoss: 0.4139998733997345, CNNLoss: 1.1020700627565383, ReconLoss: 66.75017364501953
Step 1200/1875, CapsuleLoss: 0.4071147525310516, CNNLoss: 1.074756435751915, ReconLoss: 65.75323017120361
Step 1300/1875, CapsuleLoss: 0.4064233192801476, CNNLoss: 1.0899680000543595, ReconLoss: 65.42207588195801
Step 1400/1875, CapsuleLoss: 0.3846701955795288, CNNLoss: 0.9817053335905075, ReconLoss: 65.4105978012085
Step 1500/1875, CapsuleLoss: 0.38183099269866944, CNNLoss: 0.9870446389913559, ReconLoss: 64.87437847137451
Step 1600/1875, CapsuleLoss: 0.38038408041000366, CNNLoss: 0.974282169342041, ReconLoss: 64.33558570861817
Step 1700/1875, CapsuleLoss: 0.36572357416152956, CNNLoss: 0.9470722931623459, ReconLoss: 63.86261901855469
Step 1800/1875, CapsuleLoss: 0.36484808325767515, CNNLoss: 0.9015441945195198, ReconLoss: 63.41839210510254
test_accuracy
Epoch: 2 Capsule Accuracy: 0.6311
Epoch: 2 Conv Accuracy: 0.7168
Step 100/1875, CapsuleLoss: 0.7166678810119629, CNNLoss: 0.9232050529122353, ReconLoss: 62.84440700531006
Step 200/1875, CapsuleLoss: 0.7169129502773285, CNNLoss: 0.887713439464569, ReconLoss: 63.07329742431641
Step 300/1875, CapsuleLoss: 0.6745773035287858, CNNLoss: 0.8589885827898979, ReconLoss: 62.272986221313474
Step 400/1875, CapsuleLoss: 0.6526360085606575, CNNLoss: 0.8381539300084114, ReconLoss: 63.031916275024415
Step 500/1875, CapsuleLoss: 0.6361315020918846, CNNLoss: 0.8313145580887794, ReconLoss: 61.60855052947998
Step 600/1875, CapsuleLoss: 0.6246050581336021, CNNLoss: 0.8366405081748962, ReconLoss: 62.38807727813721
Step 700/1875, CapsuleLoss: 0.5905572009086609, CNNLoss: 0.789377903342247, ReconLoss: 61.9177165222168
Step 800/1875, CapsuleLoss: 0.60306342035532, CNNLoss: 0.8230138495564461, ReconLoss: 61.72523590087891
Step 900/1875, CapsuleLoss: 0.5891320970654488, CNNLoss: 0.8326017174124718, ReconLoss: 61.997461547851564
Step 1000/1875, CapsuleLoss: 0.6254521045088768, CNNLoss: 0.8703592482209206, ReconLoss: 62.61110336303711
Step 1100/1875, CapsuleLoss: 0.5805651611089706, CNNLoss: 0.8052010336518287, ReconLoss: 62.35228412628174
Step 1200/1875, CapsuleLoss: 0.5709052231907844, CNNLoss: 0.7776078414916993, ReconLoss: 60.89904495239258
Step 1300/1875, CapsuleLoss: 0.5678131410479546, CNNLoss: 0.7736454230546951, ReconLoss: 61.04765308380127
Step 1400/1875, CapsuleLoss: 0.570125724375248, CNNLoss: 0.7404411575198173, ReconLoss: 61.200665893554685
Step 1500/1875, CapsuleLoss: 0.5606258109211921, CNNLoss: 0.7879877755045891, ReconLoss: 60.65516262054443
Step 1600/1875, CapsuleLoss: 0.5279418379068375, CNNLoss: 0.7436643385887146, ReconLoss: 59.58434349060059
Step 1700/1875, CapsuleLoss: 0.5333659821748733, CNNLoss: 0.7373599809408188, ReconLoss: 60.61628952026367
Step 1800/1875, CapsuleLoss: 0.5221842870116233, CNNLoss: 0.7307829934358597, ReconLoss: 59.70732234954834
test_accuracy
Epoch: 3 Capsule Accuracy: 0.696
Epoch: 3 Conv Accuracy: 0.7879
Step 100/1875, CapsuleLoss: 0.9262140899896621, CNNLoss: 0.7169996318221092, ReconLoss: 60.36026702880859
Step 200/1875, CapsuleLoss: 0.8710227334499359, CNNLoss: 0.6783063799142838, ReconLoss: 59.94688941955567
Step 300/1875, CapsuleLoss: 0.9091798102855683, CNNLoss: 0.7098208019137382, ReconLoss: 59.394407691955564
Step 400/1875, CapsuleLoss: 0.8504428905248642, CNNLoss: 0.6874728417396545, ReconLoss: 60.0483479309082
Step 500/1875, CapsuleLoss: 0.8218353503942489, CNNLoss: 0.6906016412377357, ReconLoss: 60.274626846313474
Step 600/1875, CapsuleLoss: 0.8200224947929382, CNNLoss: 0.66405568420887, ReconLoss: 60.79585861206055
Step 700/1875, CapsuleLoss: 0.8235727274417877, CNNLoss: 0.7090566393733024, ReconLoss: 59.614872779846195
Step 800/1875, CapsuleLoss: 0.8195783001184463, CNNLoss: 0.6668349659442901, ReconLoss: 59.51147075653076
Step 900/1875, CapsuleLoss: 0.7890541577339172, CNNLoss: 0.6431639589369297, ReconLoss: 59.39829238891602
Step 1000/1875, CapsuleLoss: 0.7714322549104691, CNNLoss: 0.6404675656557083, ReconLoss: 58.63990749359131
Step 1100/1875, CapsuleLoss: 0.7329603272676468, CNNLoss: 0.6144825562834739, ReconLoss: 59.01168651580811
Step 1200/1875, CapsuleLoss: 0.7441808643937111, CNNLoss: 0.6388555023074151, ReconLoss: 58.71908554077149
Step 1300/1875, CapsuleLoss: 0.7401045429706573, CNNLoss: 0.619687562584877, ReconLoss: 58.119439964294436
Step 1400/1875, CapsuleLoss: 0.7475884562730789, CNNLoss: 0.6295757576823234, ReconLoss: 58.41717716217041
Step 1500/1875, CapsuleLoss: 0.7451478040218353, CNNLoss: 0.6099992311000824, ReconLoss: 59.44837776184082
Step 1600/1875, CapsuleLoss: 0.7438383942842484, CNNLoss: 0.5961754566431046, ReconLoss: 59.22014625549316
Step 1700/1875, CapsuleLoss: 0.7525994873046875, CNNLoss: 0.6090719249844551, ReconLoss: 59.33470588684082
Step 1800/1875, CapsuleLoss: 0.7224121850728988, CNNLoss: 0.5938932113349438, ReconLoss: 58.56470405578613
test_accuracy
Epoch: 4 Capsule Accuracy: 0.7304
Epoch: 4 Conv Accuracy: 0.8274
Step 100/1875, CapsuleLoss: 1.0860301172733307, CNNLoss: 0.5393847541511059, ReconLoss: 57.40158779144287
Step 200/1875, CapsuleLoss: 1.1438248133659363, CNNLoss: 0.5769412496685982, ReconLoss: 58.18947486877441
Step 300/1875, CapsuleLoss: 1.1685542571544647, CNNLoss: 0.6037263415753842, ReconLoss: 58.71240364074707
Step 400/1875, CapsuleLoss: 1.1738081312179565, CNNLoss: 0.595230178385973, ReconLoss: 58.84808589935303
Step 500/1875, CapsuleLoss: 1.1089337849617005, CNNLoss: 0.555357713997364, ReconLoss: 58.165226249694825
Step 600/1875, CapsuleLoss: 1.078357388973236, CNNLoss: 0.5617951703071594, ReconLoss: 58.10189464569092
Step 700/1875, CapsuleLoss: 1.0254853987693786, CNNLoss: 0.5708851757645607, ReconLoss: 57.91396064758301
Step 800/1875, CapsuleLoss: 1.0607447892427444, CNNLoss: 0.5823170748353005, ReconLoss: 58.12527797698974
Step 900/1875, CapsuleLoss: 1.042164471745491, CNNLoss: 0.5338189159333706, ReconLoss: 58.100820541381836
Step 1000/1875, CapsuleLoss: 1.012836053967476, CNNLoss: 0.5302353970706463, ReconLoss: 58.13836101531982
Step 1100/1875, CapsuleLoss: 1.0377724039554597, CNNLoss: 0.5385413745045662, ReconLoss: 57.92470909118652
Step 1200/1875, CapsuleLoss: 1.0369064831733703, CNNLoss: 0.5412751045823098, ReconLoss: 58.22801212310791
Step 1300/1875, CapsuleLoss: 1.054118441939354, CNNLoss: 0.5595876625180245, ReconLoss: 58.285350761413575
Step 1400/1875, CapsuleLoss: 0.9753280133008957, CNNLoss: 0.5334905429184437, ReconLoss: 57.27178031921387
Step 1500/1875, CapsuleLoss: 1.0114901214838028, CNNLoss: 0.5416232492029667, ReconLoss: 58.272656211853025
Step 1600/1875, CapsuleLoss: 1.0135035103559493, CNNLoss: 0.5148328247666359, ReconLoss: 58.09351264953613
Step 1700/1875, CapsuleLoss: 0.9428196594119072, CNNLoss: 0.49176622420549393, ReconLoss: 57.35923957824707
Step 1800/1875, CapsuleLoss: 0.9563841450214386, CNNLoss: 0.5188293167948723, ReconLoss: 57.899359130859374
test_accuracy
Epoch: 5 Capsule Accuracy: 0.7569
Epoch: 5 Conv Accuracy: 0.858
Step 100/1875, CapsuleLoss: 1.4163903814554215, CNNLoss: 0.4802770909667015, ReconLoss: 56.70495536804199
Step 200/1875, CapsuleLoss: 1.3969967383146287, CNNLoss: 0.5069099140167236, ReconLoss: 57.79735046386719
Step 300/1875, CapsuleLoss: 1.3478013622760772, CNNLoss: 0.4602587540447712, ReconLoss: 56.593893661499024
Step 400/1875, CapsuleLoss: 1.4939133316278457, CNNLoss: 0.5291221672296524, ReconLoss: 59.20671489715576
Step 500/1875, CapsuleLoss: 1.4990643167495727, CNNLoss: 0.537792326360941, ReconLoss: 58.54331718444824
Step 600/1875, CapsuleLoss: 1.5300520414113998, CNNLoss: 0.5182166993618011, ReconLoss: 58.25700325012207
Step 700/1875, CapsuleLoss: 1.4023874187469483, CNNLoss: 0.48721539348363874, ReconLoss: 57.97047737121582
Step 800/1875, CapsuleLoss: 1.3879484397172928, CNNLoss: 0.4591483010351658, ReconLoss: 57.58662033081055
Step 900/1875, CapsuleLoss: 1.349874404668808, CNNLoss: 0.46983875036239625, ReconLoss: 56.51058162689209
Step 1000/1875, CapsuleLoss: 1.3488997477293014, CNNLoss: 0.4597011286020279, ReconLoss: 57.87825950622559
Step 1100/1875, CapsuleLoss: 1.241042202115059, CNNLoss: 0.45192748360335827, ReconLoss: 56.66819141387939
Step 1200/1875, CapsuleLoss: 1.3355244731903075, CNNLoss: 0.4556397677958012, ReconLoss: 56.525565719604494
Step 1300/1875, CapsuleLoss: 1.2758786022663116, CNNLoss: 0.47206582814455034, ReconLoss: 56.821951942443846
Step 1400/1875, CapsuleLoss: 1.3016493153572082, CNNLoss: 0.4757561457157135, ReconLoss: 56.88569450378418
Step 1500/1875, CapsuleLoss: 1.2576918238401413, CNNLoss: 0.4474740832298994, ReconLoss: 56.40470703125
Step 1600/1875, CapsuleLoss: 1.2162959051132203, CNNLoss: 0.4209735870361328, ReconLoss: 56.15821128845215
Step 1700/1875, CapsuleLoss: 1.2113673120737076, CNNLoss: 0.4419242078065872, ReconLoss: 55.57385684967041
Step 1800/1875, CapsuleLoss: 1.2190490514039993, CNNLoss: 0.422554399445653, ReconLoss: 56.31786163330078
test_accuracy
Epoch: 6 Capsule Accuracy: 0.7833
Epoch: 6 Conv Accuracy: 0.869
Step 100/1875, CapsuleLoss: 1.8036896562576294, CNNLoss: 0.42935705855488776, ReconLoss: 57.2029487991333
Step 200/1875, CapsuleLoss: 1.8130181795358657, CNNLoss: 0.4552471002936363, ReconLoss: 56.50576690673828
Step 300/1875, CapsuleLoss: 1.7807150983810425, CNNLoss: 0.4371487072110176, ReconLoss: 56.77175952911377
Step 400/1875, CapsuleLoss: 1.7236450827121734, CNNLoss: 0.40963634468615057, ReconLoss: 56.25584789276123
Step 500/1875, CapsuleLoss: 1.7415894651412964, CNNLoss: 0.4380633381009102, ReconLoss: 56.70094951629639
Step 600/1875, CapsuleLoss: 1.8204012644290923, CNNLoss: 0.4340300302952528, ReconLoss: 57.087656021118164
Step 700/1875, CapsuleLoss: 1.6770707887411118, CNNLoss: 0.4086233152449131, ReconLoss: 56.553204193115235
Step 800/1875, CapsuleLoss: 1.7262621593475342, CNNLoss: 0.4205003453791141, ReconLoss: 56.36290435791015
Step 900/1875, CapsuleLoss: 1.6122034013271331, CNNLoss: 0.3879229764640331, ReconLoss: 55.99898971557617
Step 1000/1875, CapsuleLoss: 1.784588348865509, CNNLoss: 0.389053742736578, ReconLoss: 56.3068232345581
Step 1100/1875, CapsuleLoss: 1.7448470532894134, CNNLoss: 0.402839565128088, ReconLoss: 56.350110931396486
Step 1200/1875, CapsuleLoss: 1.7091525208950042, CNNLoss: 0.37823451980948447, ReconLoss: 55.82513893127442
Step 1300/1875, CapsuleLoss: 1.6161615669727325, CNNLoss: 0.3842167216539383, ReconLoss: 55.90792022705078
Step 1400/1875, CapsuleLoss: 1.683996160030365, CNNLoss: 0.40521279603242877, ReconLoss: 57.0916068649292
Step 1500/1875, CapsuleLoss: 1.6562554705142976, CNNLoss: 0.39038588270545005, ReconLoss: 55.140752449035645
Step 1600/1875, CapsuleLoss: 1.6476774024963379, CNNLoss: 0.38299667693674566, ReconLoss: 55.71655902862549
Step 1700/1875, CapsuleLoss: 1.5686023604869843, CNNLoss: 0.3824446092545986, ReconLoss: 55.50918464660644
Step 1800/1875, CapsuleLoss: 1.6472772324085236, CNNLoss: 0.3975253484398127, ReconLoss: 55.79269580841064
test_accuracy
Epoch: 7 Capsule Accuracy: 0.7871
Epoch: 7 Conv Accuracy: 0.8834
Step 100/1875, CapsuleLoss: 2.2061747348308565, CNNLoss: 0.38618135161697864, ReconLoss: 54.76376621246338
Step 200/1875, CapsuleLoss: 2.220727766752243, CNNLoss: 0.3787385551631451, ReconLoss: 55.91023559570313
Step 300/1875, CapsuleLoss: 2.3050244784355165, CNNLoss: 0.4036845883727074, ReconLoss: 55.77602951049805
Step 400/1875, CapsuleLoss: 2.336311742067337, CNNLoss: 0.40638154789805414, ReconLoss: 56.12305763244629
Step 500/1875, CapsuleLoss: 2.2358546304702758, CNNLoss: 0.3737492710351944, ReconLoss: 55.87274833679199
Step 600/1875, CapsuleLoss: 2.3539034497737883, CNNLoss: 0.3847713768482208, ReconLoss: 56.79310096740723
Step 700/1875, CapsuleLoss: 2.1176767075061798, CNNLoss: 0.3529134697467089, ReconLoss: 54.971149673461916
Step 800/1875, CapsuleLoss: 2.1792515718936922, CNNLoss: 0.36019615732133387, ReconLoss: 55.975059547424316
Step 900/1875, CapsuleLoss: 2.1482705092430114, CNNLoss: 0.34764856912195685, ReconLoss: 55.52559997558594
Step 1000/1875, CapsuleLoss: 2.147092932462692, CNNLoss: 0.3616807533055544, ReconLoss: 55.02070117950439
Step 1100/1875, CapsuleLoss: 2.0750167453289032, CNNLoss: 0.3530947199463844, ReconLoss: 54.887318534851076
Step 1200/1875, CapsuleLoss: 2.1339527904987334, CNNLoss: 0.3561138366907835, ReconLoss: 55.62326000213623
Step 1300/1875, CapsuleLoss: 2.0927657091617586, CNNLoss: 0.38354496136307714, ReconLoss: 55.566472396850585
Step 1400/1875, CapsuleLoss: 2.03929655790329, CNNLoss: 0.3216156082600355, ReconLoss: 55.58656089782715
Step 1500/1875, CapsuleLoss: 2.088502560853958, CNNLoss: 0.34644876584410667, ReconLoss: 55.575422019958495
Step 1600/1875, CapsuleLoss: 2.0424041891098024, CNNLoss: 0.35451113037765025, ReconLoss: 55.22013729095459
Step 1700/1875, CapsuleLoss: 2.0190612268447876, CNNLoss: 0.3129037267714739, ReconLoss: 54.41884307861328
Step 1800/1875, CapsuleLoss: 2.0010241639614104, CNNLoss: 0.34083187706768514, ReconLoss: 55.23235145568847
test_accuracy
Epoch: 8 Capsule Accuracy: 0.7961
Epoch: 8 Conv Accuracy: 0.8982
Step 100/1875, CapsuleLoss: 2.0301621389389037, CNNLoss: 0.3512636223435402, ReconLoss: 54.68023864746094
Step 200/1875, CapsuleLoss: 1.929217550754547, CNNLoss: 0.3528670373558998, ReconLoss: 54.546284217834476
Step 300/1875, CapsuleLoss: 1.9900092256069184, CNNLoss: 0.31940978035330775, ReconLoss: 54.96618045806885
Step 400/1875, CapsuleLoss: 2.0181625163555146, CNNLoss: 0.3194300019741058, ReconLoss: 55.690042686462405
Step 500/1875, CapsuleLoss: 1.9834229969978332, CNNLoss: 0.3482485048100352, ReconLoss: 54.32486373901367
Step 600/1875, CapsuleLoss: 1.8980603504180908, CNNLoss: 0.28365977115929125, ReconLoss: 54.53701889038086
Step 700/1875, CapsuleLoss: 1.9945029485225678, CNNLoss: 0.3312085767835379, ReconLoss: 54.59565811157226
Step 800/1875, CapsuleLoss: 1.9364264607429504, CNNLoss: 0.31334282100200656, ReconLoss: 54.68787307739258
Step 900/1875, CapsuleLoss: 1.9140250647068024, CNNLoss: 0.31492753185331823, ReconLoss: 54.58758056640625
Step 1000/1875, CapsuleLoss: 1.9102341228723525, CNNLoss: 0.3153652596846223, ReconLoss: 55.287960624694826
Step 1100/1875, CapsuleLoss: 1.9705083632469178, CNNLoss: 0.32406927350908515, ReconLoss: 55.06040584564209
Step 1200/1875, CapsuleLoss: 1.9684747314453126, CNNLoss: 0.32341463811695575, ReconLoss: 55.52317836761475
Step 1300/1875, CapsuleLoss: 1.9476049864292144, CNNLoss: 0.3353018662519753, ReconLoss: 55.543144340515134
Step 1400/1875, CapsuleLoss: 1.9951269686222077, CNNLoss: 0.33502561174333095, ReconLoss: 54.655242118835446
Step 1500/1875, CapsuleLoss: 1.947998913526535, CNNLoss: 0.3486012083292007, ReconLoss: 54.16183319091797
Step 1600/1875, CapsuleLoss: 1.9489824509620666, CNNLoss: 0.342895368039608, ReconLoss: 55.156363830566406
Step 1700/1875, CapsuleLoss: 1.9886801636219025, CNNLoss: 0.33233195446431635, ReconLoss: 55.62755779266357
Step 1800/1875, CapsuleLoss: 1.8821649372577667, CNNLoss: 0.3150546488165855, ReconLoss: 54.47209445953369
test_accuracy
Epoch: 9 Capsule Accuracy: 0.8034
Epoch: 9 Conv Accuracy: 0.9069
Step 100/1875, CapsuleLoss: 1.8522105395793915, CNNLoss: 0.30477895952761175, ReconLoss: 54.2745149230957
Step 200/1875, CapsuleLoss: 1.808567035794258, CNNLoss: 0.2962664404511452, ReconLoss: 54.72063423156738
Step 300/1875, CapsuleLoss: 1.76768874168396, CNNLoss: 0.30895208910107613, ReconLoss: 53.201433448791505
Step 400/1875, CapsuleLoss: 1.7921529012918471, CNNLoss: 0.3068033993989229, ReconLoss: 53.57238094329834
Step 500/1875, CapsuleLoss: 1.8336798822879792, CNNLoss: 0.310637806430459, ReconLoss: 54.1733479309082
Step 600/1875, CapsuleLoss: 1.835283289551735, CNNLoss: 0.30914509274065494, ReconLoss: 54.891107330322264
Step 700/1875, CapsuleLoss: 1.729848895072937, CNNLoss: 0.3086777285113931, ReconLoss: 53.68498001098633
Step 800/1875, CapsuleLoss: 1.7575835233926773, CNNLoss: 0.2861040375009179, ReconLoss: 54.13088760375977
Step 900/1875, CapsuleLoss: 1.7988559293746949, CNNLoss: 0.29554320618510244, ReconLoss: 54.99694217681885
Step 1000/1875, CapsuleLoss: 1.8434635233879089, CNNLoss: 0.2986981314048171, ReconLoss: 54.64189502716064
Step 1100/1875, CapsuleLoss: 1.7679802721738815, CNNLoss: 0.2628433308750391, ReconLoss: 53.52564567565918
Step 1200/1875, CapsuleLoss: 1.9786951959133148, CNNLoss: 0.318471443541348, ReconLoss: 54.41396766662598
Step 1300/1875, CapsuleLoss: 1.8110990381240846, CNNLoss: 0.29010609567165374, ReconLoss: 54.22081077575684
Step 1400/1875, CapsuleLoss: 1.7573499691486358, CNNLoss: 0.30589148484170436, ReconLoss: 53.58853496551514
Step 1500/1875, CapsuleLoss: 1.7608818566799165, CNNLoss: 0.281397308036685, ReconLoss: 53.404927558898926
Step 1600/1875, CapsuleLoss: 1.7864684504270554, CNNLoss: 0.30367626786231994, ReconLoss: 54.63060111999512
Step 1700/1875, CapsuleLoss: 1.8094089567661285, CNNLoss: 0.2942428137362003, ReconLoss: 54.0613049697876
Step 1800/1875, CapsuleLoss: 1.9218453407287597, CNNLoss: 0.31086888644844296, ReconLoss: 55.03820350646973
test_accuracy
Epoch: 10 Capsule Accuracy: 0.7953
Epoch: 10 Conv Accuracy: 0.9057
Step 100/1875, CapsuleLoss: 1.86657412648201, CNNLoss: 0.2996643383055925, ReconLoss: 54.64864261627197
Step 200/1875, CapsuleLoss: 1.8381081330776214, CNNLoss: 0.29273256674408915, ReconLoss: 53.76255439758301
Step 300/1875, CapsuleLoss: 1.773007454276085, CNNLoss: 0.28933551762253046, ReconLoss: 54.56290500640869
Step 400/1875, CapsuleLoss: 1.7115375864505769, CNNLoss: 0.22564850188791752, ReconLoss: 53.28557819366455
Step 500/1875, CapsuleLoss: 1.7108026003837586, CNNLoss: 0.2732735756784678, ReconLoss: 53.59413288116455
Step 600/1875, CapsuleLoss: 1.6460617935657502, CNNLoss: 0.2766196848452091, ReconLoss: 53.584259490966794
Step 700/1875, CapsuleLoss: 1.7290100693702697, CNNLoss: 0.28931363420560957, ReconLoss: 53.31553234100342
Step 800/1875, CapsuleLoss: 1.7043561762571335, CNNLoss: 0.26803062960505486, ReconLoss: 53.20485549926758
Step 900/1875, CapsuleLoss: 1.6816827046871186, CNNLoss: 0.2535135660693049, ReconLoss: 52.878701057434085
Step 1000/1875, CapsuleLoss: 1.7196882331371308, CNNLoss: 0.2821509275957942, ReconLoss: 53.78341209411621
Step 1100/1875, CapsuleLoss: 1.7129590213298798, CNNLoss: 0.26222819305956363, ReconLoss: 53.09476943969727
Step 1200/1875, CapsuleLoss: 1.7097735404968262, CNNLoss: 0.27781447596848013, ReconLoss: 53.282144699096676
Step 1300/1875, CapsuleLoss: 1.6561168438196183, CNNLoss: 0.26602415639907123, ReconLoss: 53.52655788421631
Step 1400/1875, CapsuleLoss: 1.7687757098674775, CNNLoss: 0.28596495736390354, ReconLoss: 53.5577161026001
Step 1500/1875, CapsuleLoss: 1.6788068670034408, CNNLoss: 0.26028627291321754, ReconLoss: 53.2400280380249
Step 1600/1875, CapsuleLoss: 1.8593251097202301, CNNLoss: 0.2728700390458107, ReconLoss: 54.77676322937012
Step 1700/1875, CapsuleLoss: 1.7714277827739715, CNNLoss: 0.2853675735369325, ReconLoss: 54.05908874511719
Step 1800/1875, CapsuleLoss: 1.6481407016515732, CNNLoss: 0.2503350038267672, ReconLoss: 53.24737720489502
test_accuracy
Epoch: 11 Capsule Accuracy: 0.8193
Epoch: 11 Conv Accuracy: 0.9259
Step 100/1875, CapsuleLoss: 1.590130888223648, CNNLoss: 0.22203393433243035, ReconLoss: 52.95898334503174
Step 200/1875, CapsuleLoss: 1.6675148409605027, CNNLoss: 0.2427845654822886, ReconLoss: 53.28301761627197
Step 300/1875, CapsuleLoss: 1.6683986109495164, CNNLoss: 0.24135759331285953, ReconLoss: 53.34457550048828
Step 400/1875, CapsuleLoss: 1.6174055832624434, CNNLoss: 0.2519273228570819, ReconLoss: 53.22717105865478
Step 500/1875, CapsuleLoss: 1.5447582483291626, CNNLoss: 0.25486664263531567, ReconLoss: 52.37767696380615
Step 600/1875, CapsuleLoss: 1.6263866806030274, CNNLoss: 0.2716826267167926, ReconLoss: 52.82108154296875
Step 700/1875, CapsuleLoss: 1.533366579413414, CNNLoss: 0.23547936964780092, ReconLoss: 52.67533802032471
Step 800/1875, CapsuleLoss: 1.5940618872642518, CNNLoss: 0.2446074477210641, ReconLoss: 53.25825752258301
Step 900/1875, CapsuleLoss: 1.6632620149850845, CNNLoss: 0.2833233094215393, ReconLoss: 53.25474082946777
Step 1000/1875, CapsuleLoss: 1.6942866230010987, CNNLoss: 0.2693451629206538, ReconLoss: 53.23983024597168
Step 1100/1875, CapsuleLoss: 1.6114617252349854, CNNLoss: 0.26730755910277365, ReconLoss: 52.892202110290526
Step 1200/1875, CapsuleLoss: 1.5624263459444045, CNNLoss: 0.23732667215168476, ReconLoss: 53.6538659286499
Step 1300/1875, CapsuleLoss: 1.5609791684150696, CNNLoss: 0.24845459517091512, ReconLoss: 52.760932502746584
Step 1400/1875, CapsuleLoss: 1.5880846291780473, CNNLoss: 0.24256893210113048, ReconLoss: 53.337910919189454
Step 1500/1875, CapsuleLoss: 1.6661686772108077, CNNLoss: 0.2805115541629493, ReconLoss: 53.11988403320313
Step 1600/1875, CapsuleLoss: 1.5987941986322403, CNNLoss: 0.27021908059716226, ReconLoss: 52.771047019958495
Step 1700/1875, CapsuleLoss: 1.569503611922264, CNNLoss: 0.2474780223891139, ReconLoss: 52.84743640899658
Step 1800/1875, CapsuleLoss: 1.5790741497278213, CNNLoss: 0.24784465834498406, ReconLoss: 52.66847301483154
test_accuracy
Epoch: 12 Capsule Accuracy: 0.8276
Epoch: 12 Conv Accuracy: 0.9283
Step 100/1875, CapsuleLoss: 1.5835261768102646, CNNLoss: 0.233545887619257, ReconLoss: 52.3495153427124
Step 200/1875, CapsuleLoss: 1.6140572196245193, CNNLoss: 0.22049168158322574, ReconLoss: 52.58178939819336
Step 300/1875, CapsuleLoss: 1.6027120834589004, CNNLoss: 0.25872771579772236, ReconLoss: 53.16283519744873
Step 400/1875, CapsuleLoss: 1.5412587451934814, CNNLoss: 0.22323435004800557, ReconLoss: 52.354429931640624
Step 500/1875, CapsuleLoss: 1.5849284321069717, CNNLoss: 0.24201490733772515, ReconLoss: 52.704663124084476
Step 600/1875, CapsuleLoss: 1.5985525912046432, CNNLoss: 0.23550846833735706, ReconLoss: 52.34710830688476
Step 700/1875, CapsuleLoss: 1.7697311967611313, CNNLoss: 0.2566421927139163, ReconLoss: 54.13075004577637
Step 800/1875, CapsuleLoss: 1.6422145861387252, CNNLoss: 0.24542010217905044, ReconLoss: 53.44357925415039
Step 900/1875, CapsuleLoss: 1.5230174148082734, CNNLoss: 0.23173992896452547, ReconLoss: 52.32518878936767
Step 1000/1875, CapsuleLoss: 1.5875900512933732, CNNLoss: 0.24190570022910834, ReconLoss: 52.30094078063965
Step 1100/1875, CapsuleLoss: 1.4922433358430862, CNNLoss: 0.23141024455428125, ReconLoss: 52.559344902038575
Step 1200/1875, CapsuleLoss: 1.6335398250818252, CNNLoss: 0.2585270719975233, ReconLoss: 52.655134963989255
Step 1300/1875, CapsuleLoss: 1.5710675370693208, CNNLoss: 0.22969128575176, ReconLoss: 52.33338897705078
Step 1400/1875, CapsuleLoss: 1.5531658351421356, CNNLoss: 0.2255518632568419, ReconLoss: 52.92889663696289
Step 1500/1875, CapsuleLoss: 1.6256468743085861, CNNLoss: 0.26247752087190745, ReconLoss: 52.38816818237305
Step 1600/1875, CapsuleLoss: 1.5704698103666306, CNNLoss: 0.23725657261908054, ReconLoss: 52.09658317565918
Step 1700/1875, CapsuleLoss: 1.547632678747177, CNNLoss: 0.2497535764053464, ReconLoss: 52.45540786743164
Step 1800/1875, CapsuleLoss: 1.4965398460626602, CNNLoss: 0.239274872392416, ReconLoss: 52.06886409759522
test_accuracy
Epoch: 13 Capsule Accuracy: 0.8317
Epoch: 13 Conv Accuracy: 0.9336
Step 100/1875, CapsuleLoss: 1.5582938343286514, CNNLoss: 0.20983087059110403, ReconLoss: 52.969513397216794
Step 200/1875, CapsuleLoss: 1.4995143127441406, CNNLoss: 0.22980070032179356, ReconLoss: 52.31540023803711
Step 300/1875, CapsuleLoss: 1.5863762181997298, CNNLoss: 0.24912363275885582, ReconLoss: 52.1518794631958
Step 400/1875, CapsuleLoss: 1.3964761531352996, CNNLoss: 0.21156316686421633, ReconLoss: 50.63894321441651
Step 500/1875, CapsuleLoss: 1.4603593331575393, CNNLoss: 0.22726593255996705, ReconLoss: 51.90298133850098
Step 600/1875, CapsuleLoss: 1.520231711268425, CNNLoss: 0.25891371540725233, ReconLoss: 52.481938400268554
Step 700/1875, CapsuleLoss: 1.5921460974216461, CNNLoss: 0.2547378737293184, ReconLoss: 52.80550300598144
Step 800/1875, CapsuleLoss: 1.5371367412805557, CNNLoss: 0.2402941212244332, ReconLoss: 52.590864486694336
Step 900/1875, CapsuleLoss: 1.4481703728437423, CNNLoss: 0.2232971996627748, ReconLoss: 51.433228721618654
Step 1000/1875, CapsuleLoss: 1.520570729970932, CNNLoss: 0.2149962946586311, ReconLoss: 52.11155624389649
Step 1100/1875, CapsuleLoss: 1.373701338171959, CNNLoss: 0.19843582596629858, ReconLoss: 51.89590572357178
Step 1200/1875, CapsuleLoss: 1.47672625541687, CNNLoss: 0.23072740878909825, ReconLoss: 51.82361698150635
Step 1300/1875, CapsuleLoss: 1.5009213644266128, CNNLoss: 0.23743836481124161, ReconLoss: 51.70943382263184
Step 1400/1875, CapsuleLoss: 1.5927697563171386, CNNLoss: 0.2328530635125935, ReconLoss: 53.06651214599609
Step 1500/1875, CapsuleLoss: 1.5675482058525085, CNNLoss: 0.22741183627396822, ReconLoss: 53.1646573638916
Step 1600/1875, CapsuleLoss: 1.4933076709508897, CNNLoss: 0.23534359198063612, ReconLoss: 51.84781684875488
Step 1700/1875, CapsuleLoss: 1.5626644665002822, CNNLoss: 0.26443883426487447, ReconLoss: 53.001880149841305
Step 1800/1875, CapsuleLoss: 1.5962779223918915, CNNLoss: 0.24876786775887014, ReconLoss: 53.318447303771975
test_accuracy
Epoch: 14 Capsule Accuracy: 0.8262
Epoch: 14 Conv Accuracy: 0.9227
Step 100/1875, CapsuleLoss: 1.4310787451267242, CNNLoss: 0.23130317453294993, ReconLoss: 51.913246688842776
Step 200/1875, CapsuleLoss: 1.4860464084148406, CNNLoss: 0.21407427612692118, ReconLoss: 52.344877548217774
Step 300/1875, CapsuleLoss: 1.4263229250907898, CNNLoss: 0.21569964341819287, ReconLoss: 51.98957263946533
Step 400/1875, CapsuleLoss: 1.44568496465683, CNNLoss: 0.23203688628971578, ReconLoss: 52.45182495117187
Step 500/1875, CapsuleLoss: 1.4565184962749482, CNNLoss: 0.2252073143608868, ReconLoss: 52.25001174926758
Step 600/1875, CapsuleLoss: 1.5988585501909256, CNNLoss: 0.2431330244988203, ReconLoss: 51.904562072753905
Step 700/1875, CapsuleLoss: 1.7387373691797257, CNNLoss: 0.26551965057849886, ReconLoss: 52.84369552612305
Step 800/1875, CapsuleLoss: 1.5281243282556534, CNNLoss: 0.24440521091222764, ReconLoss: 52.02564556121826
Step 900/1875, CapsuleLoss: 1.5675164192914963, CNNLoss: 0.249830961227417, ReconLoss: 52.72915180206299
Step 1000/1875, CapsuleLoss: 1.4097171992063522, CNNLoss: 0.2322058465704322, ReconLoss: 51.074527702331544
Step 1100/1875, CapsuleLoss: 1.4119163101911545, CNNLoss: 0.21438629414886237, ReconLoss: 51.27068454742432
Step 1200/1875, CapsuleLoss: 1.3498600953817368, CNNLoss: 0.21083950825035572, ReconLoss: 50.88897895812988
Step 1300/1875, CapsuleLoss: 1.5230220180749894, CNNLoss: 0.22164573693647982, ReconLoss: 51.70005405426026
Step 1400/1875, CapsuleLoss: 1.3500996595621109, CNNLoss: 0.23418400702998043, ReconLoss: 51.32438938140869
Step 1500/1875, CapsuleLoss: 1.479114874601364, CNNLoss: 0.2257078431546688, ReconLoss: 51.58296035766602
Step 1600/1875, CapsuleLoss: 1.3659302741289139, CNNLoss: 0.21429393524304033, ReconLoss: 50.5542797088623
Step 1700/1875, CapsuleLoss: 1.4295190894603729, CNNLoss: 0.23604880437254905, ReconLoss: 51.82807670593262
Step 1800/1875, CapsuleLoss: 1.514761106967926, CNNLoss: 0.22293737452477216, ReconLoss: 51.47675849914551
test_accuracy
Epoch: 15 Capsule Accuracy: 0.8316
Epoch: 15 Conv Accuracy: 0.9306
Step 100/1875, CapsuleLoss: 1.5905895453691483, CNNLoss: 0.2501060015708208, ReconLoss: 51.66813591003418
Step 200/1875, CapsuleLoss: 1.499395763874054, CNNLoss: 0.21787575241178275, ReconLoss: 51.6041291809082
Step 300/1875, CapsuleLoss: 1.6666618382930756, CNNLoss: 0.21824016235768795, ReconLoss: 52.489859886169434
Step 400/1875, CapsuleLoss: 1.4052489560842514, CNNLoss: 0.2039401401951909, ReconLoss: 51.40586395263672
Step 500/1875, CapsuleLoss: 1.5249039620161056, CNNLoss: 0.2372970726341009, ReconLoss: 51.38615375518799
Step 600/1875, CapsuleLoss: 1.517459298968315, CNNLoss: 0.21256415283307434, ReconLoss: 51.427002906799316
Step 700/1875, CapsuleLoss: 1.494215413928032, CNNLoss: 0.2214770728163421, ReconLoss: 51.55689296722412
Step 800/1875, CapsuleLoss: 1.4578510719537734, CNNLoss: 0.22631858184933662, ReconLoss: 51.35314575195312
Step 900/1875, CapsuleLoss: 1.4391713684797287, CNNLoss: 0.2178279633820057, ReconLoss: 51.505729598999025
Step 1000/1875, CapsuleLoss: 1.4445256173610688, CNNLoss: 0.21885509237647058, ReconLoss: 51.03872718811035
Step 1100/1875, CapsuleLoss: 1.4465856528282166, CNNLoss: 0.2074761289730668, ReconLoss: 51.15369171142578
Step 1200/1875, CapsuleLoss: 1.4551743936538697, CNNLoss: 0.22974807869642974, ReconLoss: 51.13149341583252
Step 1300/1875, CapsuleLoss: 1.595025196671486, CNNLoss: 0.22261339969933033, ReconLoss: 51.212736434936524
Step 1400/1875, CapsuleLoss: 1.529080132842064, CNNLoss: 0.22405928265303374, ReconLoss: 51.82995712280273
Step 1500/1875, CapsuleLoss: 1.41318721473217, CNNLoss: 0.2040507209300995, ReconLoss: 51.39275680541992
Step 1600/1875, CapsuleLoss: 1.7773287695646287, CNNLoss: 0.23243525363504886, ReconLoss: 53.58278495788574
Step 1700/1875, CapsuleLoss: 1.4288246256113053, CNNLoss: 0.18771901335567237, ReconLoss: 51.30799449920654
Step 1800/1875, CapsuleLoss: 1.4027651304006576, CNNLoss: 0.19950773108750583, ReconLoss: 51.13399131774902
test_accuracy
Epoch: 16 Capsule Accuracy: 0.8332
Epoch: 16 Conv Accuracy: 0.9358
Step 100/1875, CapsuleLoss: 1.4156408590078353, CNNLoss: 0.20466753356158734, ReconLoss: 50.24197166442871
Step 200/1875, CapsuleLoss: 1.3528672385215759, CNNLoss: 0.1973916001804173, ReconLoss: 50.46495113372803
Step 300/1875, CapsuleLoss: 1.3644885194301606, CNNLoss: 0.21600309997797013, ReconLoss: 51.23633567810059
Step 400/1875, CapsuleLoss: 1.3671704828739166, CNNLoss: 0.17920991137623787, ReconLoss: 50.37292720794678
Step 500/1875, CapsuleLoss: 1.3764580583572388, CNNLoss: 0.1947543688490987, ReconLoss: 51.158617134094236
Step 600/1875, CapsuleLoss: 1.7067555582523346, CNNLoss: 0.2385065568238497, ReconLoss: 52.21345485687256
Step 700/1875, CapsuleLoss: 1.4684383064508437, CNNLoss: 0.21003987770527602, ReconLoss: 50.838804931640624
Step 800/1875, CapsuleLoss: 1.525135167837143, CNNLoss: 0.22163419937714934, ReconLoss: 51.75399894714356
Step 900/1875, CapsuleLoss: 1.5548289370536805, CNNLoss: 0.20428490927442908, ReconLoss: 51.824612579345704
Step 1000/1875, CapsuleLoss: 1.50430166721344, CNNLoss: 0.21924808599054812, ReconLoss: 51.87588752746582
Step 1100/1875, CapsuleLoss: 1.4508951711654663, CNNLoss: 0.21371534764766692, ReconLoss: 50.39017395019531
Step 1200/1875, CapsuleLoss: 1.4234521025419236, CNNLoss: 0.20616852218285203, ReconLoss: 51.156788711547854
Step 1300/1875, CapsuleLoss: 1.391060397028923, CNNLoss: 0.1811174389347434, ReconLoss: 50.61534618377686
Step 1400/1875, CapsuleLoss: 1.3890414607524872, CNNLoss: 0.1893419736251235, ReconLoss: 50.41187915802002
Step 1500/1875, CapsuleLoss: 1.4182055604457855, CNNLoss: 0.1890949921682477, ReconLoss: 49.565315895080566
Step 1600/1875, CapsuleLoss: 1.4533466309309007, CNNLoss: 0.21737885648384692, ReconLoss: 50.96296913146973
Step 1700/1875, CapsuleLoss: 1.349832678437233, CNNLoss: 0.21394654685631395, ReconLoss: 50.46956420898437
Step 1800/1875, CapsuleLoss: 1.3715444004535675, CNNLoss: 0.20938896814361216, ReconLoss: 50.22903244018555
test_accuracy
Epoch: 17 Capsule Accuracy: 0.8421
Epoch: 17 Conv Accuracy: 0.9441
Step 100/1875, CapsuleLoss: 1.3527373379468919, CNNLoss: 0.19858089877292515, ReconLoss: 50.13050678253174
Step 200/1875, CapsuleLoss: 1.37384719312191, CNNLoss: 0.19501944586634637, ReconLoss: 50.257172431945804
Step 300/1875, CapsuleLoss: 1.3113961070775986, CNNLoss: 0.1839928801357746, ReconLoss: 50.37802314758301
Step 400/1875, CapsuleLoss: 1.2699163848161696, CNNLoss: 0.1704157800786197, ReconLoss: 50.00051414489746
Step 500/1875, CapsuleLoss: 1.2660165017843246, CNNLoss: 0.16689277701079847, ReconLoss: 50.172503547668455
Step 600/1875, CapsuleLoss: 1.2472056251764299, CNNLoss: 0.1772947950474918, ReconLoss: 49.67470127105713
Step 700/1875, CapsuleLoss: 1.3321279042959213, CNNLoss: 0.2121091253682971, ReconLoss: 50.58697998046875
Step 800/1875, CapsuleLoss: 1.23884290933609, CNNLoss: 0.1956063997372985, ReconLoss: 49.45071746826172
Step 900/1875, CapsuleLoss: 1.4010279953479767, CNNLoss: 0.1934943275153637, ReconLoss: 50.54251056671143
Step 1000/1875, CapsuleLoss: 1.3648731833696366, CNNLoss: 0.18802056623622776, ReconLoss: 49.991451301574706
Step 1100/1875, CapsuleLoss: 1.3971312206983566, CNNLoss: 0.17413074059411884, ReconLoss: 49.77720157623291
Step 1200/1875, CapsuleLoss: 1.2265739539265632, CNNLoss: 0.1782593079097569, ReconLoss: 49.15969135284424
Step 1300/1875, CapsuleLoss: 1.2662606018781661, CNNLoss: 0.1731371915154159, ReconLoss: 50.09390399932861
Step 1400/1875, CapsuleLoss: 1.3027804684638977, CNNLoss: 0.17616012315265833, ReconLoss: 50.12527416229248
Step 1500/1875, CapsuleLoss: 1.3412268888950347, CNNLoss: 0.2139121968112886, ReconLoss: 49.1704056930542
Step 1600/1875, CapsuleLoss: 1.338915524482727, CNNLoss: 0.17200305499136448, ReconLoss: 49.4067943572998
Step 1700/1875, CapsuleLoss: 1.4708881843090058, CNNLoss: 0.18794013019651173, ReconLoss: 50.29308345794678
Step 1800/1875, CapsuleLoss: 1.620757994055748, CNNLoss: 0.22617840453982352, ReconLoss: 51.398340759277346
test_accuracy
Epoch: 18 Capsule Accuracy: 0.839
Epoch: 18 Conv Accuracy: 0.9389
Step 100/1875, CapsuleLoss: 1.3944980561733247, CNNLoss: 0.20385846126824617, ReconLoss: 49.8293815612793
Step 200/1875, CapsuleLoss: 1.3697481101751328, CNNLoss: 0.18866996670141817, ReconLoss: 50.50455894470215
Step 300/1875, CapsuleLoss: 1.3191121166944504, CNNLoss: 0.19723424408584833, ReconLoss: 49.92384796142578
Step 400/1875, CapsuleLoss: 1.3060529923439026, CNNLoss: 0.1781896947324276, ReconLoss: 49.41372356414795
Step 500/1875, CapsuleLoss: 1.2725543522834777, CNNLoss: 0.17830386290326714, ReconLoss: 49.27816741943359
Step 600/1875, CapsuleLoss: 1.3023920196294785, CNNLoss: 0.18790306776762009, ReconLoss: 49.19085590362549
Step 700/1875, CapsuleLoss: 1.3015258294343948, CNNLoss: 0.1619069005548954, ReconLoss: 48.78460163116455
Step 800/1875, CapsuleLoss: 1.2464524489641189, CNNLoss: 0.18632223252207042, ReconLoss: 49.40323890686035
Step 900/1875, CapsuleLoss: 1.2003832709789277, CNNLoss: 0.16770599074661732, ReconLoss: 49.48823940277099
Step 1000/1875, CapsuleLoss: 1.3741511499881744, CNNLoss: 0.19672039116732776, ReconLoss: 49.85012287139892
Step 1100/1875, CapsuleLoss: 1.3238719189167023, CNNLoss: 0.19177052523940802, ReconLoss: 49.028470573425295
Step 1200/1875, CapsuleLoss: 1.3257982152700425, CNNLoss: 0.17657126585021615, ReconLoss: 49.899355545043946
Step 1300/1875, CapsuleLoss: 1.3219570541381835, CNNLoss: 0.1831332347728312, ReconLoss: 50.05684085845947
Step 1400/1875, CapsuleLoss: 1.3817609661817551, CNNLoss: 0.18936442725360395, ReconLoss: 50.774337425231934
Step 1500/1875, CapsuleLoss: 1.3845716494321822, CNNLoss: 0.17691232675686477, ReconLoss: 50.11649574279785
Step 1600/1875, CapsuleLoss: 1.264963636994362, CNNLoss: 0.169236348439008, ReconLoss: 50.132116165161136
Step 1700/1875, CapsuleLoss: 1.2748596242070198, CNNLoss: 0.18551136942580343, ReconLoss: 49.50832931518555
Step 1800/1875, CapsuleLoss: 1.2920438587665557, CNNLoss: 0.17893279468640685, ReconLoss: 50.175280723571774
test_accuracy
Epoch: 19 Capsule Accuracy: 0.8483
Epoch: 19 Conv Accuracy: 0.9446
Step 100/1875, CapsuleLoss: 1.1902783876657486, CNNLoss: 0.16161560205742717, ReconLoss: 48.92658153533935
Step 200/1875, CapsuleLoss: 1.253586453795433, CNNLoss: 0.18475789881311358, ReconLoss: 49.72070957183838
Step 300/1875, CapsuleLoss: 1.257803249359131, CNNLoss: 0.18005263791419565, ReconLoss: 49.93432453155518
Step 400/1875, CapsuleLoss: 1.4197591561079026, CNNLoss: 0.18181755241006614, ReconLoss: 50.48621887207031
Step 500/1875, CapsuleLoss: 1.361409642100334, CNNLoss: 0.19123753597959875, ReconLoss: 50.33185546875
Step 600/1875, CapsuleLoss: 1.3045753744244575, CNNLoss: 0.17484686054289342, ReconLoss: 49.6211979675293
Step 700/1875, CapsuleLoss: 1.2965597596764564, CNNLoss: 0.17328553622588516, ReconLoss: 49.04791835784912
Step 800/1875, CapsuleLoss: 1.3128819346427918, CNNLoss: 0.18699623646214605, ReconLoss: 49.30097877502441
Step 900/1875, CapsuleLoss: 1.2174866807460785, CNNLoss: 0.1636412169598043, ReconLoss: 49.04368415832519
Step 1000/1875, CapsuleLoss: 1.2454137080907821, CNNLoss: 0.18559442179277538, ReconLoss: 48.67009353637695
Step 1100/1875, CapsuleLoss: 1.316571106314659, CNNLoss: 0.18267977984622122, ReconLoss: 48.57977558135986
Step 1200/1875, CapsuleLoss: 1.25936600625515, CNNLoss: 0.17295743456110357, ReconLoss: 48.95808380126953
Step 1300/1875, CapsuleLoss: 1.2390387511253358, CNNLoss: 0.16437231093645097, ReconLoss: 48.65183879852295
Step 1400/1875, CapsuleLoss: 1.5548297595977782, CNNLoss: 0.18608877455815673, ReconLoss: 50.17623191833496
Step 1500/1875, CapsuleLoss: 1.394124405682087, CNNLoss: 0.19437548566609622, ReconLoss: 48.807826347351075
Step 1600/1875, CapsuleLoss: 1.2772665891051291, CNNLoss: 0.17160923998802902, ReconLoss: 49.34153915405273
Step 1700/1875, CapsuleLoss: 1.258099883198738, CNNLoss: 0.16836320316419007, ReconLoss: 48.86809566497803
Step 1800/1875, CapsuleLoss: 1.252492452263832, CNNLoss: 0.16715030778199436, ReconLoss: 49.61176742553711
test_accuracy
Epoch: 20 Capsule Accuracy: 0.8448
Epoch: 20 Conv Accuracy: 0.9503
Step 100/1875, CapsuleLoss: 1.2645089152455329, CNNLoss: 0.17261732012033462, ReconLoss: 48.86181999206543
Step 200/1875, CapsuleLoss: 1.2198311966657638, CNNLoss: 0.1696042400971055, ReconLoss: 47.98265350341797
Step 300/1875, CapsuleLoss: 1.2285567647218705, CNNLoss: 0.15822847498580814, ReconLoss: 47.91382537841797
Step 400/1875, CapsuleLoss: 1.1788238602876664, CNNLoss: 0.15556520365178586, ReconLoss: 47.8074662399292
Step 500/1875, CapsuleLoss: 1.1941375148296356, CNNLoss: 0.15241625253111124, ReconLoss: 47.80529888153076
Step 600/1875, CapsuleLoss: 1.1701013761758805, CNNLoss: 0.15418486243113874, ReconLoss: 47.35686866760254
Step 700/1875, CapsuleLoss: 1.1548971793055534, CNNLoss: 0.15909400185570122, ReconLoss: 47.0026575088501
Step 800/1875, CapsuleLoss: 1.0933203214406968, CNNLoss: 0.16140447612851858, ReconLoss: 47.34614009857178
Step 900/1875, CapsuleLoss: 1.1576182126998902, CNNLoss: 0.1475757063832134, ReconLoss: 47.351185913085935
Step 1000/1875, CapsuleLoss: 1.0943980413675307, CNNLoss: 0.1552214598003775, ReconLoss: 46.709746284484865
Step 1100/1875, CapsuleLoss: 1.1718648105859757, CNNLoss: 0.14491394166834654, ReconLoss: 46.656158714294435
Step 1200/1875, CapsuleLoss: 1.1513363975286484, CNNLoss: 0.1358472603466362, ReconLoss: 47.3463357925415
Step 1300/1875, CapsuleLoss: 1.1065229228138924, CNNLoss: 0.14312131411395967, ReconLoss: 46.86450748443603
Step 1400/1875, CapsuleLoss: 1.1608665633201598, CNNLoss: 0.17210321872495116, ReconLoss: 46.80759552001953
Step 1500/1875, CapsuleLoss: 1.1475088757276535, CNNLoss: 0.15491127464920282, ReconLoss: 47.125666542053224
Step 1600/1875, CapsuleLoss: 1.1885597556829453, CNNLoss: 0.1521318334341049, ReconLoss: 46.917995338439944
Step 1700/1875, CapsuleLoss: 1.131165446639061, CNNLoss: 0.14363317910581827, ReconLoss: 46.900850524902346
Step 1800/1875, CapsuleLoss: 1.1142851901054383, CNNLoss: 0.16035255124792458, ReconLoss: 46.827609062194824
test_accuracy
Epoch: 21 Capsule Accuracy: 0.8588
Epoch: 21 Conv Accuracy: 0.9556
Step 100/1875, CapsuleLoss: 1.1073035633563995, CNNLoss: 0.13756147938314825, ReconLoss: 46.87815967559814
Step 200/1875, CapsuleLoss: 1.1367846101522445, CNNLoss: 0.16694526906125248, ReconLoss: 46.81258613586426
Step 300/1875, CapsuleLoss: 1.1625573793053627, CNNLoss: 0.15604473125189544, ReconLoss: 46.95720058441162
Step 400/1875, CapsuleLoss: 1.1404725861549379, CNNLoss: 0.143320335438475, ReconLoss: 46.41971992492676
Step 500/1875, CapsuleLoss: 1.096723920404911, CNNLoss: 0.13585200793109833, ReconLoss: 46.32875526428223
Step 600/1875, CapsuleLoss: 1.1455618506669998, CNNLoss: 0.1745202749967575, ReconLoss: 46.68720943450928
Step 700/1875, CapsuleLoss: 1.073497154712677, CNNLoss: 0.14007849090732635, ReconLoss: 46.74832080841065
Step 800/1875, CapsuleLoss: 1.023397182226181, CNNLoss: 0.133453627852723, ReconLoss: 46.655260200500486
Step 900/1875, CapsuleLoss: 1.1029206201434136, CNNLoss: 0.14080310207791627, ReconLoss: 46.68579071044922
Step 1000/1875, CapsuleLoss: 1.1190377488732337, CNNLoss: 0.15633623119443654, ReconLoss: 46.21335906982422
Step 1100/1875, CapsuleLoss: 1.0471998646855354, CNNLoss: 0.13327669981867074, ReconLoss: 46.16058364868164
Step 1200/1875, CapsuleLoss: 1.1182885855436324, CNNLoss: 0.1435208486672491, ReconLoss: 46.66743690490723
Step 1300/1875, CapsuleLoss: 1.103380115032196, CNNLoss: 0.13483733423985542, ReconLoss: 46.26702766418457
Step 1400/1875, CapsuleLoss: 0.9829116886854172, CNNLoss: 0.14563309978693723, ReconLoss: 46.352981300354
Step 1500/1875, CapsuleLoss: 1.0159263026714325, CNNLoss: 0.14091273562051357, ReconLoss: 45.88039276123047
Step 1600/1875, CapsuleLoss: 1.0427263790369035, CNNLoss: 0.13119801003485917, ReconLoss: 46.24765853881836
Step 1700/1875, CapsuleLoss: 1.0420516493916512, CNNLoss: 0.13386406183242797, ReconLoss: 45.8751286315918
Step 1800/1875, CapsuleLoss: 1.0419555526971818, CNNLoss: 0.14469799298793076, ReconLoss: 45.95888504028321
test_accuracy
Epoch: 22 Capsule Accuracy: 0.8683
Epoch: 22 Conv Accuracy: 0.9543
Step 100/1875, CapsuleLoss: 1.1403378188610076, CNNLoss: 0.15467479568906128, ReconLoss: 46.20760852813721
Step 200/1875, CapsuleLoss: 1.0501757529377937, CNNLoss: 0.1424277836829424, ReconLoss: 46.178734893798826
Step 300/1875, CapsuleLoss: 1.0524890634417534, CNNLoss: 0.1571758741699159, ReconLoss: 46.09210704803467
Step 400/1875, CapsuleLoss: 1.0428535476326943, CNNLoss: 0.13087539204396306, ReconLoss: 45.94359016418457
Step 500/1875, CapsuleLoss: 1.0656508630514145, CNNLoss: 0.13133666273206474, ReconLoss: 46.23521934509277
Step 600/1875, CapsuleLoss: 1.0579146271944047, CNNLoss: 0.1380712035857141, ReconLoss: 46.88466346740723
Step 700/1875, CapsuleLoss: 1.1028509905934334, CNNLoss: 0.14106779200956227, ReconLoss: 46.06362514495849
Step 800/1875, CapsuleLoss: 1.0344973155856132, CNNLoss: 0.12675965861650185, ReconLoss: 46.443377075195315
Step 900/1875, CapsuleLoss: 1.0323784145712853, CNNLoss: 0.13648285588715225, ReconLoss: 45.8327133178711
Step 1000/1875, CapsuleLoss: 1.112443441450596, CNNLoss: 0.14421819115057588, ReconLoss: 46.551561241149905
Step 1100/1875, CapsuleLoss: 1.0012784594297408, CNNLoss: 0.13775648809969426, ReconLoss: 45.807721633911136
Step 1200/1875, CapsuleLoss: 1.0960387361049653, CNNLoss: 0.1399479597248137, ReconLoss: 46.16445743560791
Step 1300/1875, CapsuleLoss: 1.0383949995040893, CNNLoss: 0.1402273110765964, ReconLoss: 45.90629276275635
Step 1400/1875, CapsuleLoss: 1.0519962152838707, CNNLoss: 0.13955397227779032, ReconLoss: 45.944419631958006
Step 1500/1875, CapsuleLoss: 1.2794991075992583, CNNLoss: 0.1552921352442354, ReconLoss: 47.20259994506836
Step 1600/1875, CapsuleLoss: 1.1523307266831397, CNNLoss: 0.15841887671500443, ReconLoss: 46.7835391998291
Step 1700/1875, CapsuleLoss: 1.1110422536730766, CNNLoss: 0.13911462848540396, ReconLoss: 46.20101215362549
Step 1800/1875, CapsuleLoss: 0.9987731927633285, CNNLoss: 0.14990373935550452, ReconLoss: 46.15162754058838
test_accuracy
Epoch: 23 Capsule Accuracy: 0.8749
Epoch: 23 Conv Accuracy: 0.9534
Step 100/1875, CapsuleLoss: 1.052274119257927, CNNLoss: 0.12974178852979093, ReconLoss: 45.7973669052124
Step 200/1875, CapsuleLoss: 1.0285005232691764, CNNLoss: 0.14519566333852707, ReconLoss: 46.156963119506834
Step 300/1875, CapsuleLoss: 1.0543223783373832, CNNLoss: 0.13922909415327012, ReconLoss: 46.28441623687744
Step 400/1875, CapsuleLoss: 1.1136959725618363, CNNLoss: 0.14056462721899152, ReconLoss: 46.56846702575684
Step 500/1875, CapsuleLoss: 1.0191242271661758, CNNLoss: 0.12179653559345752, ReconLoss: 45.91149822235107
Step 600/1875, CapsuleLoss: 1.0746922171115876, CNNLoss: 0.1447641991637647, ReconLoss: 46.719861793518064
Step 700/1875, CapsuleLoss: 1.0863134187459946, CNNLoss: 0.15700884838588536, ReconLoss: 46.70320701599121
Step 800/1875, CapsuleLoss: 1.0064498168230056, CNNLoss: 0.1282793401926756, ReconLoss: 46.09028354644775
Step 900/1875, CapsuleLoss: 1.0030407771468162, CNNLoss: 0.13622179442085325, ReconLoss: 46.54171932220459
Step 1000/1875, CapsuleLoss: 1.0547500175237656, CNNLoss: 0.14862959975376724, ReconLoss: 45.72182487487793
Step 1100/1875, CapsuleLoss: 1.0986052644252777, CNNLoss: 0.14777398337610065, ReconLoss: 45.984498558044436
Step 1200/1875, CapsuleLoss: 1.0879651778936386, CNNLoss: 0.13551228187978268, ReconLoss: 46.14873249053955
Step 1300/1875, CapsuleLoss: 1.046193389594555, CNNLoss: 0.14913634169846773, ReconLoss: 46.05015232086182
Step 1400/1875, CapsuleLoss: 1.0614313137531282, CNNLoss: 0.1223759388178587, ReconLoss: 45.385730323791506
Step 1500/1875, CapsuleLoss: 1.0127351373434066, CNNLoss: 0.15045735113322734, ReconLoss: 45.29482120513916
Step 1600/1875, CapsuleLoss: 1.0577734711766242, CNNLoss: 0.12327960947528481, ReconLoss: 46.04506244659424
Step 1700/1875, CapsuleLoss: 1.06773330450058, CNNLoss: 0.14369285541586577, ReconLoss: 45.39724014282226
Step 1800/1875, CapsuleLoss: 1.0833097103238105, CNNLoss: 0.156740825753659, ReconLoss: 45.3767998123169
test_accuracy
Epoch: 24 Capsule Accuracy: 0.8759
Epoch: 24 Conv Accuracy: 0.9589
Step 100/1875, CapsuleLoss: 1.0417316451668739, CNNLoss: 0.13114092429168522, ReconLoss: 45.918869514465335
Step 200/1875, CapsuleLoss: 1.0069214436411857, CNNLoss: 0.11887641255743801, ReconLoss: 45.46710922241211
Step 300/1875, CapsuleLoss: 0.9916255038976669, CNNLoss: 0.1309352610167116, ReconLoss: 45.93009178161621
Step 400/1875, CapsuleLoss: 0.9867698734998703, CNNLoss: 0.12851965838111937, ReconLoss: 45.30881900787354
Step 500/1875, CapsuleLoss: 0.9894484347105026, CNNLoss: 0.14107156731188297, ReconLoss: 45.39786666870117
Step 600/1875, CapsuleLoss: 1.0156408649683, CNNLoss: 0.11164568785112351, ReconLoss: 45.017396965026855
Step 700/1875, CapsuleLoss: 1.0576539343595506, CNNLoss: 0.1393338849162683, ReconLoss: 46.16639148712158
Step 800/1875, CapsuleLoss: 1.007181343138218, CNNLoss: 0.1247423055768013, ReconLoss: 45.62756088256836
Step 900/1875, CapsuleLoss: 0.9546132391691208, CNNLoss: 0.12634826662018894, ReconLoss: 44.721213836669925
Step 1000/1875, CapsuleLoss: 1.0910778498649598, CNNLoss: 0.1389529522228986, ReconLoss: 45.949051246643066
Step 1100/1875, CapsuleLoss: 0.9628682470321656, CNNLoss: 0.1301096642203629, ReconLoss: 46.01005084991455
Step 1200/1875, CapsuleLoss: 1.0290512916445733, CNNLoss: 0.143081745300442, ReconLoss: 45.10334587097168
Step 1300/1875, CapsuleLoss: 1.058201910853386, CNNLoss: 0.1481159269530326, ReconLoss: 45.33675323486328
Step 1400/1875, CapsuleLoss: 1.0240848350524903, CNNLoss: 0.14351788079366087, ReconLoss: 45.95775524139404
Step 1500/1875, CapsuleLoss: 1.0622923535108566, CNNLoss: 0.12415053479373456, ReconLoss: 45.82544052124023
Step 1600/1875, CapsuleLoss: 1.0067157584428787, CNNLoss: 0.13224386608228086, ReconLoss: 44.95198272705078
Step 1700/1875, CapsuleLoss: 1.0334245243668556, CNNLoss: 0.14856570206116884, ReconLoss: 45.215542488098144
Step 1800/1875, CapsuleLoss: 1.0325881826877594, CNNLoss: 0.1263748989533633, ReconLoss: 45.63078022003174
test_accuracy
Epoch: 25 Capsule Accuracy: 0.8808
Epoch: 25 Conv Accuracy: 0.9553
Step 100/1875, CapsuleLoss: 1.0099201855063438, CNNLoss: 0.13054624175652862, ReconLoss: 45.08871131896973
Step 200/1875, CapsuleLoss: 1.05274751663208, CNNLoss: 0.14121674509719015, ReconLoss: 45.532588500976566
Step 300/1875, CapsuleLoss: 1.0295631289482117, CNNLoss: 0.11977531980257482, ReconLoss: 45.30400875091553
Step 400/1875, CapsuleLoss: 0.9676885372400283, CNNLoss: 0.13322024232242258, ReconLoss: 45.21830684661865
Step 500/1875, CapsuleLoss: 0.9743007704615593, CNNLoss: 0.13243243088945747, ReconLoss: 45.51464141845703
Step 600/1875, CapsuleLoss: 1.0040743711590767, CNNLoss: 0.13177759056910873, ReconLoss: 45.14658153533936
Step 700/1875, CapsuleLoss: 1.0214921474456786, CNNLoss: 0.12621091945096852, ReconLoss: 45.760330009460446
Step 800/1875, CapsuleLoss: 1.1421658861637116, CNNLoss: 0.1528174759913236, ReconLoss: 46.254262886047364
Step 900/1875, CapsuleLoss: 1.1427925929427147, CNNLoss: 0.1350186187773943, ReconLoss: 46.55144634246826
Step 1000/1875, CapsuleLoss: 1.0579009839892388, CNNLoss: 0.13478549477644264, ReconLoss: 45.73916007995606
Step 1100/1875, CapsuleLoss: 1.0909198907017708, CNNLoss: 0.1620568494684994, ReconLoss: 45.20677055358887
Step 1200/1875, CapsuleLoss: 1.038555323779583, CNNLoss: 0.12685709443874657, ReconLoss: 45.80913055419922
Step 1300/1875, CapsuleLoss: 1.102886719107628, CNNLoss: 0.15057417516596616, ReconLoss: 46.21860801696777
Step 1400/1875, CapsuleLoss: 1.049708141386509, CNNLoss: 0.13774332147091628, ReconLoss: 44.87808563232422
Step 1500/1875, CapsuleLoss: 0.999396907389164, CNNLoss: 0.12986899589654058, ReconLoss: 45.40631629943848
Step 1600/1875, CapsuleLoss: 1.0104547870159148, CNNLoss: 0.12257987617049367, ReconLoss: 45.29456539154053
Step 1700/1875, CapsuleLoss: 1.0360281097888946, CNNLoss: 0.14704289503861218, ReconLoss: 45.421591796875
Step 1800/1875, CapsuleLoss: 1.060331871509552, CNNLoss: 0.14089561583939939, ReconLoss: 45.18736507415772
test_accuracy
Epoch: 26 Capsule Accuracy: 0.8789
Epoch: 26 Conv Accuracy: 0.9543
Step 100/1875, CapsuleLoss: 1.0234337761998176, CNNLoss: 0.13293224801309406, ReconLoss: 45.2115465927124
Step 200/1875, CapsuleLoss: 1.0857129144668578, CNNLoss: 0.1501920159161091, ReconLoss: 46.285541191101075
Step 300/1875, CapsuleLoss: 1.0858364683389663, CNNLoss: 0.14797792388126255, ReconLoss: 46.19534900665283
Step 400/1875, CapsuleLoss: 1.0843665152788162, CNNLoss: 0.15064656815491617, ReconLoss: 45.80786525726318
Step 500/1875, CapsuleLoss: 1.0534317329525948, CNNLoss: 0.15724170360714196, ReconLoss: 45.1890323638916
Step 600/1875, CapsuleLoss: 1.045761489868164, CNNLoss: 0.1500892645586282, ReconLoss: 44.997704391479495
Step 700/1875, CapsuleLoss: 1.0102634552121161, CNNLoss: 0.1313248825725168, ReconLoss: 44.612945022583006
Step 800/1875, CapsuleLoss: 0.8943115705251694, CNNLoss: 0.1278126483457163, ReconLoss: 45.06972995758056
Step 900/1875, CapsuleLoss: 1.0196941447257997, CNNLoss: 0.1262476022541523, ReconLoss: 45.393547248840335
Step 1000/1875, CapsuleLoss: 0.9721781253814697, CNNLoss: 0.13139376350678503, ReconLoss: 45.21289642333984
Step 1100/1875, CapsuleLoss: 1.000418981909752, CNNLoss: 0.12285968940705061, ReconLoss: 44.80472499847412
Step 1200/1875, CapsuleLoss: 0.9188880485296249, CNNLoss: 0.132611534697935, ReconLoss: 44.60434074401856
Step 1300/1875, CapsuleLoss: 0.9316303099691868, CNNLoss: 0.12492420198395848, ReconLoss: 44.711290245056155
Step 1400/1875, CapsuleLoss: 1.04041155397892, CNNLoss: 0.1305052470229566, ReconLoss: 44.45910243988037
Step 1500/1875, CapsuleLoss: 0.9378823390603066, CNNLoss: 0.11854277913458645, ReconLoss: 45.13875381469727
Step 1600/1875, CapsuleLoss: 1.010950018763542, CNNLoss: 0.13691004953347147, ReconLoss: 45.45447933197021
Step 1700/1875, CapsuleLoss: 0.950781783759594, CNNLoss: 0.11108066242188215, ReconLoss: 44.460813941955564
Step 1800/1875, CapsuleLoss: 0.9529292735457421, CNNLoss: 0.1373926209844649, ReconLoss: 45.480533866882325
test_accuracy
Epoch: 27 Capsule Accuracy: 0.8814
Epoch: 27 Conv Accuracy: 0.9599
Step 100/1875, CapsuleLoss: 0.943609681725502, CNNLoss: 0.11089151821099222, ReconLoss: 44.79428356170654
Step 200/1875, CapsuleLoss: 0.9755844894051552, CNNLoss: 0.12407239544671028, ReconLoss: 45.042839698791504
Step 300/1875, CapsuleLoss: 0.9694155925512313, CNNLoss: 0.1313941149506718, ReconLoss: 44.7232426071167
Step 400/1875, CapsuleLoss: 0.9874709749221802, CNNLoss: 0.14227837897837162, ReconLoss: 45.124825897216795
Step 500/1875, CapsuleLoss: 0.9349056631326675, CNNLoss: 0.10887627782300115, ReconLoss: 44.59977260589599
Step 600/1875, CapsuleLoss: 0.9436749663949012, CNNLoss: 0.1273529577627778, ReconLoss: 45.17158954620361
Step 700/1875, CapsuleLoss: 0.9439009019732475, CNNLoss: 0.10426031785085797, ReconLoss: 44.28776485443115
Step 800/1875, CapsuleLoss: 0.9506808072328568, CNNLoss: 0.1143127556797117, ReconLoss: 44.85652996063232
Step 900/1875, CapsuleLoss: 1.03555586874485, CNNLoss: 0.14493766104802489, ReconLoss: 45.20324317932129
Step 1000/1875, CapsuleLoss: 1.0229133093357086, CNNLoss: 0.1290284302085638, ReconLoss: 45.208897552490235
Step 1100/1875, CapsuleLoss: 0.9973806589841843, CNNLoss: 0.1258393855765462, ReconLoss: 44.65004653930664
Step 1200/1875, CapsuleLoss: 0.9636772045493126, CNNLoss: 0.12285122290253639, ReconLoss: 44.7574764251709
Step 1300/1875, CapsuleLoss: 1.0354352760314942, CNNLoss: 0.12538262546993792, ReconLoss: 44.85560470581055
Step 1400/1875, CapsuleLoss: 1.0009615114331245, CNNLoss: 0.1398741272184998, ReconLoss: 44.41199886322021
Step 1500/1875, CapsuleLoss: 0.9940029153227806, CNNLoss: 0.13290858821943402, ReconLoss: 45.2441450881958
Step 1600/1875, CapsuleLoss: 0.9322160744667053, CNNLoss: 0.11664537990000098, ReconLoss: 44.18968578338623
Step 1700/1875, CapsuleLoss: 0.960041624903679, CNNLoss: 0.1185970814852044, ReconLoss: 43.993017578125
Step 1800/1875, CapsuleLoss: 0.9720393684506416, CNNLoss: 0.14125211376696825, ReconLoss: 44.49804611206055
test_accuracy
Epoch: 28 Capsule Accuracy: 0.8789
Epoch: 28 Conv Accuracy: 0.9596
Step 100/1875, CapsuleLoss: 0.898435138463974, CNNLoss: 0.11444030119106173, ReconLoss: 44.26615123748779
Step 200/1875, CapsuleLoss: 0.9582444882392883, CNNLoss: 0.12465605984441935, ReconLoss: 44.661613578796384
Step 300/1875, CapsuleLoss: 0.9432621100544929, CNNLoss: 0.13044456948991864, ReconLoss: 44.860939826965335
Step 400/1875, CapsuleLoss: 0.9278798282146454, CNNLoss: 0.10939585425890982, ReconLoss: 44.744526405334476
Step 500/1875, CapsuleLoss: 0.9337765485048294, CNNLoss: 0.10960372573230416, ReconLoss: 44.654680519104005
Step 600/1875, CapsuleLoss: 0.9309975293278694, CNNLoss: 0.11450176736339927, ReconLoss: 44.481051177978514
Step 700/1875, CapsuleLoss: 0.932109649181366, CNNLoss: 0.12086887753102929, ReconLoss: 44.22239601135254
Step 800/1875, CapsuleLoss: 0.9171959611773491, CNNLoss: 0.1275157496193424, ReconLoss: 44.541519775390626
Step 900/1875, CapsuleLoss: 0.9891906142234802, CNNLoss: 0.12985604274086654, ReconLoss: 44.18335777282715
Step 1000/1875, CapsuleLoss: 1.0490122574567795, CNNLoss: 0.1503520136512816, ReconLoss: 45.11790267944336
Step 1100/1875, CapsuleLoss: 1.0270269303023816, CNNLoss: 0.1306458840146661, ReconLoss: 44.91186164855957
Step 1200/1875, CapsuleLoss: 0.8912520565092563, CNNLoss: 0.11053037095814944, ReconLoss: 44.24229331970215
Step 1300/1875, CapsuleLoss: 1.0130480653047562, CNNLoss: 0.1324839897500351, ReconLoss: 45.13658828735352
Step 1400/1875, CapsuleLoss: 1.0026863226294518, CNNLoss: 0.136930440380238, ReconLoss: 45.18239189147949
Step 1500/1875, CapsuleLoss: 1.006752126812935, CNNLoss: 0.14689105924218893, ReconLoss: 45.16886695861817
Step 1600/1875, CapsuleLoss: 0.9803609326481819, CNNLoss: 0.12171757636591791, ReconLoss: 44.87232078552246
Step 1700/1875, CapsuleLoss: 0.9425225874781609, CNNLoss: 0.12055138912517577, ReconLoss: 44.87337688446045
Step 1800/1875, CapsuleLoss: 0.9803323951363564, CNNLoss: 0.12697577645536512, ReconLoss: 44.332905006408694
test_accuracy
Epoch: 29 Capsule Accuracy: 0.8649
Epoch: 29 Conv Accuracy: 0.9563
Step 100/1875, CapsuleLoss: 1.1328379246592521, CNNLoss: 0.1288367087347433, ReconLoss: 45.9103634262085
Step 200/1875, CapsuleLoss: 1.064499192237854, CNNLoss: 0.1180806416273117, ReconLoss: 45.24454196929932
Step 300/1875, CapsuleLoss: 1.0592424473166466, CNNLoss: 0.14130278966389598, ReconLoss: 44.907075004577635
Step 400/1875, CapsuleLoss: 0.9910624635219574, CNNLoss: 0.12845503852702678, ReconLoss: 45.029037933349606
Step 500/1875, CapsuleLoss: 0.8883788979053497, CNNLoss: 0.10988554941955954, ReconLoss: 44.39071453094483
Step 600/1875, CapsuleLoss: 0.9835731542110443, CNNLoss: 0.11895760183222592, ReconLoss: 44.20037708282471
Step 700/1875, CapsuleLoss: 0.966585423052311, CNNLoss: 0.11614538694731891, ReconLoss: 44.032860946655276
Step 800/1875, CapsuleLoss: 1.0110467231273652, CNNLoss: 0.13767733016051353, ReconLoss: 45.015090751647946
Step 900/1875, CapsuleLoss: 0.9815076091885566, CNNLoss: 0.12123876307858154, ReconLoss: 44.408712997436524
Step 1000/1875, CapsuleLoss: 0.8957025471329689, CNNLoss: 0.107752620941028, ReconLoss: 44.96028217315674
Step 1100/1875, CapsuleLoss: 0.9986606004834175, CNNLoss: 0.1306378307752311, ReconLoss: 44.85691287994385
Step 1200/1875, CapsuleLoss: 0.9709705093502998, CNNLoss: 0.12310975649394094, ReconLoss: 43.88448295593262
Step 1300/1875, CapsuleLoss: 0.9899938496947288, CNNLoss: 0.11461224054452032, ReconLoss: 45.22821937561035
Step 1400/1875, CapsuleLoss: 0.9324672365188599, CNNLoss: 0.11882087816484273, ReconLoss: 43.90261569976806
Step 1500/1875, CapsuleLoss: 0.9564577695727349, CNNLoss: 0.11840095799416303, ReconLoss: 44.22390110015869
Step 1600/1875, CapsuleLoss: 0.9757472941279411, CNNLoss: 0.1228678818885237, ReconLoss: 44.80100082397461
Step 1700/1875, CapsuleLoss: 0.9722252696752548, CNNLoss: 0.12332972369156778, ReconLoss: 44.59662990570068
Step 1800/1875, CapsuleLoss: 0.9480907556414604, CNNLoss: 0.1286953968927264, ReconLoss: 44.23800727844238
test_accuracy
Epoch: 30 Capsule Accuracy: 0.8831
Epoch: 30 Conv Accuracy: 0.9601
Step 100/1875, CapsuleLoss: 0.9555191990733146, CNNLoss: 0.11059814964421094, ReconLoss: 43.83584133148193
Step 200/1875, CapsuleLoss: 0.9124678719043732, CNNLoss: 0.12611709777265787, ReconLoss: 43.76474830627441
Step 300/1875, CapsuleLoss: 0.8926999959349632, CNNLoss: 0.11440460254903882, ReconLoss: 43.65354537963867
Step 400/1875, CapsuleLoss: 0.9308296236395835, CNNLoss: 0.10123378133866937, ReconLoss: 43.67392894744873
Step 500/1875, CapsuleLoss: 0.8792530006170273, CNNLoss: 0.12024707166478038, ReconLoss: 43.05488655090332
Step 600/1875, CapsuleLoss: 0.8693212464451789, CNNLoss: 0.10547490195836871, ReconLoss: 43.25930068969726
Step 700/1875, CapsuleLoss: 0.9191123285889625, CNNLoss: 0.10809553646715359, ReconLoss: 43.59965579986572
Step 800/1875, CapsuleLoss: 0.8879202085733414, CNNLoss: 0.11517212697770446, ReconLoss: 43.23556297302246
Step 900/1875, CapsuleLoss: 0.8509200721979141, CNNLoss: 0.10355431927368045, ReconLoss: 43.14340950012207
Step 1000/1875, CapsuleLoss: 0.8608747641742229, CNNLoss: 0.11534314290387555, ReconLoss: 42.902961540222165
Step 1100/1875, CapsuleLoss: 0.8833971086144448, CNNLoss: 0.12353552611079067, ReconLoss: 43.17952774047851
Step 1200/1875, CapsuleLoss: 0.9292072129249572, CNNLoss: 0.11967522732913494, ReconLoss: 43.57153450012207
Step 1300/1875, CapsuleLoss: 0.8824451345205307, CNNLoss: 0.11293050955981015, ReconLoss: 43.632016525268554
Step 1400/1875, CapsuleLoss: 0.8474248832464218, CNNLoss: 0.10603255484718829, ReconLoss: 42.744185523986815
Step 1500/1875, CapsuleLoss: 0.8637116754055023, CNNLoss: 0.09516273790039122, ReconLoss: 43.08670631408691
Step 1600/1875, CapsuleLoss: 0.9007496520876884, CNNLoss: 0.09950407540425658, ReconLoss: 43.612176780700686
Step 1700/1875, CapsuleLoss: 0.8637385559082031, CNNLoss: 0.10621675435919314, ReconLoss: 42.85203426361084
Step 1800/1875, CapsuleLoss: 0.8662635001540184, CNNLoss: 0.10694240428507328, ReconLoss: 43.35881542205811
test_accuracy
Epoch: 31 Capsule Accuracy: 0.893
Epoch: 31 Conv Accuracy: 0.966
Step 100/1875, CapsuleLoss: 0.889514855146408, CNNLoss: 0.12216217045672238, ReconLoss: 43.24445743560791
Step 200/1875, CapsuleLoss: 0.845558014512062, CNNLoss: 0.09738604416139424, ReconLoss: 42.71249671936035
Step 300/1875, CapsuleLoss: 0.8607448589801788, CNNLoss: 0.1103295661136508, ReconLoss: 42.88202640533447
Step 400/1875, CapsuleLoss: 0.8380218185484409, CNNLoss: 0.10986929321428761, ReconLoss: 42.899993019104
Step 500/1875, CapsuleLoss: 0.8847680631279945, CNNLoss: 0.1070205528056249, ReconLoss: 43.00769382476807
Step 600/1875, CapsuleLoss: 0.838370111733675, CNNLoss: 0.11473274188116193, ReconLoss: 43.40215980529785
Step 700/1875, CapsuleLoss: 0.8258618867397308, CNNLoss: 0.11486053486354648, ReconLoss: 42.96785446166992
Step 800/1875, CapsuleLoss: 0.8472979089617729, CNNLoss: 0.10814122629817575, ReconLoss: 43.2152131652832
Step 900/1875, CapsuleLoss: 0.8542788591980934, CNNLoss: 0.10486628293991089, ReconLoss: 43.118152160644534
Step 1000/1875, CapsuleLoss: 0.825725308060646, CNNLoss: 0.1056652850843966, ReconLoss: 43.23380126953125
Step 1100/1875, CapsuleLoss: 0.9122584494948387, CNNLoss: 0.11659256265265867, ReconLoss: 43.114948768615726
Step 1200/1875, CapsuleLoss: 0.8397471252083778, CNNLoss: 0.10681321216747165, ReconLoss: 42.842300491333006
Step 1300/1875, CapsuleLoss: 0.8559322845935822, CNNLoss: 0.104016456999816, ReconLoss: 42.51548194885254
Step 1400/1875, CapsuleLoss: 0.8494352495670319, CNNLoss: 0.10794619500637054, ReconLoss: 42.61802913665772
Step 1500/1875, CapsuleLoss: 0.8231170569360257, CNNLoss: 0.09403409045655281, ReconLoss: 42.96124382019043
Step 1600/1875, CapsuleLoss: 0.8507345804572105, CNNLoss: 0.09681622551754117, ReconLoss: 42.638521385192874
Step 1700/1875, CapsuleLoss: 0.793366858959198, CNNLoss: 0.09504465203732253, ReconLoss: 42.66141593933106
Step 1800/1875, CapsuleLoss: 0.8329381874203682, CNNLoss: 0.12069195442833007, ReconLoss: 42.30211536407471
test_accuracy
Epoch: 32 Capsule Accuracy: 0.889
Epoch: 32 Conv Accuracy: 0.9641
Step 100/1875, CapsuleLoss: 0.8649993324279786, CNNLoss: 0.11207345497794449, ReconLoss: 43.07383544921875
Step 200/1875, CapsuleLoss: 0.8941929231584073, CNNLoss: 0.12073346730321646, ReconLoss: 42.96258838653564
Step 300/1875, CapsuleLoss: 0.853262051641941, CNNLoss: 0.10701839173212647, ReconLoss: 43.18276641845703
Step 400/1875, CapsuleLoss: 0.84326973259449, CNNLoss: 0.10308069708757102, ReconLoss: 43.04022945404053
Step 500/1875, CapsuleLoss: 0.8173827782273293, CNNLoss: 0.10689712401712313, ReconLoss: 42.56422519683838
Step 600/1875, CapsuleLoss: 0.8466419354081154, CNNLoss: 0.10384380009025335, ReconLoss: 43.11502983093262
Step 700/1875, CapsuleLoss: 0.8812704691290856, CNNLoss: 0.11655648664105683, ReconLoss: 42.62690437316895
Step 800/1875, CapsuleLoss: 0.8051580107212066, CNNLoss: 0.09357861724216492, ReconLoss: 42.44016712188721
Step 900/1875, CapsuleLoss: 0.8449883475899697, CNNLoss: 0.10225109855644404, ReconLoss: 42.73783088684082
Step 1000/1875, CapsuleLoss: 0.832711574435234, CNNLoss: 0.10750065616564825, ReconLoss: 42.90530124664306
Step 1100/1875, CapsuleLoss: 0.8397079643607139, CNNLoss: 0.1112096059974283, ReconLoss: 41.93711044311524
Step 1200/1875, CapsuleLoss: 0.847786793410778, CNNLoss: 0.10801169001497328, ReconLoss: 42.60031318664551
Step 1300/1875, CapsuleLoss: 0.7978014189004898, CNNLoss: 0.09097344778943807, ReconLoss: 42.444063148498536
Step 1400/1875, CapsuleLoss: 0.7781534478068352, CNNLoss: 0.10039133031852543, ReconLoss: 42.301740646362305
Step 1500/1875, CapsuleLoss: 0.8383656391501426, CNNLoss: 0.09965671392623335, ReconLoss: 43.0864281463623
Step 1600/1875, CapsuleLoss: 0.8435144707560539, CNNLoss: 0.11289607058279216, ReconLoss: 42.596454544067385
Step 1700/1875, CapsuleLoss: 0.8130381155014038, CNNLoss: 0.08834880559705198, ReconLoss: 41.86598457336426
Step 1800/1875, CapsuleLoss: 0.8703638082742691, CNNLoss: 0.09439977238886059, ReconLoss: 42.549131851196286
test_accuracy
Epoch: 33 Capsule Accuracy: 0.8928
Epoch: 33 Conv Accuracy: 0.966
Step 100/1875, CapsuleLoss: 0.8287239170074463, CNNLoss: 0.09988919589668513, ReconLoss: 42.30595081329346
Step 200/1875, CapsuleLoss: 0.8121268677711487, CNNLoss: 0.09497344230301678, ReconLoss: 42.65909042358398
Step 300/1875, CapsuleLoss: 0.8818499778211116, CNNLoss: 0.11746064713224769, ReconLoss: 41.97179836273193
Step 400/1875, CapsuleLoss: 0.8367564103007317, CNNLoss: 0.11155832507647574, ReconLoss: 42.33025451660156
Step 500/1875, CapsuleLoss: 0.7990047027170658, CNNLoss: 0.10569729776587337, ReconLoss: 42.13285984039307
Step 600/1875, CapsuleLoss: 0.8901776383817196, CNNLoss: 0.11455391976283863, ReconLoss: 42.85165454864502
Step 700/1875, CapsuleLoss: 0.8818062663078308, CNNLoss: 0.11247390248812734, ReconLoss: 42.85021495819092
Step 800/1875, CapsuleLoss: 0.8453266078233719, CNNLoss: 0.09853291725739836, ReconLoss: 42.58761741638184
Step 900/1875, CapsuleLoss: 0.7823119387030602, CNNLoss: 0.09873291770927609, ReconLoss: 42.487300109863284
Step 1000/1875, CapsuleLoss: 0.8274374693632126, CNNLoss: 0.08759400225244462, ReconLoss: 42.5147176361084
Step 1100/1875, CapsuleLoss: 0.7319692566990852, CNNLoss: 0.09387493864400312, ReconLoss: 42.4565060043335
Step 1200/1875, CapsuleLoss: 0.780329343676567, CNNLoss: 0.09336413376033306, ReconLoss: 42.6105152130127
Step 1300/1875, CapsuleLoss: 0.8265577071905136, CNNLoss: 0.10034434642642737, ReconLoss: 42.542418518066405
Step 1400/1875, CapsuleLoss: 0.846238304823637, CNNLoss: 0.12236295101931319, ReconLoss: 41.99821250915527
Step 1500/1875, CapsuleLoss: 0.8290838666260243, CNNLoss: 0.11020753712859005, ReconLoss: 42.83489223480225
Step 1600/1875, CapsuleLoss: 0.8230036500096322, CNNLoss: 0.09593991031870246, ReconLoss: 42.01736770629883
Step 1700/1875, CapsuleLoss: 0.8112729904055596, CNNLoss: 0.09030668984167278, ReconLoss: 42.15969699859619
Step 1800/1875, CapsuleLoss: 0.841671698987484, CNNLoss: 0.11864920337218791, ReconLoss: 42.74273490905762
test_accuracy
Epoch: 34 Capsule Accuracy: 0.8957
Epoch: 34 Conv Accuracy: 0.9631
Step 100/1875, CapsuleLoss: 0.856669526398182, CNNLoss: 0.10571800302248448, ReconLoss: 42.09176910400391
Step 200/1875, CapsuleLoss: 0.7685001707077026, CNNLoss: 0.0944180541113019, ReconLoss: 42.403087577819825
Step 300/1875, CapsuleLoss: 0.7908779516816139, CNNLoss: 0.09991140919271857, ReconLoss: 42.639531173706054
Step 400/1875, CapsuleLoss: 0.8263966435194016, CNNLoss: 0.10516632688697428, ReconLoss: 42.05378562927246
Step 500/1875, CapsuleLoss: 0.8636858686804771, CNNLoss: 0.0994633425027132, ReconLoss: 42.72224838256836
Step 600/1875, CapsuleLoss: 0.7918050134181976, CNNLoss: 0.09876946146599948, ReconLoss: 41.97829360961914
Step 700/1875, CapsuleLoss: 0.7716118153929711, CNNLoss: 0.10094735425896943, ReconLoss: 42.45286716461182
Step 800/1875, CapsuleLoss: 0.8042120851576329, CNNLoss: 0.0978740560496226, ReconLoss: 42.48166435241699
Step 900/1875, CapsuleLoss: 0.8452028062939644, CNNLoss: 0.10736769327428192, ReconLoss: 42.53079948425293
Step 1000/1875, CapsuleLoss: 0.7753127589821815, CNNLoss: 0.11048835700843483, ReconLoss: 41.99538124084473
Step 1100/1875, CapsuleLoss: 0.7671543225646019, CNNLoss: 0.09247368341311812, ReconLoss: 41.935662803649905
Step 1200/1875, CapsuleLoss: 0.8097469827532768, CNNLoss: 0.10775519006885588, ReconLoss: 43.103295440673826
Step 1300/1875, CapsuleLoss: 0.8335102847218514, CNNLoss: 0.11110011924989521, ReconLoss: 42.55674049377441
Step 1400/1875, CapsuleLoss: 0.8380637201666832, CNNLoss: 0.09524450754281133, ReconLoss: 42.238342399597165
Step 1500/1875, CapsuleLoss: 0.8075581052899361, CNNLoss: 0.09568603659281508, ReconLoss: 42.08608390808106
Step 1600/1875, CapsuleLoss: 0.8221386276185513, CNNLoss: 0.09936790471430867, ReconLoss: 42.22518890380859
Step 1700/1875, CapsuleLoss: 0.8119582003355026, CNNLoss: 0.09939650270855055, ReconLoss: 42.32166255950928
Step 1800/1875, CapsuleLoss: 0.7893471793830394, CNNLoss: 0.10095495373941958, ReconLoss: 42.52210147857666
test_accuracy
Epoch: 35 Capsule Accuracy: 0.8975
Epoch: 35 Conv Accuracy: 0.9667
Step 100/1875, CapsuleLoss: 0.7916295900940895, CNNLoss: 0.1024128031404689, ReconLoss: 42.320857009887696
Step 200/1875, CapsuleLoss: 0.7668361015617847, CNNLoss: 0.11459941714536398, ReconLoss: 41.96510276794434
Step 300/1875, CapsuleLoss: 0.779477353990078, CNNLoss: 0.09008271509082988, ReconLoss: 42.16878051757813
Step 400/1875, CapsuleLoss: 0.8212540090084076, CNNLoss: 0.10655263436958194, ReconLoss: 42.48347621917725
Step 500/1875, CapsuleLoss: 0.7816413882374763, CNNLoss: 0.0906661614542827, ReconLoss: 42.20391414642334
Step 600/1875, CapsuleLoss: 0.7875001037120819, CNNLoss: 0.10051374414935708, ReconLoss: 42.25620956420899
Step 700/1875, CapsuleLoss: 0.7987356835603714, CNNLoss: 0.09747530021704734, ReconLoss: 42.2993070602417
Step 800/1875, CapsuleLoss: 0.793324656188488, CNNLoss: 0.09432932598516346, ReconLoss: 42.20231815338135
Step 900/1875, CapsuleLoss: 0.8217607051134109, CNNLoss: 0.11014505044324324, ReconLoss: 42.16616237640381
Step 1000/1875, CapsuleLoss: 0.8473530681431294, CNNLoss: 0.1223958949628286, ReconLoss: 42.16770618438721
Step 1100/1875, CapsuleLoss: 0.7568729797005653, CNNLoss: 0.09238611830398441, ReconLoss: 42.29111400604248
Step 1200/1875, CapsuleLoss: 0.7754793953895569, CNNLoss: 0.09282364932354539, ReconLoss: 42.330395469665525
Step 1300/1875, CapsuleLoss: 0.8650472587347031, CNNLoss: 0.1086458149109967, ReconLoss: 42.08605270385742
Step 1400/1875, CapsuleLoss: 0.7727897334098816, CNNLoss: 0.09852128126425669, ReconLoss: 42.48436134338379
Step 1500/1875, CapsuleLoss: 0.8653053586184979, CNNLoss: 0.10449476161971688, ReconLoss: 43.068220710754396
Step 1600/1875, CapsuleLoss: 0.8094758430123329, CNNLoss: 0.11139679635409266, ReconLoss: 42.080356407165525
Step 1700/1875, CapsuleLoss: 0.7857688789069652, CNNLoss: 0.10187328478321434, ReconLoss: 41.660598258972165
Step 1800/1875, CapsuleLoss: 0.8373880115151405, CNNLoss: 0.09798231697175652, ReconLoss: 42.79500755310059
test_accuracy
Epoch: 36 Capsule Accuracy: 0.9021
Epoch: 36 Conv Accuracy: 0.9648
Step 100/1875, CapsuleLoss: 0.8307984095811843, CNNLoss: 0.10639881149400025, ReconLoss: 42.150080070495605
Step 200/1875, CapsuleLoss: 0.801283085346222, CNNLoss: 0.10797664531506598, ReconLoss: 42.45064949035645
Step 300/1875, CapsuleLoss: 0.7888155794143676, CNNLoss: 0.09801577556412668, ReconLoss: 42.29266090393067
Step 400/1875, CapsuleLoss: 0.8201118943095207, CNNLoss: 0.09872265344019979, ReconLoss: 42.566560134887695
Step 500/1875, CapsuleLoss: 0.767380633354187, CNNLoss: 0.08613762595690787, ReconLoss: 42.33944366455078
Step 600/1875, CapsuleLoss: 0.7864934261143207, CNNLoss: 0.10314426271710544, ReconLoss: 41.83957782745361
Step 700/1875, CapsuleLoss: 0.7572798952460289, CNNLoss: 0.09882360084913672, ReconLoss: 42.061362686157224
Step 800/1875, CapsuleLoss: 0.7834037286043167, CNNLoss: 0.10072972639463842, ReconLoss: 41.50434020996094
Step 900/1875, CapsuleLoss: 0.8074335092306137, CNNLoss: 0.09595066297100857, ReconLoss: 41.853572578430175
Step 1000/1875, CapsuleLoss: 0.7958640959858895, CNNLoss: 0.11001217380631716, ReconLoss: 42.1136787033081
Step 1100/1875, CapsuleLoss: 0.7817346039414406, CNNLoss: 0.10826383684761823, ReconLoss: 41.89005813598633
Step 1200/1875, CapsuleLoss: 0.8158473488688469, CNNLoss: 0.10189354523085058, ReconLoss: 41.92504623413086
Step 1300/1875, CapsuleLoss: 0.8011957639455796, CNNLoss: 0.10020503734238445, ReconLoss: 42.497872772216795
Step 1400/1875, CapsuleLoss: 0.8143565149605274, CNNLoss: 0.10411217740736901, ReconLoss: 42.38358654022217
Step 1500/1875, CapsuleLoss: 0.8040103164315223, CNNLoss: 0.09696003350894898, ReconLoss: 41.98698211669922
Step 1600/1875, CapsuleLoss: 0.807293416261673, CNNLoss: 0.09968994333408773, ReconLoss: 41.875099182128906
Step 1700/1875, CapsuleLoss: 0.7734080943465232, CNNLoss: 0.0953081382624805, ReconLoss: 41.36641311645508
Step 1800/1875, CapsuleLoss: 0.8123204505443573, CNNLoss: 0.10238598020281643, ReconLoss: 42.55115264892578
test_accuracy
Epoch: 37 Capsule Accuracy: 0.9014
Epoch: 37 Conv Accuracy: 0.9663
Step 100/1875, CapsuleLoss: 0.7967248669266701, CNNLoss: 0.1165443989308551, ReconLoss: 41.79341449737549
Step 200/1875, CapsuleLoss: 0.7772845503687859, CNNLoss: 0.09915474131237716, ReconLoss: 42.32742511749267
Step 300/1875, CapsuleLoss: 0.7960382041335106, CNNLoss: 0.09727306645829231, ReconLoss: 41.88830509185791
Step 400/1875, CapsuleLoss: 0.8022129091620446, CNNLoss: 0.09322450684150681, ReconLoss: 41.4153759765625
Step 500/1875, CapsuleLoss: 0.7951664184033871, CNNLoss: 0.09007401392795146, ReconLoss: 42.69764518737793
Step 600/1875, CapsuleLoss: 0.7827011692523956, CNNLoss: 0.08515222212299704, ReconLoss: 41.93948539733887
Step 700/1875, CapsuleLoss: 0.8339192380011081, CNNLoss: 0.11283681930741295, ReconLoss: 41.87196865081787
Step 800/1875, CapsuleLoss: 0.8469345223903656, CNNLoss: 0.11409668068401516, ReconLoss: 42.04012817382812
Step 900/1875, CapsuleLoss: 0.7513608652353286, CNNLoss: 0.08845407232176512, ReconLoss: 42.21483264923096
Step 1000/1875, CapsuleLoss: 0.7921703442931175, CNNLoss: 0.09757009541848674, ReconLoss: 42.532660942077634
Step 1100/1875, CapsuleLoss: 0.777487034201622, CNNLoss: 0.1059791762381792, ReconLoss: 41.81691970825195
Step 1200/1875, CapsuleLoss: 0.823621863424778, CNNLoss: 0.10653246141504497, ReconLoss: 41.94498146057129
Step 1300/1875, CapsuleLoss: 0.8014519971609115, CNNLoss: 0.09747761591337621, ReconLoss: 42.03990909576416
Step 1400/1875, CapsuleLoss: 0.804222639799118, CNNLoss: 0.09473163653165102, ReconLoss: 42.12838703155518
Step 1500/1875, CapsuleLoss: 0.7583684718608856, CNNLoss: 0.0970998339029029, ReconLoss: 41.543330612182615
Step 1600/1875, CapsuleLoss: 0.7472461603581906, CNNLoss: 0.08910949517041444, ReconLoss: 42.05835178375244
Step 1700/1875, CapsuleLoss: 0.7924091616272926, CNNLoss: 0.09775425812229514, ReconLoss: 42.04413246154785
Step 1800/1875, CapsuleLoss: 0.8121300917863846, CNNLoss: 0.09205812392756343, ReconLoss: 41.900292778015135
test_accuracy
Epoch: 38 Capsule Accuracy: 0.9045
Epoch: 38 Conv Accuracy: 0.9697
Step 100/1875, CapsuleLoss: 0.763117513358593, CNNLoss: 0.10126959933433682, ReconLoss: 41.908560791015624
Step 200/1875, CapsuleLoss: 0.7746895425021648, CNNLoss: 0.09778752958402037, ReconLoss: 42.201262397766115
Step 300/1875, CapsuleLoss: 0.7719288051128388, CNNLoss: 0.09356649827212095, ReconLoss: 41.793708152770996
Step 400/1875, CapsuleLoss: 0.8198928022384644, CNNLoss: 0.10611938591580838, ReconLoss: 41.77830921173096
Step 500/1875, CapsuleLoss: 0.7966053310036659, CNNLoss: 0.10707201817072928, ReconLoss: 42.10341186523438
Step 600/1875, CapsuleLoss: 0.8019410452246666, CNNLoss: 0.09485272406134754, ReconLoss: 42.1832702255249
Step 700/1875, CapsuleLoss: 0.7649396459758282, CNNLoss: 0.09830320911481977, ReconLoss: 41.81925373077392
Step 800/1875, CapsuleLoss: 0.7821602869033814, CNNLoss: 0.10305928293149919, ReconLoss: 41.977047805786135
Step 900/1875, CapsuleLoss: 0.7721676272153855, CNNLoss: 0.1003161486145109, ReconLoss: 41.71710052490234
Step 1000/1875, CapsuleLoss: 0.7877150064706803, CNNLoss: 0.09474847136531026, ReconLoss: 42.72630294799805
Step 1100/1875, CapsuleLoss: 0.8291765880584717, CNNLoss: 0.08967966853408144, ReconLoss: 42.12233364105224
Step 1200/1875, CapsuleLoss: 0.7728581763803959, CNNLoss: 0.09344200551044196, ReconLoss: 42.07290924072266
Step 1300/1875, CapsuleLoss: 0.7677702245116234, CNNLoss: 0.09727911780122668, ReconLoss: 41.55697540283203
Step 1400/1875, CapsuleLoss: 0.7240564432740212, CNNLoss: 0.09845827931538224, ReconLoss: 41.3385466003418
Step 1500/1875, CapsuleLoss: 0.7933004349470139, CNNLoss: 0.0974368298985064, ReconLoss: 41.90732814788819
Step 1600/1875, CapsuleLoss: 0.7286184459924698, CNNLoss: 0.09886576450429857, ReconLoss: 41.7339591217041
Step 1700/1875, CapsuleLoss: 0.7714683057367802, CNNLoss: 0.10050625341013074, ReconLoss: 41.903433303833005
Step 1800/1875, CapsuleLoss: 0.8295990699529647, CNNLoss: 0.0999597973562777, ReconLoss: 41.65303344726563
test_accuracy
Epoch: 39 Capsule Accuracy: 0.9032
Epoch: 39 Conv Accuracy: 0.9677
Step 100/1875, CapsuleLoss: 0.7809082075953484, CNNLoss: 0.08491237889043987, ReconLoss: 41.92378597259521
Step 200/1875, CapsuleLoss: 0.7644485929608344, CNNLoss: 0.10690220140852034, ReconLoss: 42.053587455749515
Step 300/1875, CapsuleLoss: 0.7744890563189983, CNNLoss: 0.09278487265575677, ReconLoss: 42.13797456741333
Step 400/1875, CapsuleLoss: 0.7792180749773979, CNNLoss: 0.09212447296362371, ReconLoss: 41.528163795471194
Step 500/1875, CapsuleLoss: 0.7897819754481316, CNNLoss: 0.09709768421016633, ReconLoss: 41.55855762481689
Step 600/1875, CapsuleLoss: 0.7779376885294914, CNNLoss: 0.09104635555762798, ReconLoss: 42.16406169891357
Step 700/1875, CapsuleLoss: 0.8034858351945877, CNNLoss: 0.10059102101717145, ReconLoss: 41.71112117767334
Step 800/1875, CapsuleLoss: 0.7793642807006836, CNNLoss: 0.08863725646398962, ReconLoss: 42.03890682220459
Step 900/1875, CapsuleLoss: 0.7826028746366501, CNNLoss: 0.10844654032960534, ReconLoss: 41.995836448669436
Step 1000/1875, CapsuleLoss: 0.7308897249400615, CNNLoss: 0.0903365291445516, ReconLoss: 41.28296684265137
Step 1100/1875, CapsuleLoss: 0.794614020884037, CNNLoss: 0.10335449072532356, ReconLoss: 41.93737236022949
Step 1200/1875, CapsuleLoss: 0.7803310008347034, CNNLoss: 0.10396021147957071, ReconLoss: 41.656602478027345
Step 1300/1875, CapsuleLoss: 0.7859056048095227, CNNLoss: 0.10431331734173, ReconLoss: 41.64311504364014
Step 1400/1875, CapsuleLoss: 0.779981042444706, CNNLoss: 0.10187299083918333, ReconLoss: 41.82091941833496
Step 1500/1875, CapsuleLoss: 0.7865392088890075, CNNLoss: 0.10415666406042874, ReconLoss: 41.834414138793946
Step 1600/1875, CapsuleLoss: 0.7241133597493171, CNNLoss: 0.09639167554210872, ReconLoss: 41.49756031036377
Step 1700/1875, CapsuleLoss: 0.8207132765650749, CNNLoss: 0.10254255760926753, ReconLoss: 42.18201976776123
Step 1800/1875, CapsuleLoss: 0.7650707504153251, CNNLoss: 0.10218982235528529, ReconLoss: 41.011751670837405
test_accuracy
Epoch: 40 Capsule Accuracy: 0.9013
Epoch: 40 Conv Accuracy: 0.9656
Step 100/1875, CapsuleLoss: 0.7352190072834491, CNNLoss: 0.10331979686627164, ReconLoss: 41.6471463394165
Step 200/1875, CapsuleLoss: 0.760717436671257, CNNLoss: 0.09630059168674052, ReconLoss: 41.631073760986325
Step 300/1875, CapsuleLoss: 0.7611680459976197, CNNLoss: 0.10115652244538069, ReconLoss: 42.11470478057861
Step 400/1875, CapsuleLoss: 0.7858354815840721, CNNLoss: 0.09968312641140073, ReconLoss: 41.65183895111084
Step 500/1875, CapsuleLoss: 0.8001278339326382, CNNLoss: 0.11983683412894607, ReconLoss: 41.41025115966797
Step 600/1875, CapsuleLoss: 0.7090032106637955, CNNLoss: 0.08919764480320737, ReconLoss: 41.83613651275635
Step 700/1875, CapsuleLoss: 0.8169988372921944, CNNLoss: 0.11479330410249532, ReconLoss: 41.867292671203614
Step 800/1875, CapsuleLoss: 0.738371305167675, CNNLoss: 0.08728864635340869, ReconLoss: 41.76864452362061
Step 900/1875, CapsuleLoss: 0.7097965094447136, CNNLoss: 0.08138135670684278, ReconLoss: 41.12573406219482
Step 1000/1875, CapsuleLoss: 0.7563826850056649, CNNLoss: 0.10611923863179981, ReconLoss: 40.96735336303711
Step 1100/1875, CapsuleLoss: 0.7896565283834934, CNNLoss: 0.10278517331928015, ReconLoss: 41.92750099182129
Step 1200/1875, CapsuleLoss: 0.7656632953882218, CNNLoss: 0.08987974067218601, ReconLoss: 41.98438793182373
Step 1300/1875, CapsuleLoss: 0.8120273137092591, CNNLoss: 0.09453655930235982, ReconLoss: 41.91788513183594
Step 1400/1875, CapsuleLoss: 0.7595881873369217, CNNLoss: 0.1020621074223891, ReconLoss: 41.35203456878662
Step 1500/1875, CapsuleLoss: 0.7538353087008, CNNLoss: 0.08841139068827034, ReconLoss: 41.65926513671875
Step 1600/1875, CapsuleLoss: 0.7743484380841256, CNNLoss: 0.09336818273179233, ReconLoss: 41.694821968078614
Step 1700/1875, CapsuleLoss: 0.7292384049296379, CNNLoss: 0.08697826696094126, ReconLoss: 41.8985883140564
Step 1800/1875, CapsuleLoss: 0.7191354197263717, CNNLoss: 0.0924041854008101, ReconLoss: 41.23715507507324
test_accuracy
Epoch: 41 Capsule Accuracy: 0.904
Epoch: 41 Conv Accuracy: 0.9656
Step 100/1875, CapsuleLoss: 0.74500243678689, CNNLoss: 0.10030460749752819, ReconLoss: 41.653055114746095
Step 200/1875, CapsuleLoss: 0.755003180205822, CNNLoss: 0.0771700747567229, ReconLoss: 41.581141510009765
Step 300/1875, CapsuleLoss: 0.7228981420397759, CNNLoss: 0.09031998568680137, ReconLoss: 41.39233058929443
Step 400/1875, CapsuleLoss: 0.7514213366806507, CNNLoss: 0.09131929168011993, ReconLoss: 41.13136016845703
Step 500/1875, CapsuleLoss: 0.7433960857987404, CNNLoss: 0.09909661133307963, ReconLoss: 41.75336559295654
Step 600/1875, CapsuleLoss: 0.7628129607439041, CNNLoss: 0.09265659397467971, ReconLoss: 41.303889465332034
Step 700/1875, CapsuleLoss: 0.7300291748344898, CNNLoss: 0.09604086875449866, ReconLoss: 42.16825328826904
Step 800/1875, CapsuleLoss: 0.7439814394712448, CNNLoss: 0.10269345534965396, ReconLoss: 41.51875480651856
Step 900/1875, CapsuleLoss: 0.7887716782093048, CNNLoss: 0.10207822825293988, ReconLoss: 41.90677661895752
Step 1000/1875, CapsuleLoss: 0.7647783690690995, CNNLoss: 0.08342942810617388, ReconLoss: 41.66743431091309
Step 1100/1875, CapsuleLoss: 0.784521786570549, CNNLoss: 0.09471708532655612, ReconLoss: 41.17876247406006
Step 1200/1875, CapsuleLoss: 0.7503819073736667, CNNLoss: 0.08132778505794704, ReconLoss: 41.65217399597168
Step 1300/1875, CapsuleLoss: 0.7701792344450951, CNNLoss: 0.10988696307409555, ReconLoss: 41.266142578125
Step 1400/1875, CapsuleLoss: 0.7539835076034069, CNNLoss: 0.0854863288719207, ReconLoss: 41.88672187805176
Step 1500/1875, CapsuleLoss: 0.7865647993981838, CNNLoss: 0.10569033481180667, ReconLoss: 41.73122425079346
Step 1600/1875, CapsuleLoss: 0.7752432203292847, CNNLoss: 0.10767041354440153, ReconLoss: 41.089799308776854
Step 1700/1875, CapsuleLoss: 0.7544557335972786, CNNLoss: 0.09033411741256714, ReconLoss: 41.939701805114744
Step 1800/1875, CapsuleLoss: 0.7600246435403823, CNNLoss: 0.10172630485147238, ReconLoss: 41.775788383483885
test_accuracy
Epoch: 42 Capsule Accuracy: 0.9061
Epoch: 42 Conv Accuracy: 0.9672
Step 100/1875, CapsuleLoss: 0.7600871410965919, CNNLoss: 0.09547067446634173, ReconLoss: 41.75287227630615
Step 200/1875, CapsuleLoss: 0.7142598871886731, CNNLoss: 0.07942279092036188, ReconLoss: 41.51101509094238
Step 300/1875, CapsuleLoss: 0.7591881176829338, CNNLoss: 0.09876383784925565, ReconLoss: 41.4897876739502
Step 400/1875, CapsuleLoss: 0.7571308636665344, CNNLoss: 0.10581622953293846, ReconLoss: 41.882851104736325
Step 500/1875, CapsuleLoss: 0.7156767190992832, CNNLoss: 0.09013776580337435, ReconLoss: 41.55204689025879
Step 600/1875, CapsuleLoss: 0.7476797670125961, CNNLoss: 0.09330884869210422, ReconLoss: 41.808889350891114
Step 700/1875, CapsuleLoss: 0.7291307961940765, CNNLoss: 0.09482102481182665, ReconLoss: 41.86141536712646
Step 800/1875, CapsuleLoss: 0.8177896717190742, CNNLoss: 0.10543850847519934, ReconLoss: 41.35413803100586
Step 900/1875, CapsuleLoss: 0.7268650710582734, CNNLoss: 0.10149766059126705, ReconLoss: 41.20302879333496
Step 1000/1875, CapsuleLoss: 0.7796801364421845, CNNLoss: 0.09411452461499721, ReconLoss: 40.947393913269046
Step 1100/1875, CapsuleLoss: 0.7493494954705239, CNNLoss: 0.0904418960493058, ReconLoss: 41.245431442260745
Step 1200/1875, CapsuleLoss: 0.7972997403144837, CNNLoss: 0.09000549178570509, ReconLoss: 41.10105297088623
Step 1300/1875, CapsuleLoss: 0.763740963935852, CNNLoss: 0.10004253281280398, ReconLoss: 41.78348949432373
Step 1400/1875, CapsuleLoss: 0.7707433703541756, CNNLoss: 0.10854532855097204, ReconLoss: 41.049645805358885
Step 1500/1875, CapsuleLoss: 0.7417828944325447, CNNLoss: 0.09346444065449759, ReconLoss: 41.67599853515625
Step 1600/1875, CapsuleLoss: 0.7669131587445736, CNNLoss: 0.09398311886005103, ReconLoss: 41.66851177215576
Step 1700/1875, CapsuleLoss: 0.7462079507112503, CNNLoss: 0.09550144051667303, ReconLoss: 41.28918304443359
Step 1800/1875, CapsuleLoss: 0.7536240124702454, CNNLoss: 0.09721532902214676, ReconLoss: 41.27759544372559
test_accuracy
Epoch: 43 Capsule Accuracy: 0.9057
Epoch: 43 Conv Accuracy: 0.9687
slurmstepd: error: *** JOB 7774882 ON r34n2 CANCELLED AT 2021-06-18T19:08:02 DUE TO TIME LIMIT ***
