start running the code
device:  cuda
Net(
  (conv1): GroupConvLayer(1, 16)
  (pool1): PoolingCapsuleLayer(1, 16)
  (conv2): GroupConvLayer(16, 1)
  (pool2): PoolingCapsuleLayer(16, 32)
  (conv3): GroupConvLayer(32, 1)
  (pool3): PoolingCapsuleLayer(32, 32)
  (conv4): GroupConvLayer(32, 1)
  (pool4): PoolingCapsuleLayer(32, 64)
  (conv5): GroupConvLayer(64, 1)
  (pool5): PoolingCapsuleLayer(64, 10)
  (recon1): Linear(in_features=94, out_features=512, bias=True)
  (recon2): Linear(in_features=512, out_features=1024, bias=True)
  (recon3): Linear(in_features=1024, out_features=784, bias=True)
)
/home/dariosa/miniconda3/lib/python3.8/site-packages/torchvision/transforms/transforms.py:1200: UserWarning: Argument resample is deprecated and will be removed since v0.10.0. Please, use interpolation instead
  warnings.warn(
/home/dariosa/miniconda3/lib/python3.8/site-packages/torchvision/transforms/functional.py:935: UserWarning: Argument resample is deprecated and will be removed since v0.10.0. Please, use interpolation instead
  warnings.warn(
tensor(31.2891, device='cuda:0', grad_fn=<AddBackward0>)
tensor(6.6946, device='cuda:0', grad_fn=<AddBackward0>)
tensor(10.6526, device='cuda:0', grad_fn=<AddBackward0>)
tensor(9.0928, device='cuda:0', grad_fn=<AddBackward0>)
tensor(33.5837, device='cuda:0', grad_fn=<AddBackward0>)
tensor(39.8620, device='cuda:0', grad_fn=<AddBackward0>)
tensor(5.6057, device='cuda:0', grad_fn=<AddBackward0>)
tensor(36.7362, device='cuda:0', grad_fn=<AddBackward0>)
tensor(19.2736, device='cuda:0', grad_fn=<AddBackward0>)
tensor(6.2284, device='cuda:0', grad_fn=<AddBackward0>)
tensor(27.7569, device='cuda:0', grad_fn=<AddBackward0>)
tensor(17.3873, device='cuda:0', grad_fn=<AddBackward0>)
tensor(31.1035, device='cuda:0', grad_fn=<AddBackward0>)
tensor(25.8834, device='cuda:0', grad_fn=<AddBackward0>)
tensor(8.6167, device='cuda:0', grad_fn=<AddBackward0>)
tensor(4.7964, device='cuda:0', grad_fn=<AddBackward0>)
tensor(26.2781, device='cuda:0', grad_fn=<AddBackward0>)
tensor(17.1511, device='cuda:0', grad_fn=<AddBackward0>)
tensor(9.8802, device='cuda:0', grad_fn=<AddBackward0>)
tensor(5.6090, device='cuda:0', grad_fn=<AddBackward0>)
tensor(29.1248, device='cuda:0', grad_fn=<AddBackward0>)
tensor(4.3302, device='cuda:0', grad_fn=<AddBackward0>)
tensor(13.9094, device='cuda:0', grad_fn=<AddBackward0>)
tensor(31.5221, device='cuda:0', grad_fn=<AddBackward0>)
tensor(5.6329, device='cuda:0', grad_fn=<AddBackward0>)
tensor(27.5331, device='cuda:0', grad_fn=<AddBackward0>)
tensor(33.4645, device='cuda:0', grad_fn=<AddBackward0>)
tensor(28.0208, device='cuda:0', grad_fn=<AddBackward0>)
tensor(11.9519, device='cuda:0', grad_fn=<AddBackward0>)
tensor(5.2263, device='cuda:0', grad_fn=<AddBackward0>)
tensor(33.5722, device='cuda:0', grad_fn=<AddBackward0>)
tensor(15.9790, device='cuda:0', grad_fn=<AddBackward0>)
tensor(23.5930, device='cuda:0', grad_fn=<AddBackward0>)
tensor(13.5391, device='cuda:0', grad_fn=<AddBackward0>)
tensor(6.3139, device='cuda:0', grad_fn=<AddBackward0>)
tensor(23.9735, device='cuda:0', grad_fn=<AddBackward0>)
tensor(38.5534, device='cuda:0', grad_fn=<AddBackward0>)
tensor(5.1205, device='cuda:0', grad_fn=<AddBackward0>)
tensor(23.5978, device='cuda:0', grad_fn=<AddBackward0>)
tensor(5.7689, device='cuda:0', grad_fn=<AddBackward0>)
tensor(5.1916, device='cuda:0', grad_fn=<AddBackward0>)
tensor(4.1394, device='cuda:0', grad_fn=<AddBackward0>)
tensor(4.5676, device='cuda:0', grad_fn=<AddBackward0>)
tensor(4.1556, device='cuda:0', grad_fn=<AddBackward0>)
tensor(7.1273, device='cuda:0', grad_fn=<AddBackward0>)
tensor(24.5931, device='cuda:0', grad_fn=<AddBackward0>)
tensor(3.8995, device='cuda:0', grad_fn=<AddBackward0>)
tensor(14.4434, device='cuda:0', grad_fn=<AddBackward0>)
tensor(9.0607, device='cuda:0', grad_fn=<AddBackward0>)
tensor(16.1421, device='cuda:0', grad_fn=<AddBackward0>)
tensor(17.1935, device='cuda:0', grad_fn=<AddBackward0>)
tensor(39.0103, device='cuda:0', grad_fn=<AddBackward0>)
tensor(6.8112, device='cuda:0', grad_fn=<AddBackward0>)
tensor(3.9685, device='cuda:0', grad_fn=<AddBackward0>)
tensor(14.3101, device='cuda:0', grad_fn=<AddBackward0>)
tensor(4.2654, device='cuda:0', grad_fn=<AddBackward0>)
tensor(10.5620, device='cuda:0', grad_fn=<AddBackward0>)
tensor(4.2518, device='cuda:0', grad_fn=<AddBackward0>)
tensor(3.9596, device='cuda:0', grad_fn=<AddBackward0>)
tensor(4.0270, device='cuda:0', grad_fn=<AddBackward0>)
tensor(26.5661, device='cuda:0', grad_fn=<AddBackward0>)
tensor(8.2266, device='cuda:0', grad_fn=<AddBackward0>)
tensor(7.5609, device='cuda:0', grad_fn=<AddBackward0>)
tensor(8.7397, device='cuda:0', grad_fn=<AddBackward0>)
tensor(3.8494, device='cuda:0', grad_fn=<AddBackward0>)
tensor(38.0337, device='cuda:0', grad_fn=<AddBackward0>)
tensor(40.3567, device='cuda:0', grad_fn=<AddBackward0>)
tensor(21.3907, device='cuda:0', grad_fn=<AddBackward0>)
tensor(7.5065, device='cuda:0', grad_fn=<AddBackward0>)
tensor(12.3403, device='cuda:0', grad_fn=<AddBackward0>)
tensor(30.6950, device='cuda:0', grad_fn=<AddBackward0>)
tensor(9.4384, device='cuda:0', grad_fn=<AddBackward0>)
tensor(40.0980, device='cuda:0', grad_fn=<AddBackward0>)
tensor(23.1679, device='cuda:0', grad_fn=<AddBackward0>)
tensor(30.8873, device='cuda:0', grad_fn=<AddBackward0>)
tensor(4.1138, device='cuda:0', grad_fn=<AddBackward0>)
tensor(11.6006, device='cuda:0', grad_fn=<AddBackward0>)
tensor(24.9534, device='cuda:0', grad_fn=<AddBackward0>)
tensor(7.4542, device='cuda:0', grad_fn=<AddBackward0>)
tensor(29.7296, device='cuda:0', grad_fn=<AddBackward0>)
tensor(9.7522, device='cuda:0', grad_fn=<AddBackward0>)
tensor(12.4774, device='cuda:0', grad_fn=<AddBackward0>)
tensor(6.6112, device='cuda:0', grad_fn=<AddBackward0>)
tensor(17.2004, device='cuda:0', grad_fn=<AddBackward0>)
tensor(32.8605, device='cuda:0', grad_fn=<AddBackward0>)
tensor(38.0277, device='cuda:0', grad_fn=<AddBackward0>)
tensor(13.6341, device='cuda:0', grad_fn=<AddBackward0>)
tensor(3.9336, device='cuda:0', grad_fn=<AddBackward0>)
tensor(5.7612, device='cuda:0', grad_fn=<AddBackward0>)
tensor(16.5025, device='cuda:0', grad_fn=<AddBackward0>)
tensor(6.0248, device='cuda:0', grad_fn=<AddBackward0>)
tensor(19.6199, device='cuda:0', grad_fn=<AddBackward0>)
tensor(16.1017, device='cuda:0', grad_fn=<AddBackward0>)
tensor(11.4636, device='cuda:0', grad_fn=<AddBackward0>)
tensor(4.9815, device='cuda:0', grad_fn=<AddBackward0>)
tensor(13.9214, device='cuda:0', grad_fn=<AddBackward0>)
tensor(4.4257, device='cuda:0', grad_fn=<AddBackward0>)
tensor(4.7538, device='cuda:0', grad_fn=<AddBackward0>)
tensor(7.9182, device='cuda:0', grad_fn=<AddBackward0>)
tensor(23.4631, device='cuda:0', grad_fn=<AddBackward0>)
Step 100/1875, CapsuleLoss: 0.3599732056260109, CNNLoss: 2.2896288347244265, ReconLoss: 114.91316696166992
tensor(11.6452, device='cuda:0', grad_fn=<AddBackward0>)
tensor(4.0435, device='cuda:0', grad_fn=<AddBackward0>)
tensor(24.9239, device='cuda:0', grad_fn=<AddBackward0>)
tensor(6.9853, device='cuda:0', grad_fn=<AddBackward0>)
tensor(33.1837, device='cuda:0', grad_fn=<AddBackward0>)
tensor(11.2951, device='cuda:0', grad_fn=<AddBackward0>)
tensor(32.3322, device='cuda:0', grad_fn=<AddBackward0>)
tensor(6.0841, device='cuda:0', grad_fn=<AddBackward0>)
tensor(6.6459, device='cuda:0', grad_fn=<AddBackward0>)
tensor(32.4486, device='cuda:0', grad_fn=<AddBackward0>)
tensor(5.5801, device='cuda:0', grad_fn=<AddBackward0>)
tensor(4.3218, device='cuda:0', grad_fn=<AddBackward0>)
tensor(19.5407, device='cuda:0', grad_fn=<AddBackward0>)
tensor(9.2499, device='cuda:0', grad_fn=<AddBackward0>)
tensor(17.4363, device='cuda:0', grad_fn=<AddBackward0>)
tensor(26.7663, device='cuda:0', grad_fn=<AddBackward0>)
tensor(38.5698, device='cuda:0', grad_fn=<AddBackward0>)
tensor(29.2014, device='cuda:0', grad_fn=<AddBackward0>)
tensor(11.7228, device='cuda:0', grad_fn=<AddBackward0>)
tensor(4.9403, device='cuda:0', grad_fn=<AddBackward0>)
tensor(36.1106, device='cuda:0', grad_fn=<AddBackward0>)
tensor(9.3735, device='cuda:0', grad_fn=<AddBackward0>)
tensor(41.3202, device='cuda:0', grad_fn=<AddBackward0>)
tensor(14.2576, device='cuda:0', grad_fn=<AddBackward0>)
tensor(33.6516, device='cuda:0', grad_fn=<AddBackward0>)
tensor(5.6662, device='cuda:0', grad_fn=<AddBackward0>)
tensor(17.2780, device='cuda:0', grad_fn=<AddBackward0>)
tensor(3.8447, device='cuda:0', grad_fn=<AddBackward0>)
tensor(7.5639, device='cuda:0', grad_fn=<AddBackward0>)
tensor(9.8021, device='cuda:0', grad_fn=<AddBackward0>)
tensor(38.4163, device='cuda:0', grad_fn=<AddBackward0>)
tensor(15.2765, device='cuda:0', grad_fn=<AddBackward0>)
tensor(30.0974, device='cuda:0', grad_fn=<AddBackward0>)
tensor(22.1008, device='cuda:0', grad_fn=<AddBackward0>)
tensor(11.5489, device='cuda:0', grad_fn=<AddBackward0>)
tensor(24.8053, device='cuda:0', grad_fn=<AddBackward0>)
tensor(3.7974, device='cuda:0', grad_fn=<AddBackward0>)
tensor(4.5794, device='cuda:0', grad_fn=<AddBackward0>)
tensor(6.9808, device='cuda:0', grad_fn=<AddBackward0>)
tensor(10.3502, device='cuda:0', grad_fn=<AddBackward0>)
tensor(39.6618, device='cuda:0', grad_fn=<AddBackward0>)
tensor(19.9368, device='cuda:0', grad_fn=<AddBackward0>)
tensor(24.1560, device='cuda:0', grad_fn=<AddBackward0>)
tensor(14.0502, device='cuda:0', grad_fn=<AddBackward0>)
tensor(7.9679, device='cuda:0', grad_fn=<AddBackward0>)
tensor(5.3315, device='cuda:0', grad_fn=<AddBackward0>)
tensor(18.2922, device='cuda:0', grad_fn=<AddBackward0>)
tensor(5.3699, device='cuda:0', grad_fn=<AddBackward0>)
tensor(19.8349, device='cuda:0', grad_fn=<AddBackward0>)
tensor(14.4538, device='cuda:0', grad_fn=<AddBackward0>)
tensor(35.4470, device='cuda:0', grad_fn=<AddBackward0>)
tensor(5.9315, device='cuda:0', grad_fn=<AddBackward0>)
tensor(18.9978, device='cuda:0', grad_fn=<AddBackward0>)
tensor(31.5865, device='cuda:0', grad_fn=<AddBackward0>)
tensor(20.4107, device='cuda:0', grad_fn=<AddBackward0>)
tensor(18.3412, device='cuda:0', grad_fn=<AddBackward0>)
tensor(8.8115, device='cuda:0', grad_fn=<AddBackward0>)
tensor(24.1868, device='cuda:0', grad_fn=<AddBackward0>)
tensor(14.5124, device='cuda:0', grad_fn=<AddBackward0>)
tensor(16.9153, device='cuda:0', grad_fn=<AddBackward0>)
tensor(33.3898, device='cuda:0', grad_fn=<AddBackward0>)
tensor(40.7249, device='cuda:0', grad_fn=<AddBackward0>)
tensor(3.7973, device='cuda:0', grad_fn=<AddBackward0>)
tensor(22.4299, device='cuda:0', grad_fn=<AddBackward0>)
tensor(13.0218, device='cuda:0', grad_fn=<AddBackward0>)
tensor(10.9806, device='cuda:0', grad_fn=<AddBackward0>)
tensor(5.2533, device='cuda:0', grad_fn=<AddBackward0>)
tensor(37.8130, device='cuda:0', grad_fn=<AddBackward0>)
tensor(5.9325, device='cuda:0', grad_fn=<AddBackward0>)
tensor(12.7483, device='cuda:0', grad_fn=<AddBackward0>)
tensor(17.9330, device='cuda:0', grad_fn=<AddBackward0>)
tensor(16.2168, device='cuda:0', grad_fn=<AddBackward0>)
tensor(4.1650, device='cuda:0', grad_fn=<AddBackward0>)
tensor(6.9151, device='cuda:0', grad_fn=<AddBackward0>)
tensor(4.8036, device='cuda:0', grad_fn=<AddBackward0>)
tensor(35.4180, device='cuda:0', grad_fn=<AddBackward0>)
tensor(4.2324, device='cuda:0', grad_fn=<AddBackward0>)
tensor(8.7313, device='cuda:0', grad_fn=<AddBackward0>)
tensor(6.4742, device='cuda:0', grad_fn=<AddBackward0>)
tensor(27.9490, device='cuda:0', grad_fn=<AddBackward0>)
tensor(26.3243, device='cuda:0', grad_fn=<AddBackward0>)
tensor(3.6401, device='cuda:0', grad_fn=<AddBackward0>)
tensor(38.7316, device='cuda:0', grad_fn=<AddBackward0>)
tensor(40.4862, device='cuda:0', grad_fn=<AddBackward0>)
tensor(34.2579, device='cuda:0', grad_fn=<AddBackward0>)
tensor(4.0073, device='cuda:0', grad_fn=<AddBackward0>)
tensor(3.8718, device='cuda:0', grad_fn=<AddBackward0>)
tensor(12.8623, device='cuda:0', grad_fn=<AddBackward0>)
tensor(33.6502, device='cuda:0', grad_fn=<AddBackward0>)
tensor(9.5549, device='cuda:0', grad_fn=<AddBackward0>)
tensor(4.9433, device='cuda:0', grad_fn=<AddBackward0>)
tensor(3.7610, device='cuda:0', grad_fn=<AddBackward0>)
tensor(36.3797, device='cuda:0', grad_fn=<AddBackward0>)
tensor(32.4456, device='cuda:0', grad_fn=<AddBackward0>)
tensor(6.1965, device='cuda:0', grad_fn=<AddBackward0>)
tensor(11.5125, device='cuda:0', grad_fn=<AddBackward0>)
tensor(17.8391, device='cuda:0', grad_fn=<AddBackward0>)
tensor(8.6658, device='cuda:0', grad_fn=<AddBackward0>)
tensor(7.0950, device='cuda:0', grad_fn=<AddBackward0>)
tensor(5.6618, device='cuda:0', grad_fn=<AddBackward0>)
Step 200/1875, CapsuleLoss: 0.3598569294810295, CNNLoss: 2.216409213542938, ReconLoss: 95.89392692565917
tensor(18.1695, device='cuda:0', grad_fn=<AddBackward0>)
tensor(14.4899, device='cuda:0', grad_fn=<AddBackward0>)
tensor(4.2885, device='cuda:0', grad_fn=<AddBackward0>)
tensor(9.5804, device='cuda:0', grad_fn=<AddBackward0>)
tensor(9.3397, device='cuda:0', grad_fn=<AddBackward0>)
tensor(6.1449, device='cuda:0', grad_fn=<AddBackward0>)
tensor(10.9049, device='cuda:0', grad_fn=<AddBackward0>)
tensor(6.6376, device='cuda:0', grad_fn=<AddBackward0>)
tensor(17.7419, device='cuda:0', grad_fn=<AddBackward0>)
tensor(20.1119, device='cuda:0', grad_fn=<AddBackward0>)
tensor(19.4389, device='cuda:0', grad_fn=<AddBackward0>)
tensor(33.0894, device='cuda:0', grad_fn=<AddBackward0>)
tensor(26.2149, device='cuda:0', grad_fn=<AddBackward0>)
tensor(4.3370, device='cuda:0', grad_fn=<AddBackward0>)
tensor(7.1533, device='cuda:0', grad_fn=<AddBackward0>)
tensor(27.5719, device='cuda:0', grad_fn=<AddBackward0>)
tensor(9.2502, device='cuda:0', grad_fn=<AddBackward0>)
tensor(32.8010, device='cuda:0', grad_fn=<AddBackward0>)
tensor(20.0025, device='cuda:0', grad_fn=<AddBackward0>)
tensor(33.7847, device='cuda:0', grad_fn=<AddBackward0>)
tensor(9.8301, device='cuda:0', grad_fn=<AddBackward0>)
tensor(3.8813, device='cuda:0', grad_fn=<AddBackward0>)
tensor(13.0661, device='cuda:0', grad_fn=<AddBackward0>)
tensor(5.7058, device='cuda:0', grad_fn=<AddBackward0>)
tensor(13.2760, device='cuda:0', grad_fn=<AddBackward0>)
tensor(29.4264, device='cuda:0', grad_fn=<AddBackward0>)
tensor(19.2540, device='cuda:0', grad_fn=<AddBackward0>)
tensor(12.0438, device='cuda:0', grad_fn=<AddBackward0>)
tensor(4.8199, device='cuda:0', grad_fn=<AddBackward0>)
tensor(42.9918, device='cuda:0', grad_fn=<AddBackward0>)
tensor(36.2576, device='cuda:0', grad_fn=<AddBackward0>)
tensor(38.1202, device='cuda:0', grad_fn=<AddBackward0>)
tensor(4.2374, device='cuda:0', grad_fn=<AddBackward0>)
tensor(15.4422, device='cuda:0', grad_fn=<AddBackward0>)
tensor(17.0264, device='cuda:0', grad_fn=<AddBackward0>)
tensor(4.0136, device='cuda:0', grad_fn=<AddBackward0>)
tensor(15.1221, device='cuda:0', grad_fn=<AddBackward0>)
tensor(18.2888, device='cuda:0', grad_fn=<AddBackward0>)
tensor(8.1192, device='cuda:0', grad_fn=<AddBackward0>)
tensor(41.3442, device='cuda:0', grad_fn=<AddBackward0>)
tensor(13.9293, device='cuda:0', grad_fn=<AddBackward0>)
tensor(31.4373, device='cuda:0', grad_fn=<AddBackward0>)
tensor(20.1207, device='cuda:0', grad_fn=<AddBackward0>)
tensor(37.8429, device='cuda:0', grad_fn=<AddBackward0>)
tensor(21.0507, device='cuda:0', grad_fn=<AddBackward0>)
tensor(8.2215, device='cuda:0', grad_fn=<AddBackward0>)
tensor(33.3113, device='cuda:0', grad_fn=<AddBackward0>)
tensor(22.1656, device='cuda:0', grad_fn=<AddBackward0>)
tensor(38.8690, device='cuda:0', grad_fn=<AddBackward0>)
tensor(5.8886, device='cuda:0', grad_fn=<AddBackward0>)
tensor(28.0664, device='cuda:0', grad_fn=<AddBackward0>)
tensor(40.6963, device='cuda:0', grad_fn=<AddBackward0>)
tensor(24.5861, device='cuda:0', grad_fn=<AddBackward0>)
tensor(4.5303, device='cuda:0', grad_fn=<AddBackward0>)
tensor(4.9658, device='cuda:0', grad_fn=<AddBackward0>)
tensor(24.5309, device='cuda:0', grad_fn=<AddBackward0>)
tensor(13.9377, device='cuda:0', grad_fn=<AddBackward0>)
tensor(17.1012, device='cuda:0', grad_fn=<AddBackward0>)
tensor(37.8047, device='cuda:0', grad_fn=<AddBackward0>)
tensor(7.8358, device='cuda:0', grad_fn=<AddBackward0>)
tensor(13.6964, device='cuda:0', grad_fn=<AddBackward0>)
tensor(6.1021, device='cuda:0', grad_fn=<AddBackward0>)
tensor(5.3609, device='cuda:0', grad_fn=<AddBackward0>)
tensor(19.6496, device='cuda:0', grad_fn=<AddBackward0>)
tensor(13.1774, device='cuda:0', grad_fn=<AddBackward0>)
tensor(5.9190, device='cuda:0', grad_fn=<AddBackward0>)
tensor(4.0520, device='cuda:0', grad_fn=<AddBackward0>)
tensor(21.8431, device='cuda:0', grad_fn=<AddBackward0>)
tensor(34.3737, device='cuda:0', grad_fn=<AddBackward0>)
tensor(14.9845, device='cuda:0', grad_fn=<AddBackward0>)
tensor(31.9713, device='cuda:0', grad_fn=<AddBackward0>)
tensor(4.1118, device='cuda:0', grad_fn=<AddBackward0>)
tensor(31.1914, device='cuda:0', grad_fn=<AddBackward0>)
tensor(43.6200, device='cuda:0', grad_fn=<AddBackward0>)
tensor(28.3125, device='cuda:0', grad_fn=<AddBackward0>)
tensor(12.3735, device='cuda:0', grad_fn=<AddBackward0>)
tensor(4.0674, device='cuda:0', grad_fn=<AddBackward0>)
tensor(4.2133, device='cuda:0', grad_fn=<AddBackward0>)
tensor(22.8538, device='cuda:0', grad_fn=<AddBackward0>)
tensor(5.2798, device='cuda:0', grad_fn=<AddBackward0>)
tensor(33.3146, device='cuda:0', grad_fn=<AddBackward0>)
tensor(27.2256, device='cuda:0', grad_fn=<AddBackward0>)
tensor(12.2838, device='cuda:0', grad_fn=<AddBackward0>)
tensor(11.7747, device='cuda:0', grad_fn=<AddBackward0>)
tensor(4.0259, device='cuda:0', grad_fn=<AddBackward0>)
tensor(4.6260, device='cuda:0', grad_fn=<AddBackward0>)
tensor(12.5075, device='cuda:0', grad_fn=<AddBackward0>)
tensor(4.0400, device='cuda:0', grad_fn=<AddBackward0>)
tensor(26.1392, device='cuda:0', grad_fn=<AddBackward0>)
tensor(4.2606, device='cuda:0', grad_fn=<AddBackward0>)
tensor(4.0598, device='cuda:0', grad_fn=<AddBackward0>)
tensor(11.3618, device='cuda:0', grad_fn=<AddBackward0>)
tensor(17.6170, device='cuda:0', grad_fn=<AddBackward0>)
tensor(4.7099, device='cuda:0', grad_fn=<AddBackward0>)
tensor(13.1048, device='cuda:0', grad_fn=<AddBackward0>)
tensor(12.7356, device='cuda:0', grad_fn=<AddBackward0>)
tensor(28.4573, device='cuda:0', grad_fn=<AddBackward0>)
tensor(5.2094, device='cuda:0', grad_fn=<AddBackward0>)
tensor(9.9016, device='cuda:0', grad_fn=<AddBackward0>)
tensor(4.0196, device='cuda:0', grad_fn=<AddBackward0>)
Step 300/1875, CapsuleLoss: 0.36012142717838286, CNNLoss: 2.2386894702911375, ReconLoss: 95.64544494628906
tensor(21.7781, device='cuda:0', grad_fn=<AddBackward0>)
tensor(39.7492, device='cuda:0', grad_fn=<AddBackward0>)
tensor(9.6759, device='cuda:0', grad_fn=<AddBackward0>)
tensor(8.5517, device='cuda:0', grad_fn=<AddBackward0>)
tensor(13.4445, device='cuda:0', grad_fn=<AddBackward0>)
tensor(14.7391, device='cuda:0', grad_fn=<AddBackward0>)
tensor(14.2842, device='cuda:0', grad_fn=<AddBackward0>)
tensor(40.3545, device='cuda:0', grad_fn=<AddBackward0>)
tensor(5.2620, device='cuda:0', grad_fn=<AddBackward0>)
tensor(4.1011, device='cuda:0', grad_fn=<AddBackward0>)
tensor(3.9885, device='cuda:0', grad_fn=<AddBackward0>)
tensor(17.8667, device='cuda:0', grad_fn=<AddBackward0>)
tensor(5.2594, device='cuda:0', grad_fn=<AddBackward0>)
tensor(3.9635, device='cuda:0', grad_fn=<AddBackward0>)
tensor(27.8992, device='cuda:0', grad_fn=<AddBackward0>)
tensor(18.0486, device='cuda:0', grad_fn=<AddBackward0>)
tensor(16.7326, device='cuda:0', grad_fn=<AddBackward0>)
tensor(4.4974, device='cuda:0', grad_fn=<AddBackward0>)
tensor(19.6021, device='cuda:0', grad_fn=<AddBackward0>)
tensor(13.8565, device='cuda:0', grad_fn=<AddBackward0>)
tensor(9.8318, device='cuda:0', grad_fn=<AddBackward0>)
tensor(24.6044, device='cuda:0', grad_fn=<AddBackward0>)
tensor(31.7644, device='cuda:0', grad_fn=<AddBackward0>)
tensor(8.3504, device='cuda:0', grad_fn=<AddBackward0>)
tensor(23.0442, device='cuda:0', grad_fn=<AddBackward0>)
tensor(18.4167, device='cuda:0', grad_fn=<AddBackward0>)
tensor(15.8390, device='cuda:0', grad_fn=<AddBackward0>)
tensor(15.5138, device='cuda:0', grad_fn=<AddBackward0>)
tensor(24.7178, device='cuda:0', grad_fn=<AddBackward0>)
tensor(34.2201, device='cuda:0', grad_fn=<AddBackward0>)
tensor(38.5556, device='cuda:0', grad_fn=<AddBackward0>)
tensor(22.3112, device='cuda:0', grad_fn=<AddBackward0>)
tensor(5.5432, device='cuda:0', grad_fn=<AddBackward0>)
tensor(7.2387, device='cuda:0', grad_fn=<AddBackward0>)
tensor(12.3594, device='cuda:0', grad_fn=<AddBackward0>)
tensor(33.1387, device='cuda:0', grad_fn=<AddBackward0>)
tensor(20.3516, device='cuda:0', grad_fn=<AddBackward0>)
tensor(9.1611, device='cuda:0', grad_fn=<AddBackward0>)
tensor(36.5978, device='cuda:0', grad_fn=<AddBackward0>)
tensor(35.1768, device='cuda:0', grad_fn=<AddBackward0>)
tensor(4.0940, device='cuda:0', grad_fn=<AddBackward0>)
tensor(17.0277, device='cuda:0', grad_fn=<AddBackward0>)
tensor(11.0232, device='cuda:0', grad_fn=<AddBackward0>)
tensor(7.9848, device='cuda:0', grad_fn=<AddBackward0>)
tensor(21.6758, device='cuda:0', grad_fn=<AddBackward0>)
tensor(4.5685, device='cuda:0', grad_fn=<AddBackward0>)
tensor(4.0617, device='cuda:0', grad_fn=<AddBackward0>)
tensor(6.2606, device='cuda:0', grad_fn=<AddBackward0>)
tensor(14.1839, device='cuda:0', grad_fn=<AddBackward0>)
tensor(22.6689, device='cuda:0', grad_fn=<AddBackward0>)
tensor(35.4230, device='cuda:0', grad_fn=<AddBackward0>)
tensor(26.4174, device='cuda:0', grad_fn=<AddBackward0>)
tensor(4.1693, device='cuda:0', grad_fn=<AddBackward0>)
tensor(19.2573, device='cuda:0', grad_fn=<AddBackward0>)
tensor(19.4355, device='cuda:0', grad_fn=<AddBackward0>)
tensor(9.1335, device='cuda:0', grad_fn=<AddBackward0>)
tensor(8.4792, device='cuda:0', grad_fn=<AddBackward0>)
tensor(13.6293, device='cuda:0', grad_fn=<AddBackward0>)
tensor(6.1269, device='cuda:0', grad_fn=<AddBackward0>)
tensor(9.1424, device='cuda:0', grad_fn=<AddBackward0>)
tensor(3.9828, device='cuda:0', grad_fn=<AddBackward0>)
tensor(31.8892, device='cuda:0', grad_fn=<AddBackward0>)
tensor(11.4633, device='cuda:0', grad_fn=<AddBackward0>)
tensor(16.3312, device='cuda:0', grad_fn=<AddBackward0>)
tensor(6.3030, device='cuda:0', grad_fn=<AddBackward0>)
tensor(12.6377, device='cuda:0', grad_fn=<AddBackward0>)
tensor(41.4359, device='cuda:0', grad_fn=<AddBackward0>)
tensor(6.9421, device='cuda:0', grad_fn=<AddBackward0>)
tensor(3.9533, device='cuda:0', grad_fn=<AddBackward0>)
tensor(6.4733, device='cuda:0', grad_fn=<AddBackward0>)
tensor(27.8170, device='cuda:0', grad_fn=<AddBackward0>)
tensor(4.1337, device='cuda:0', grad_fn=<AddBackward0>)
tensor(6.6202, device='cuda:0', grad_fn=<AddBackward0>)
tensor(32.9207, device='cuda:0', grad_fn=<AddBackward0>)
tensor(4.0440, device='cuda:0', grad_fn=<AddBackward0>)
tensor(30.9606, device='cuda:0', grad_fn=<AddBackward0>)
tensor(32.9526, device='cuda:0', grad_fn=<AddBackward0>)
tensor(20.9784, device='cuda:0', grad_fn=<AddBackward0>)
tensor(3.9132, device='cuda:0', grad_fn=<AddBackward0>)
tensor(4.9234, device='cuda:0', grad_fn=<AddBackward0>)
tensor(27.1944, device='cuda:0', grad_fn=<AddBackward0>)
tensor(27.5482, device='cuda:0', grad_fn=<AddBackward0>)
tensor(6.2408, device='cuda:0', grad_fn=<AddBackward0>)
tensor(23.7953, device='cuda:0', grad_fn=<AddBackward0>)
tensor(33.4113, device='cuda:0', grad_fn=<AddBackward0>)
tensor(14.0320, device='cuda:0', grad_fn=<AddBackward0>)
tensor(24.8474, device='cuda:0', grad_fn=<AddBackward0>)
tensor(3.9789, device='cuda:0', grad_fn=<AddBackward0>)
tensor(18.1073, device='cuda:0', grad_fn=<AddBackward0>)
tensor(17.9434, device='cuda:0', grad_fn=<AddBackward0>)
tensor(28.7016, device='cuda:0', grad_fn=<AddBackward0>)
tensor(5.7781, device='cuda:0', grad_fn=<AddBackward0>)
tensor(4.0846, device='cuda:0', grad_fn=<AddBackward0>)
tensor(6.0046, device='cuda:0', grad_fn=<AddBackward0>)
tensor(28.1388, device='cuda:0', grad_fn=<AddBackward0>)
tensor(4.4355, device='cuda:0', grad_fn=<AddBackward0>)
tensor(8.1720, device='cuda:0', grad_fn=<AddBackward0>)
tensor(25.7971, device='cuda:0', grad_fn=<AddBackward0>)
tensor(21.9840, device='cuda:0', grad_fn=<AddBackward0>)
tensor(15.2147, device='cuda:0', grad_fn=<AddBackward0>)
Step 400/1875, CapsuleLoss: 0.36065916597843173, CNNLoss: 2.1601354908943176, ReconLoss: 95.71905921936035
tensor(30.3100, device='cuda:0', grad_fn=<AddBackward0>)
tensor(17.7884, device='cuda:0', grad_fn=<AddBackward0>)
tensor(22.4869, device='cuda:0', grad_fn=<AddBackward0>)
tensor(11.9429, device='cuda:0', grad_fn=<AddBackward0>)
tensor(17.2696, device='cuda:0', grad_fn=<AddBackward0>)
tensor(6.1294, device='cuda:0', grad_fn=<AddBackward0>)
tensor(23.3661, device='cuda:0', grad_fn=<AddBackward0>)
tensor(3.9429, device='cuda:0', grad_fn=<AddBackward0>)
tensor(22.0291, device='cuda:0', grad_fn=<AddBackward0>)
tensor(21.2081, device='cuda:0', grad_fn=<AddBackward0>)
tensor(29.5314, device='cuda:0', grad_fn=<AddBackward0>)
tensor(6.5386, device='cuda:0', grad_fn=<AddBackward0>)
tensor(4.0246, device='cuda:0', grad_fn=<AddBackward0>)
tensor(18.0220, device='cuda:0', grad_fn=<AddBackward0>)
tensor(16.5075, device='cuda:0', grad_fn=<AddBackward0>)
tensor(40.6338, device='cuda:0', grad_fn=<AddBackward0>)
tensor(8.1316, device='cuda:0', grad_fn=<AddBackward0>)
tensor(6.0477, device='cuda:0', grad_fn=<AddBackward0>)
tensor(24.0230, device='cuda:0', grad_fn=<AddBackward0>)
tensor(11.3781, device='cuda:0', grad_fn=<AddBackward0>)
tensor(33.6642, device='cuda:0', grad_fn=<AddBackward0>)
tensor(7.0186, device='cuda:0', grad_fn=<AddBackward0>)
tensor(9.1724, device='cuda:0', grad_fn=<AddBackward0>)
tensor(19.8313, device='cuda:0', grad_fn=<AddBackward0>)
tensor(5.8962, device='cuda:0', grad_fn=<AddBackward0>)
tensor(9.8377, device='cuda:0', grad_fn=<AddBackward0>)
tensor(32.1228, device='cuda:0', grad_fn=<AddBackward0>)
tensor(16.9468, device='cuda:0', grad_fn=<AddBackward0>)
tensor(7.4839, device='cuda:0', grad_fn=<AddBackward0>)
tensor(16.2855, device='cuda:0', grad_fn=<AddBackward0>)
tensor(4.9909, device='cuda:0', grad_fn=<AddBackward0>)
tensor(15.6002, device='cuda:0', grad_fn=<AddBackward0>)
tensor(6.4806, device='cuda:0', grad_fn=<AddBackward0>)
tensor(4.3649, device='cuda:0', grad_fn=<AddBackward0>)
tensor(11.9224, device='cuda:0', grad_fn=<AddBackward0>)
tensor(19.2753, device='cuda:0', grad_fn=<AddBackward0>)
tensor(9.0101, device='cuda:0', grad_fn=<AddBackward0>)
tensor(3.9602, device='cuda:0', grad_fn=<AddBackward0>)
tensor(34.0680, device='cuda:0', grad_fn=<AddBackward0>)
tensor(3.9452, device='cuda:0', grad_fn=<AddBackward0>)
tensor(9.5890, device='cuda:0', grad_fn=<AddBackward0>)
tensor(4.5641, device='cuda:0', grad_fn=<AddBackward0>)
tensor(11.7193, device='cuda:0', grad_fn=<AddBackward0>)
tensor(21.3161, device='cuda:0', grad_fn=<AddBackward0>)
tensor(11.5122, device='cuda:0', grad_fn=<AddBackward0>)
tensor(5.9855, device='cuda:0', grad_fn=<AddBackward0>)
tensor(24.5859, device='cuda:0', grad_fn=<AddBackward0>)
tensor(41.8534, device='cuda:0', grad_fn=<AddBackward0>)
tensor(4.7608, device='cuda:0', grad_fn=<AddBackward0>)
tensor(4.5917, device='cuda:0', grad_fn=<AddBackward0>)
tensor(4.0827, device='cuda:0', grad_fn=<AddBackward0>)
tensor(3.9292, device='cuda:0', grad_fn=<AddBackward0>)
tensor(8.4813, device='cuda:0', grad_fn=<AddBackward0>)
tensor(3.7642, device='cuda:0', grad_fn=<AddBackward0>)
tensor(12.2169, device='cuda:0', grad_fn=<AddBackward0>)
tensor(9.9454, device='cuda:0', grad_fn=<AddBackward0>)
tensor(3.9317, device='cuda:0', grad_fn=<AddBackward0>)
tensor(30.8265, device='cuda:0', grad_fn=<AddBackward0>)
tensor(4.8050, device='cuda:0', grad_fn=<AddBackward0>)
tensor(4.5614, device='cuda:0', grad_fn=<AddBackward0>)
tensor(4.0654, device='cuda:0', grad_fn=<AddBackward0>)
tensor(3.9700, device='cuda:0', grad_fn=<AddBackward0>)
tensor(22.1951, device='cuda:0', grad_fn=<AddBackward0>)
tensor(8.9476, device='cuda:0', grad_fn=<AddBackward0>)
tensor(13.8230, device='cuda:0', grad_fn=<AddBackward0>)
tensor(17.7005, device='cuda:0', grad_fn=<AddBackward0>)
tensor(4.1148, device='cuda:0', grad_fn=<AddBackward0>)
tensor(29.1921, device='cuda:0', grad_fn=<AddBackward0>)
tensor(3.8726, device='cuda:0', grad_fn=<AddBackward0>)
tensor(16.0422, device='cuda:0', grad_fn=<AddBackward0>)
tensor(36.5056, device='cuda:0', grad_fn=<AddBackward0>)
tensor(38.2135, device='cuda:0', grad_fn=<AddBackward0>)
tensor(15.5215, device='cuda:0', grad_fn=<AddBackward0>)
tensor(4.0404, device='cuda:0', grad_fn=<AddBackward0>)
tensor(33.4586, device='cuda:0', grad_fn=<AddBackward0>)
tensor(23.0644, device='cuda:0', grad_fn=<AddBackward0>)
tensor(4.0413, device='cuda:0', grad_fn=<AddBackward0>)
tensor(16.9224, device='cuda:0', grad_fn=<AddBackward0>)
tensor(6.4430, device='cuda:0', grad_fn=<AddBackward0>)
tensor(10.1688, device='cuda:0', grad_fn=<AddBackward0>)
tensor(5.8015, device='cuda:0', grad_fn=<AddBackward0>)
tensor(23.6949, device='cuda:0', grad_fn=<AddBackward0>)
tensor(3.7265, device='cuda:0', grad_fn=<AddBackward0>)
tensor(20.0995, device='cuda:0', grad_fn=<AddBackward0>)
tensor(4.1022, device='cuda:0', grad_fn=<AddBackward0>)
tensor(17.3156, device='cuda:0', grad_fn=<AddBackward0>)
tensor(4.1487, device='cuda:0', grad_fn=<AddBackward0>)
tensor(28.7064, device='cuda:0', grad_fn=<AddBackward0>)
tensor(20.4038, device='cuda:0', grad_fn=<AddBackward0>)
tensor(5.0611, device='cuda:0', grad_fn=<AddBackward0>)
tensor(17.5794, device='cuda:0', grad_fn=<AddBackward0>)
tensor(5.7931, device='cuda:0', grad_fn=<AddBackward0>)
tensor(11.9003, device='cuda:0', grad_fn=<AddBackward0>)
tensor(28.1083, device='cuda:0', grad_fn=<AddBackward0>)
tensor(16.7013, device='cuda:0', grad_fn=<AddBackward0>)
tensor(18.7365, device='cuda:0', grad_fn=<AddBackward0>)
tensor(7.6292, device='cuda:0', grad_fn=<AddBackward0>)
tensor(26.0451, device='cuda:0', grad_fn=<AddBackward0>)
tensor(6.1489, device='cuda:0', grad_fn=<AddBackward0>)
tensor(14.8540, device='cuda:0', grad_fn=<AddBackward0>)
Step 500/1875, CapsuleLoss: 0.3595185473561287, CNNLoss: 2.1667232155799865, ReconLoss: 95.67961868286133
tensor(10.3764, device='cuda:0', grad_fn=<AddBackward0>)
tensor(3.8071, device='cuda:0', grad_fn=<AddBackward0>)
tensor(8.6050, device='cuda:0', grad_fn=<AddBackward0>)
tensor(4.7979, device='cuda:0', grad_fn=<AddBackward0>)
tensor(9.2049, device='cuda:0', grad_fn=<AddBackward0>)
tensor(19.3120, device='cuda:0', grad_fn=<AddBackward0>)
tensor(5.6231, device='cuda:0', grad_fn=<AddBackward0>)
tensor(26.2118, device='cuda:0', grad_fn=<AddBackward0>)
tensor(31.0074, device='cuda:0', grad_fn=<AddBackward0>)
tensor(14.9233, device='cuda:0', grad_fn=<AddBackward0>)
tensor(19.1837, device='cuda:0', grad_fn=<AddBackward0>)
tensor(8.6784, device='cuda:0', grad_fn=<AddBackward0>)
tensor(19.8493, device='cuda:0', grad_fn=<AddBackward0>)
tensor(4.1488, device='cuda:0', grad_fn=<AddBackward0>)
tensor(37.8358, device='cuda:0', grad_fn=<AddBackward0>)
tensor(4.1703, device='cuda:0', grad_fn=<AddBackward0>)
tensor(4.3999, device='cuda:0', grad_fn=<AddBackward0>)
tensor(20.6973, device='cuda:0', grad_fn=<AddBackward0>)
tensor(18.7044, device='cuda:0', grad_fn=<AddBackward0>)
tensor(6.8845, device='cuda:0', grad_fn=<AddBackward0>)
tensor(4.7432, device='cuda:0', grad_fn=<AddBackward0>)
tensor(5.8905, device='cuda:0', grad_fn=<AddBackward0>)
tensor(22.8929, device='cuda:0', grad_fn=<AddBackward0>)
tensor(32.4198, device='cuda:0', grad_fn=<AddBackward0>)
tensor(25.7649, device='cuda:0', grad_fn=<AddBackward0>)
tensor(7.6267, device='cuda:0', grad_fn=<AddBackward0>)
tensor(28.2298, device='cuda:0', grad_fn=<AddBackward0>)
tensor(4.1428, device='cuda:0', grad_fn=<AddBackward0>)
tensor(5.0780, device='cuda:0', grad_fn=<AddBackward0>)
tensor(5.0737, device='cuda:0', grad_fn=<AddBackward0>)
tensor(3.9193, device='cuda:0', grad_fn=<AddBackward0>)
tensor(8.6752, device='cuda:0', grad_fn=<AddBackward0>)
tensor(6.6764, device='cuda:0', grad_fn=<AddBackward0>)
tensor(9.9360, device='cuda:0', grad_fn=<AddBackward0>)
tensor(27.0475, device='cuda:0', grad_fn=<AddBackward0>)
tensor(7.4333, device='cuda:0', grad_fn=<AddBackward0>)
tensor(32.6522, device='cuda:0', grad_fn=<AddBackward0>)
tensor(6.3242, device='cuda:0', grad_fn=<AddBackward0>)
tensor(5.9996, device='cuda:0', grad_fn=<AddBackward0>)
tensor(27.7986, device='cuda:0', grad_fn=<AddBackward0>)
tensor(3.5788, device='cuda:0', grad_fn=<AddBackward0>)
tensor(31.9181, device='cuda:0', grad_fn=<AddBackward0>)
tensor(3.9720, device='cuda:0', grad_fn=<AddBackward0>)
tensor(3.6492, device='cuda:0', grad_fn=<AddBackward0>)
tensor(6.0243, device='cuda:0', grad_fn=<AddBackward0>)
tensor(4.7019, device='cuda:0', grad_fn=<AddBackward0>)
tensor(13.2951, device='cuda:0', grad_fn=<AddBackward0>)
tensor(27.9837, device='cuda:0', grad_fn=<AddBackward0>)
tensor(36.6473, device='cuda:0', grad_fn=<AddBackward0>)
tensor(40.3666, device='cuda:0', grad_fn=<AddBackward0>)
tensor(20.5190, device='cuda:0', grad_fn=<AddBackward0>)
tensor(36.2544, device='cuda:0', grad_fn=<AddBackward0>)
tensor(9.9581, device='cuda:0', grad_fn=<AddBackward0>)
tensor(3.9243, device='cuda:0', grad_fn=<AddBackward0>)
tensor(13.7553, device='cuda:0', grad_fn=<AddBackward0>)
tensor(23.5996, device='cuda:0', grad_fn=<AddBackward0>)
tensor(15.3953, device='cuda:0', grad_fn=<AddBackward0>)
tensor(9.8874, device='cuda:0', grad_fn=<AddBackward0>)
tensor(35.8894, device='cuda:0', grad_fn=<AddBackward0>)
tensor(6.4643, device='cuda:0', grad_fn=<AddBackward0>)
tensor(5.6151, device='cuda:0', grad_fn=<AddBackward0>)
tensor(4.0411, device='cuda:0', grad_fn=<AddBackward0>)
tensor(3.6585, device='cuda:0', grad_fn=<AddBackward0>)
tensor(13.1703, device='cuda:0', grad_fn=<AddBackward0>)
tensor(4.2391, device='cuda:0', grad_fn=<AddBackward0>)
tensor(4.4142, device='cuda:0', grad_fn=<AddBackward0>)
tensor(18.7736, device='cuda:0', grad_fn=<AddBackward0>)
tensor(20.9359, device='cuda:0', grad_fn=<AddBackward0>)
tensor(11.5766, device='cuda:0', grad_fn=<AddBackward0>)
tensor(12.0922, device='cuda:0', grad_fn=<AddBackward0>)
tensor(5.5835, device='cuda:0', grad_fn=<AddBackward0>)
tensor(31.5287, device='cuda:0', grad_fn=<AddBackward0>)
tensor(9.1182, device='cuda:0', grad_fn=<AddBackward0>)
tensor(5.6342, device='cuda:0', grad_fn=<AddBackward0>)
tensor(26.4276, device='cuda:0', grad_fn=<AddBackward0>)
tensor(25.5086, device='cuda:0', grad_fn=<AddBackward0>)
tensor(3.9138, device='cuda:0', grad_fn=<AddBackward0>)
tensor(8.8223, device='cuda:0', grad_fn=<AddBackward0>)
tensor(10.4918, device='cuda:0', grad_fn=<AddBackward0>)
tensor(4.2851, device='cuda:0', grad_fn=<AddBackward0>)
tensor(7.0610, device='cuda:0', grad_fn=<AddBackward0>)
tensor(4.6058, device='cuda:0', grad_fn=<AddBackward0>)
tensor(6.9532, device='cuda:0', grad_fn=<AddBackward0>)
tensor(13.8174, device='cuda:0', grad_fn=<AddBackward0>)
tensor(34.3785, device='cuda:0', grad_fn=<AddBackward0>)
tensor(4.3716, device='cuda:0', grad_fn=<AddBackward0>)
tensor(6.3919, device='cuda:0', grad_fn=<AddBackward0>)
tensor(5.5825, device='cuda:0', grad_fn=<AddBackward0>)
tensor(26.7849, device='cuda:0', grad_fn=<AddBackward0>)
tensor(8.8012, device='cuda:0', grad_fn=<AddBackward0>)
tensor(15.1630, device='cuda:0', grad_fn=<AddBackward0>)
tensor(7.1421, device='cuda:0', grad_fn=<AddBackward0>)
tensor(3.8186, device='cuda:0', grad_fn=<AddBackward0>)
tensor(5.4786, device='cuda:0', grad_fn=<AddBackward0>)
tensor(3.7297, device='cuda:0', grad_fn=<AddBackward0>)
tensor(7.8509, device='cuda:0', grad_fn=<AddBackward0>)
tensor(4.2370, device='cuda:0', grad_fn=<AddBackward0>)
tensor(17.5719, device='cuda:0', grad_fn=<AddBackward0>)
tensor(7.1449, device='cuda:0', grad_fn=<AddBackward0>)
tensor(5.7359, device='cuda:0', grad_fn=<AddBackward0>)
Step 600/1875, CapsuleLoss: 0.3597680297493935, CNNLoss: 2.088524398803711, ReconLoss: 94.294799118042
tensor(16.5779, device='cuda:0', grad_fn=<AddBackward0>)
tensor(31.6858, device='cuda:0', grad_fn=<AddBackward0>)
tensor(4.5929, device='cuda:0', grad_fn=<AddBackward0>)
tensor(35.1014, device='cuda:0', grad_fn=<AddBackward0>)
tensor(15.8578, device='cuda:0', grad_fn=<AddBackward0>)
tensor(8.0859, device='cuda:0', grad_fn=<AddBackward0>)
tensor(6.4810, device='cuda:0', grad_fn=<AddBackward0>)
tensor(3.9492, device='cuda:0', grad_fn=<AddBackward0>)
tensor(6.3889, device='cuda:0', grad_fn=<AddBackward0>)
tensor(11.1088, device='cuda:0', grad_fn=<AddBackward0>)
tensor(4.1405, device='cuda:0', grad_fn=<AddBackward0>)
tensor(30.4280, device='cuda:0', grad_fn=<AddBackward0>)
tensor(3.7041, device='cuda:0', grad_fn=<AddBackward0>)
tensor(13.3941, device='cuda:0', grad_fn=<AddBackward0>)
tensor(38.6587, device='cuda:0', grad_fn=<AddBackward0>)
tensor(9.9108, device='cuda:0', grad_fn=<AddBackward0>)
tensor(13.9893, device='cuda:0', grad_fn=<AddBackward0>)
tensor(24.0598, device='cuda:0', grad_fn=<AddBackward0>)
tensor(14.4296, device='cuda:0', grad_fn=<AddBackward0>)
tensor(6.5642, device='cuda:0', grad_fn=<AddBackward0>)
tensor(14.5316, device='cuda:0', grad_fn=<AddBackward0>)
tensor(5.7350, device='cuda:0', grad_fn=<AddBackward0>)
tensor(16.7384, device='cuda:0', grad_fn=<AddBackward0>)
tensor(18.2243, device='cuda:0', grad_fn=<AddBackward0>)
tensor(3.5919, device='cuda:0', grad_fn=<AddBackward0>)
tensor(13.1798, device='cuda:0', grad_fn=<AddBackward0>)
tensor(3.8436, device='cuda:0', grad_fn=<AddBackward0>)
tensor(16.3582, device='cuda:0', grad_fn=<AddBackward0>)
tensor(13.2135, device='cuda:0', grad_fn=<AddBackward0>)
tensor(17.2876, device='cuda:0', grad_fn=<AddBackward0>)
tensor(4.0149, device='cuda:0', grad_fn=<AddBackward0>)
tensor(7.7357, device='cuda:0', grad_fn=<AddBackward0>)
tensor(7.5518, device='cuda:0', grad_fn=<AddBackward0>)
tensor(8.9734, device='cuda:0', grad_fn=<AddBackward0>)
tensor(16.3477, device='cuda:0', grad_fn=<AddBackward0>)
tensor(4.0162, device='cuda:0', grad_fn=<AddBackward0>)
tensor(13.1142, device='cuda:0', grad_fn=<AddBackward0>)
tensor(30.9734, device='cuda:0', grad_fn=<AddBackward0>)
tensor(26.7870, device='cuda:0', grad_fn=<AddBackward0>)
tensor(5.0886, device='cuda:0', grad_fn=<AddBackward0>)
tensor(17.8016, device='cuda:0', grad_fn=<AddBackward0>)
tensor(20.0949, device='cuda:0', grad_fn=<AddBackward0>)
tensor(3.8263, device='cuda:0', grad_fn=<AddBackward0>)
tensor(36.8939, device='cuda:0', grad_fn=<AddBackward0>)
tensor(33.6207, device='cuda:0', grad_fn=<AddBackward0>)
tensor(22.9653, device='cuda:0', grad_fn=<AddBackward0>)
tensor(27.7113, device='cuda:0', grad_fn=<AddBackward0>)
tensor(33.1576, device='cuda:0', grad_fn=<AddBackward0>)
tensor(32.1920, device='cuda:0', grad_fn=<AddBackward0>)
tensor(8.5503, device='cuda:0', grad_fn=<AddBackward0>)
tensor(7.0356, device='cuda:0', grad_fn=<AddBackward0>)
tensor(5.9112, device='cuda:0', grad_fn=<AddBackward0>)
tensor(4.1804, device='cuda:0', grad_fn=<AddBackward0>)
tensor(17.2611, device='cuda:0', grad_fn=<AddBackward0>)
tensor(10.5585, device='cuda:0', grad_fn=<AddBackward0>)
tensor(3.8063, device='cuda:0', grad_fn=<AddBackward0>)
tensor(25.6585, device='cuda:0', grad_fn=<AddBackward0>)
tensor(4.0818, device='cuda:0', grad_fn=<AddBackward0>)
tensor(7.0723, device='cuda:0', grad_fn=<AddBackward0>)
tensor(3.8183, device='cuda:0', grad_fn=<AddBackward0>)
tensor(3.9507, device='cuda:0', grad_fn=<AddBackward0>)
tensor(5.4339, device='cuda:0', grad_fn=<AddBackward0>)
tensor(3.7221, device='cuda:0', grad_fn=<AddBackward0>)
tensor(10.0642, device='cuda:0', grad_fn=<AddBackward0>)
tensor(7.7108, device='cuda:0', grad_fn=<AddBackward0>)
tensor(3.8415, device='cuda:0', grad_fn=<AddBackward0>)
tensor(32.6100, device='cuda:0', grad_fn=<AddBackward0>)
tensor(3.8337, device='cuda:0', grad_fn=<AddBackward0>)
tensor(8.5632, device='cuda:0', grad_fn=<AddBackward0>)
tensor(24.4071, device='cuda:0', grad_fn=<AddBackward0>)
tensor(4.4810, device='cuda:0', grad_fn=<AddBackward0>)
tensor(4.1878, device='cuda:0', grad_fn=<AddBackward0>)
tensor(3.9540, device='cuda:0', grad_fn=<AddBackward0>)
tensor(21.1598, device='cuda:0', grad_fn=<AddBackward0>)
tensor(3.8731, device='cuda:0', grad_fn=<AddBackward0>)
tensor(16.4014, device='cuda:0', grad_fn=<AddBackward0>)
tensor(4.1861, device='cuda:0', grad_fn=<AddBackward0>)
tensor(3.7578, device='cuda:0', grad_fn=<AddBackward0>)
tensor(29.8450, device='cuda:0', grad_fn=<AddBackward0>)
tensor(4.6174, device='cuda:0', grad_fn=<AddBackward0>)
tensor(22.2447, device='cuda:0', grad_fn=<AddBackward0>)
tensor(16.1810, device='cuda:0', grad_fn=<AddBackward0>)
tensor(12.5247, device='cuda:0', grad_fn=<AddBackward0>)
tensor(13.4842, device='cuda:0', grad_fn=<AddBackward0>)
tensor(8.4204, device='cuda:0', grad_fn=<AddBackward0>)
tensor(9.5988, device='cuda:0', grad_fn=<AddBackward0>)
tensor(3.7919, device='cuda:0', grad_fn=<AddBackward0>)
tensor(6.3222, device='cuda:0', grad_fn=<AddBackward0>)
tensor(14.1119, device='cuda:0', grad_fn=<AddBackward0>)
tensor(8.8537, device='cuda:0', grad_fn=<AddBackward0>)
tensor(3.8495, device='cuda:0', grad_fn=<AddBackward0>)
tensor(3.6858, device='cuda:0', grad_fn=<AddBackward0>)
tensor(10.7235, device='cuda:0', grad_fn=<AddBackward0>)
tensor(10.1369, device='cuda:0', grad_fn=<AddBackward0>)
tensor(3.8658, device='cuda:0', grad_fn=<AddBackward0>)
tensor(14.5238, device='cuda:0', grad_fn=<AddBackward0>)
tensor(28.3074, device='cuda:0', grad_fn=<AddBackward0>)
tensor(13.4720, device='cuda:0', grad_fn=<AddBackward0>)
tensor(3.7688, device='cuda:0', grad_fn=<AddBackward0>)
tensor(14.0724, device='cuda:0', grad_fn=<AddBackward0>)
Step 700/1875, CapsuleLoss: 0.3599333065748215, CNNLoss: 2.0398320639133454, ReconLoss: 94.53404113769531
tensor(30.0932, device='cuda:0', grad_fn=<AddBackward0>)
tensor(16.5383, device='cuda:0', grad_fn=<AddBackward0>)
tensor(5.2889, device='cuda:0', grad_fn=<AddBackward0>)
tensor(13.1296, device='cuda:0', grad_fn=<AddBackward0>)
tensor(36.6315, device='cuda:0', grad_fn=<AddBackward0>)
tensor(35.9182, device='cuda:0', grad_fn=<AddBackward0>)
tensor(26.2348, device='cuda:0', grad_fn=<AddBackward0>)
tensor(17.6374, device='cuda:0', grad_fn=<AddBackward0>)
tensor(3.7526, device='cuda:0', grad_fn=<AddBackward0>)
tensor(6.7918, device='cuda:0', grad_fn=<AddBackward0>)
tensor(13.2310, device='cuda:0', grad_fn=<AddBackward0>)
tensor(8.4119, device='cuda:0', grad_fn=<AddBackward0>)
tensor(9.8999, device='cuda:0', grad_fn=<AddBackward0>)
tensor(26.8788, device='cuda:0', grad_fn=<AddBackward0>)
tensor(17.1911, device='cuda:0', grad_fn=<AddBackward0>)
tensor(10.8932, device='cuda:0', grad_fn=<AddBackward0>)
tensor(4.1324, device='cuda:0', grad_fn=<AddBackward0>)
tensor(7.8531, device='cuda:0', grad_fn=<AddBackward0>)
tensor(35.3223, device='cuda:0', grad_fn=<AddBackward0>)
tensor(3.9588, device='cuda:0', grad_fn=<AddBackward0>)
tensor(33.5313, device='cuda:0', grad_fn=<AddBackward0>)
tensor(13.7367, device='cuda:0', grad_fn=<AddBackward0>)
tensor(36.3260, device='cuda:0', grad_fn=<AddBackward0>)
tensor(17.4303, device='cuda:0', grad_fn=<AddBackward0>)
tensor(11.2549, device='cuda:0', grad_fn=<AddBackward0>)
tensor(12.0369, device='cuda:0', grad_fn=<AddBackward0>)
tensor(3.8786, device='cuda:0', grad_fn=<AddBackward0>)
tensor(8.9632, device='cuda:0', grad_fn=<AddBackward0>)
tensor(4.4110, device='cuda:0', grad_fn=<AddBackward0>)
tensor(27.5678, device='cuda:0', grad_fn=<AddBackward0>)
tensor(30.4102, device='cuda:0', grad_fn=<AddBackward0>)
tensor(3.6585, device='cuda:0', grad_fn=<AddBackward0>)
tensor(25.8823, device='cuda:0', grad_fn=<AddBackward0>)
tensor(5.0658, device='cuda:0', grad_fn=<AddBackward0>)
tensor(3.6140, device='cuda:0', grad_fn=<AddBackward0>)
tensor(17.0977, device='cuda:0', grad_fn=<AddBackward0>)
tensor(31.3821, device='cuda:0', grad_fn=<AddBackward0>)
tensor(12.2813, device='cuda:0', grad_fn=<AddBackward0>)
tensor(4.7758, device='cuda:0', grad_fn=<AddBackward0>)
tensor(3.9522, device='cuda:0', grad_fn=<AddBackward0>)
tensor(30.2472, device='cuda:0', grad_fn=<AddBackward0>)
tensor(3.6625, device='cuda:0', grad_fn=<AddBackward0>)
tensor(5.7151, device='cuda:0', grad_fn=<AddBackward0>)
tensor(7.0804, device='cuda:0', grad_fn=<AddBackward0>)
tensor(4.7300, device='cuda:0', grad_fn=<AddBackward0>)
tensor(7.6496, device='cuda:0', grad_fn=<AddBackward0>)
tensor(22.4657, device='cuda:0', grad_fn=<AddBackward0>)
tensor(3.7536, device='cuda:0', grad_fn=<AddBackward0>)
tensor(3.7047, device='cuda:0', grad_fn=<AddBackward0>)
tensor(4.2914, device='cuda:0', grad_fn=<AddBackward0>)
tensor(23.1291, device='cuda:0', grad_fn=<AddBackward0>)
tensor(17.8458, device='cuda:0', grad_fn=<AddBackward0>)
tensor(5.3224, device='cuda:0', grad_fn=<AddBackward0>)
tensor(21.0673, device='cuda:0', grad_fn=<AddBackward0>)
tensor(9.6284, device='cuda:0', grad_fn=<AddBackward0>)
tensor(19.6230, device='cuda:0', grad_fn=<AddBackward0>)
tensor(22.3304, device='cuda:0', grad_fn=<AddBackward0>)
tensor(38.1307, device='cuda:0', grad_fn=<AddBackward0>)
tensor(8.1894, device='cuda:0', grad_fn=<AddBackward0>)
tensor(36.7655, device='cuda:0', grad_fn=<AddBackward0>)
tensor(27.4081, device='cuda:0', grad_fn=<AddBackward0>)
tensor(11.5018, device='cuda:0', grad_fn=<AddBackward0>)
tensor(14.0753, device='cuda:0', grad_fn=<AddBackward0>)
tensor(7.3040, device='cuda:0', grad_fn=<AddBackward0>)
tensor(27.4148, device='cuda:0', grad_fn=<AddBackward0>)
tensor(40.6633, device='cuda:0', grad_fn=<AddBackward0>)
tensor(7.1974, device='cuda:0', grad_fn=<AddBackward0>)
tensor(19.9558, device='cuda:0', grad_fn=<AddBackward0>)
tensor(24.2275, device='cuda:0', grad_fn=<AddBackward0>)
tensor(5.3472, device='cuda:0', grad_fn=<AddBackward0>)
tensor(8.6228, device='cuda:0', grad_fn=<AddBackward0>)
tensor(3.6593, device='cuda:0', grad_fn=<AddBackward0>)
tensor(28.7435, device='cuda:0', grad_fn=<AddBackward0>)
tensor(14.8966, device='cuda:0', grad_fn=<AddBackward0>)
tensor(4.4195, device='cuda:0', grad_fn=<AddBackward0>)
tensor(6.1533, device='cuda:0', grad_fn=<AddBackward0>)
tensor(10.3332, device='cuda:0', grad_fn=<AddBackward0>)
tensor(9.9614, device='cuda:0', grad_fn=<AddBackward0>)
tensor(24.6735, device='cuda:0', grad_fn=<AddBackward0>)
tensor(4.1432, device='cuda:0', grad_fn=<AddBackward0>)
tensor(5.1364, device='cuda:0', grad_fn=<AddBackward0>)
tensor(16.1281, device='cuda:0', grad_fn=<AddBackward0>)
tensor(3.8027, device='cuda:0', grad_fn=<AddBackward0>)
tensor(31.4684, device='cuda:0', grad_fn=<AddBackward0>)
tensor(16.8547, device='cuda:0', grad_fn=<AddBackward0>)
tensor(15.7080, device='cuda:0', grad_fn=<AddBackward0>)
tensor(16.6572, device='cuda:0', grad_fn=<AddBackward0>)
tensor(16.6779, device='cuda:0', grad_fn=<AddBackward0>)
tensor(4.5991, device='cuda:0', grad_fn=<AddBackward0>)
tensor(16.5947, device='cuda:0', grad_fn=<AddBackward0>)
tensor(3.7926, device='cuda:0', grad_fn=<AddBackward0>)
tensor(11.7455, device='cuda:0', grad_fn=<AddBackward0>)
tensor(4.7513, device='cuda:0', grad_fn=<AddBackward0>)
tensor(18.8157, device='cuda:0', grad_fn=<AddBackward0>)
tensor(34.5540, device='cuda:0', grad_fn=<AddBackward0>)
tensor(4.0665, device='cuda:0', grad_fn=<AddBackward0>)
tensor(3.4613, device='cuda:0', grad_fn=<AddBackward0>)
tensor(6.1247, device='cuda:0', grad_fn=<AddBackward0>)
tensor(4.7483, device='cuda:0', grad_fn=<AddBackward0>)
tensor(4.4071, device='cuda:0', grad_fn=<AddBackward0>)
Step 800/1875, CapsuleLoss: 0.35974526226520537, CNNLoss: 1.9561348521709443, ReconLoss: 92.47117042541504
tensor(13.0178, device='cuda:0', grad_fn=<AddBackward0>)
tensor(4.7979, device='cuda:0', grad_fn=<AddBackward0>)
tensor(12.7840, device='cuda:0', grad_fn=<AddBackward0>)
tensor(28.8720, device='cuda:0', grad_fn=<AddBackward0>)
tensor(3.8452, device='cuda:0', grad_fn=<AddBackward0>)
tensor(5.2592, device='cuda:0', grad_fn=<AddBackward0>)
tensor(9.4294, device='cuda:0', grad_fn=<AddBackward0>)
tensor(6.3610, device='cuda:0', grad_fn=<AddBackward0>)
tensor(13.7719, device='cuda:0', grad_fn=<AddBackward0>)
tensor(6.4734, device='cuda:0', grad_fn=<AddBackward0>)
tensor(3.6081, device='cuda:0', grad_fn=<AddBackward0>)
tensor(25.6834, device='cuda:0', grad_fn=<AddBackward0>)
tensor(27.8497, device='cuda:0', grad_fn=<AddBackward0>)
tensor(35.5062, device='cuda:0', grad_fn=<AddBackward0>)
tensor(10.4199, device='cuda:0', grad_fn=<AddBackward0>)
tensor(19.6841, device='cuda:0', grad_fn=<AddBackward0>)
tensor(27.4311, device='cuda:0', grad_fn=<AddBackward0>)
tensor(28.1057, device='cuda:0', grad_fn=<AddBackward0>)
tensor(4.0338, device='cuda:0', grad_fn=<AddBackward0>)
tensor(4.3164, device='cuda:0', grad_fn=<AddBackward0>)
tensor(22.0855, device='cuda:0', grad_fn=<AddBackward0>)
tensor(8.5853, device='cuda:0', grad_fn=<AddBackward0>)
tensor(18.9311, device='cuda:0', grad_fn=<AddBackward0>)
tensor(9.6997, device='cuda:0', grad_fn=<AddBackward0>)
tensor(36.7649, device='cuda:0', grad_fn=<AddBackward0>)
tensor(9.1942, device='cuda:0', grad_fn=<AddBackward0>)
tensor(11.9935, device='cuda:0', grad_fn=<AddBackward0>)
tensor(13.5655, device='cuda:0', grad_fn=<AddBackward0>)
tensor(13.9197, device='cuda:0', grad_fn=<AddBackward0>)
tensor(35.6555, device='cuda:0', grad_fn=<AddBackward0>)
tensor(3.5735, device='cuda:0', grad_fn=<AddBackward0>)
tensor(17.9619, device='cuda:0', grad_fn=<AddBackward0>)
tensor(14.3892, device='cuda:0', grad_fn=<AddBackward0>)
tensor(7.5465, device='cuda:0', grad_fn=<AddBackward0>)
tensor(4.5082, device='cuda:0', grad_fn=<AddBackward0>)
tensor(37.8604, device='cuda:0', grad_fn=<AddBackward0>)
tensor(4.3958, device='cuda:0', grad_fn=<AddBackward0>)
tensor(5.3651, device='cuda:0', grad_fn=<AddBackward0>)
tensor(4.7841, device='cuda:0', grad_fn=<AddBackward0>)
tensor(10.5631, device='cuda:0', grad_fn=<AddBackward0>)
tensor(22.0265, device='cuda:0', grad_fn=<AddBackward0>)
tensor(24.0880, device='cuda:0', grad_fn=<AddBackward0>)
tensor(34.6208, device='cuda:0', grad_fn=<AddBackward0>)
tensor(25.5705, device='cuda:0', grad_fn=<AddBackward0>)
tensor(6.2332, device='cuda:0', grad_fn=<AddBackward0>)
tensor(17.3155, device='cuda:0', grad_fn=<AddBackward0>)
tensor(5.2526, device='cuda:0', grad_fn=<AddBackward0>)
tensor(12.9746, device='cuda:0', grad_fn=<AddBackward0>)
tensor(3.8096, device='cuda:0', grad_fn=<AddBackward0>)
tensor(33.0017, device='cuda:0', grad_fn=<AddBackward0>)
tensor(25.2421, device='cuda:0', grad_fn=<AddBackward0>)
tensor(33.9843, device='cuda:0', grad_fn=<AddBackward0>)
tensor(32.8666, device='cuda:0', grad_fn=<AddBackward0>)
tensor(3.6098, device='cuda:0', grad_fn=<AddBackward0>)
tensor(40.4408, device='cuda:0', grad_fn=<AddBackward0>)
tensor(3.9732, device='cuda:0', grad_fn=<AddBackward0>)
tensor(5.7012, device='cuda:0', grad_fn=<AddBackward0>)
tensor(20.8378, device='cuda:0', grad_fn=<AddBackward0>)
tensor(16.0025, device='cuda:0', grad_fn=<AddBackward0>)
tensor(25.3720, device='cuda:0', grad_fn=<AddBackward0>)
tensor(5.8329, device='cuda:0', grad_fn=<AddBackward0>)
tensor(15.8733, device='cuda:0', grad_fn=<AddBackward0>)
tensor(3.6504, device='cuda:0', grad_fn=<AddBackward0>)
tensor(3.9914, device='cuda:0', grad_fn=<AddBackward0>)
tensor(21.1037, device='cuda:0', grad_fn=<AddBackward0>)
tensor(5.3756, device='cuda:0', grad_fn=<AddBackward0>)
tensor(4.0583, device='cuda:0', grad_fn=<AddBackward0>)
tensor(34.8757, device='cuda:0', grad_fn=<AddBackward0>)
tensor(14.5487, device='cuda:0', grad_fn=<AddBackward0>)
tensor(14.2319, device='cuda:0', grad_fn=<AddBackward0>)
tensor(4.6856, device='cuda:0', grad_fn=<AddBackward0>)
tensor(5.0717, device='cuda:0', grad_fn=<AddBackward0>)
tensor(20.7869, device='cuda:0', grad_fn=<AddBackward0>)
tensor(15.2128, device='cuda:0', grad_fn=<AddBackward0>)
tensor(40.5476, device='cuda:0', grad_fn=<AddBackward0>)
tensor(5.9715, device='cuda:0', grad_fn=<AddBackward0>)
tensor(3.7003, device='cuda:0', grad_fn=<AddBackward0>)
tensor(9.8211, device='cuda:0', grad_fn=<AddBackward0>)
tensor(38.1053, device='cuda:0', grad_fn=<AddBackward0>)
tensor(22.1513, device='cuda:0', grad_fn=<AddBackward0>)
tensor(5.9319, device='cuda:0', grad_fn=<AddBackward0>)
tensor(10.1811, device='cuda:0', grad_fn=<AddBackward0>)
tensor(10.1424, device='cuda:0', grad_fn=<AddBackward0>)
tensor(4.1713, device='cuda:0', grad_fn=<AddBackward0>)
tensor(8.6470, device='cuda:0', grad_fn=<AddBackward0>)
tensor(20.6726, device='cuda:0', grad_fn=<AddBackward0>)
tensor(3.5440, device='cuda:0', grad_fn=<AddBackward0>)
tensor(4.9733, device='cuda:0', grad_fn=<AddBackward0>)
tensor(11.9156, device='cuda:0', grad_fn=<AddBackward0>)
tensor(4.6772, device='cuda:0', grad_fn=<AddBackward0>)
tensor(24.0082, device='cuda:0', grad_fn=<AddBackward0>)
tensor(29.3741, device='cuda:0', grad_fn=<AddBackward0>)
tensor(3.8793, device='cuda:0', grad_fn=<AddBackward0>)
tensor(20.2664, device='cuda:0', grad_fn=<AddBackward0>)
tensor(7.4421, device='cuda:0', grad_fn=<AddBackward0>)
tensor(29.8450, device='cuda:0', grad_fn=<AddBackward0>)
tensor(17.8438, device='cuda:0', grad_fn=<AddBackward0>)
tensor(11.3585, device='cuda:0', grad_fn=<AddBackward0>)
tensor(18.9300, device='cuda:0', grad_fn=<AddBackward0>)
tensor(36.6373, device='cuda:0', grad_fn=<AddBackward0>)
Step 900/1875, CapsuleLoss: 0.3593461757898331, CNNLoss: 1.915473258495331, ReconLoss: 93.84788177490235
tensor(5.8114, device='cuda:0', grad_fn=<AddBackward0>)
tensor(31.0725, device='cuda:0', grad_fn=<AddBackward0>)
tensor(17.7607, device='cuda:0', grad_fn=<AddBackward0>)
tensor(4.3513, device='cuda:0', grad_fn=<AddBackward0>)
tensor(32.1799, device='cuda:0', grad_fn=<AddBackward0>)
tensor(3.8161, device='cuda:0', grad_fn=<AddBackward0>)
tensor(36.0122, device='cuda:0', grad_fn=<AddBackward0>)
tensor(5.1213, device='cuda:0', grad_fn=<AddBackward0>)
tensor(15.3494, device='cuda:0', grad_fn=<AddBackward0>)
tensor(7.5256, device='cuda:0', grad_fn=<AddBackward0>)
tensor(11.3318, device='cuda:0', grad_fn=<AddBackward0>)
tensor(6.5719, device='cuda:0', grad_fn=<AddBackward0>)
tensor(4.4646, device='cuda:0', grad_fn=<AddBackward0>)
tensor(4.0207, device='cuda:0', grad_fn=<AddBackward0>)
tensor(17.1390, device='cuda:0', grad_fn=<AddBackward0>)
tensor(8.2121, device='cuda:0', grad_fn=<AddBackward0>)
tensor(32.1995, device='cuda:0', grad_fn=<AddBackward0>)
tensor(17.0706, device='cuda:0', grad_fn=<AddBackward0>)
tensor(5.2868, device='cuda:0', grad_fn=<AddBackward0>)
tensor(35.3524, device='cuda:0', grad_fn=<AddBackward0>)
tensor(22.0244, device='cuda:0', grad_fn=<AddBackward0>)
tensor(9.0115, device='cuda:0', grad_fn=<AddBackward0>)
tensor(9.6125, device='cuda:0', grad_fn=<AddBackward0>)
tensor(15.5185, device='cuda:0', grad_fn=<AddBackward0>)
tensor(3.5932, device='cuda:0', grad_fn=<AddBackward0>)
tensor(3.5690, device='cuda:0', grad_fn=<AddBackward0>)
tensor(3.3989, device='cuda:0', grad_fn=<AddBackward0>)
tensor(15.8511, device='cuda:0', grad_fn=<AddBackward0>)
tensor(4.8210, device='cuda:0', grad_fn=<AddBackward0>)
tensor(21.2010, device='cuda:0', grad_fn=<AddBackward0>)
tensor(3.4331, device='cuda:0', grad_fn=<AddBackward0>)
tensor(9.6385, device='cuda:0', grad_fn=<AddBackward0>)
tensor(19.1207, device='cuda:0', grad_fn=<AddBackward0>)
tensor(3.6945, device='cuda:0', grad_fn=<AddBackward0>)
tensor(3.9682, device='cuda:0', grad_fn=<AddBackward0>)
tensor(11.5648, device='cuda:0', grad_fn=<AddBackward0>)
tensor(37.9733, device='cuda:0', grad_fn=<AddBackward0>)
tensor(4.3632, device='cuda:0', grad_fn=<AddBackward0>)
tensor(3.8200, device='cuda:0', grad_fn=<AddBackward0>)
tensor(11.6867, device='cuda:0', grad_fn=<AddBackward0>)
tensor(20.2480, device='cuda:0', grad_fn=<AddBackward0>)
tensor(5.2817, device='cuda:0', grad_fn=<AddBackward0>)
tensor(5.8058, device='cuda:0', grad_fn=<AddBackward0>)
tensor(16.1475, device='cuda:0', grad_fn=<AddBackward0>)
tensor(15.4910, device='cuda:0', grad_fn=<AddBackward0>)
tensor(7.4768, device='cuda:0', grad_fn=<AddBackward0>)
tensor(13.2594, device='cuda:0', grad_fn=<AddBackward0>)
tensor(12.1717, device='cuda:0', grad_fn=<AddBackward0>)
tensor(22.5997, device='cuda:0', grad_fn=<AddBackward0>)
tensor(9.1429, device='cuda:0', grad_fn=<AddBackward0>)
tensor(7.4368, device='cuda:0', grad_fn=<AddBackward0>)
tensor(6.4595, device='cuda:0', grad_fn=<AddBackward0>)
tensor(10.5860, device='cuda:0', grad_fn=<AddBackward0>)
tensor(3.6181, device='cuda:0', grad_fn=<AddBackward0>)
tensor(29.0360, device='cuda:0', grad_fn=<AddBackward0>)
tensor(26.2137, device='cuda:0', grad_fn=<AddBackward0>)
tensor(12.6231, device='cuda:0', grad_fn=<AddBackward0>)
tensor(8.1262, device='cuda:0', grad_fn=<AddBackward0>)
tensor(27.5144, device='cuda:0', grad_fn=<AddBackward0>)
tensor(17.6659, device='cuda:0', grad_fn=<AddBackward0>)
tensor(13.8396, device='cuda:0', grad_fn=<AddBackward0>)
tensor(4.2715, device='cuda:0', grad_fn=<AddBackward0>)
tensor(25.7374, device='cuda:0', grad_fn=<AddBackward0>)
tensor(28.8589, device='cuda:0', grad_fn=<AddBackward0>)
tensor(39.5507, device='cuda:0', grad_fn=<AddBackward0>)
tensor(5.3198, device='cuda:0', grad_fn=<AddBackward0>)
tensor(26.6270, device='cuda:0', grad_fn=<AddBackward0>)
tensor(26.2019, device='cuda:0', grad_fn=<AddBackward0>)
tensor(14.8969, device='cuda:0', grad_fn=<AddBackward0>)
tensor(10.0486, device='cuda:0', grad_fn=<AddBackward0>)
tensor(3.6267, device='cuda:0', grad_fn=<AddBackward0>)
tensor(5.8963, device='cuda:0', grad_fn=<AddBackward0>)
tensor(31.3624, device='cuda:0', grad_fn=<AddBackward0>)
tensor(21.0771, device='cuda:0', grad_fn=<AddBackward0>)
tensor(3.4342, device='cuda:0', grad_fn=<AddBackward0>)
tensor(3.3404, device='cuda:0', grad_fn=<AddBackward0>)
tensor(38.8233, device='cuda:0', grad_fn=<AddBackward0>)
tensor(18.4325, device='cuda:0', grad_fn=<AddBackward0>)
tensor(14.8754, device='cuda:0', grad_fn=<AddBackward0>)
tensor(35.6892, device='cuda:0', grad_fn=<AddBackward0>)
tensor(20.0984, device='cuda:0', grad_fn=<AddBackward0>)
tensor(8.8100, device='cuda:0', grad_fn=<AddBackward0>)
tensor(22.7129, device='cuda:0', grad_fn=<AddBackward0>)
tensor(3.8775, device='cuda:0', grad_fn=<AddBackward0>)
tensor(36.6492, device='cuda:0', grad_fn=<AddBackward0>)
tensor(3.8015, device='cuda:0', grad_fn=<AddBackward0>)
tensor(6.4800, device='cuda:0', grad_fn=<AddBackward0>)
tensor(21.3237, device='cuda:0', grad_fn=<AddBackward0>)
tensor(16.3848, device='cuda:0', grad_fn=<AddBackward0>)
tensor(11.2096, device='cuda:0', grad_fn=<AddBackward0>)
tensor(4.3537, device='cuda:0', grad_fn=<AddBackward0>)
tensor(15.6770, device='cuda:0', grad_fn=<AddBackward0>)
tensor(35.0064, device='cuda:0', grad_fn=<AddBackward0>)
tensor(36.3816, device='cuda:0', grad_fn=<AddBackward0>)
tensor(3.9551, device='cuda:0', grad_fn=<AddBackward0>)
tensor(29.1362, device='cuda:0', grad_fn=<AddBackward0>)
tensor(31.3945, device='cuda:0', grad_fn=<AddBackward0>)
tensor(5.2284, device='cuda:0', grad_fn=<AddBackward0>)
tensor(16.8835, device='cuda:0', grad_fn=<AddBackward0>)
tensor(5.3245, device='cuda:0', grad_fn=<AddBackward0>)
Step 1000/1875, CapsuleLoss: 0.3596708860993385, CNNLoss: 1.8729940164089203, ReconLoss: 92.81549537658691
tensor(16.8681, device='cuda:0', grad_fn=<AddBackward0>)
tensor(7.7271, device='cuda:0', grad_fn=<AddBackward0>)
tensor(16.1218, device='cuda:0', grad_fn=<AddBackward0>)
tensor(11.4469, device='cuda:0', grad_fn=<AddBackward0>)
tensor(16.2062, device='cuda:0', grad_fn=<AddBackward0>)
tensor(4.2371, device='cuda:0', grad_fn=<AddBackward0>)
tensor(32.2288, device='cuda:0', grad_fn=<AddBackward0>)
tensor(12.0515, device='cuda:0', grad_fn=<AddBackward0>)
tensor(4.8331, device='cuda:0', grad_fn=<AddBackward0>)
tensor(10.2345, device='cuda:0', grad_fn=<AddBackward0>)
tensor(3.9562, device='cuda:0', grad_fn=<AddBackward0>)
tensor(4.2820, device='cuda:0', grad_fn=<AddBackward0>)
tensor(3.6984, device='cuda:0', grad_fn=<AddBackward0>)
tensor(28.1662, device='cuda:0', grad_fn=<AddBackward0>)
tensor(35.5557, device='cuda:0', grad_fn=<AddBackward0>)
tensor(7.9370, device='cuda:0', grad_fn=<AddBackward0>)
tensor(37.8070, device='cuda:0', grad_fn=<AddBackward0>)
tensor(23.7208, device='cuda:0', grad_fn=<AddBackward0>)
tensor(12.0463, device='cuda:0', grad_fn=<AddBackward0>)
tensor(3.7029, device='cuda:0', grad_fn=<AddBackward0>)
tensor(7.1311, device='cuda:0', grad_fn=<AddBackward0>)
tensor(8.1987, device='cuda:0', grad_fn=<AddBackward0>)
tensor(8.5335, device='cuda:0', grad_fn=<AddBackward0>)
tensor(16.8629, device='cuda:0', grad_fn=<AddBackward0>)
tensor(34.7569, device='cuda:0', grad_fn=<AddBackward0>)
tensor(35.3728, device='cuda:0', grad_fn=<AddBackward0>)
tensor(3.7953, device='cuda:0', grad_fn=<AddBackward0>)
tensor(12.3023, device='cuda:0', grad_fn=<AddBackward0>)
tensor(3.4656, device='cuda:0', grad_fn=<AddBackward0>)
tensor(4.6182, device='cuda:0', grad_fn=<AddBackward0>)
tensor(3.8496, device='cuda:0', grad_fn=<AddBackward0>)
tensor(3.7043, device='cuda:0', grad_fn=<AddBackward0>)
tensor(6.8154, device='cuda:0', grad_fn=<AddBackward0>)
tensor(37.9537, device='cuda:0', grad_fn=<AddBackward0>)
tensor(35.8847, device='cuda:0', grad_fn=<AddBackward0>)
tensor(9.7983, device='cuda:0', grad_fn=<AddBackward0>)
tensor(3.4833, device='cuda:0', grad_fn=<AddBackward0>)
tensor(4.8984, device='cuda:0', grad_fn=<AddBackward0>)
tensor(17.4795, device='cuda:0', grad_fn=<AddBackward0>)
tensor(12.1556, device='cuda:0', grad_fn=<AddBackward0>)
tensor(10.4283, device='cuda:0', grad_fn=<AddBackward0>)
tensor(3.5998, device='cuda:0', grad_fn=<AddBackward0>)
tensor(12.4929, device='cuda:0', grad_fn=<AddBackward0>)
tensor(4.4776, device='cuda:0', grad_fn=<AddBackward0>)
tensor(35.1187, device='cuda:0', grad_fn=<AddBackward0>)
tensor(4.0701, device='cuda:0', grad_fn=<AddBackward0>)
tensor(7.2118, device='cuda:0', grad_fn=<AddBackward0>)
tensor(14.0309, device='cuda:0', grad_fn=<AddBackward0>)
tensor(39.5384, device='cuda:0', grad_fn=<AddBackward0>)
tensor(13.8633, device='cuda:0', grad_fn=<AddBackward0>)
tensor(21.0046, device='cuda:0', grad_fn=<AddBackward0>)
tensor(19.4449, device='cuda:0', grad_fn=<AddBackward0>)
tensor(5.6801, device='cuda:0', grad_fn=<AddBackward0>)
tensor(33.6231, device='cuda:0', grad_fn=<AddBackward0>)
tensor(12.2328, device='cuda:0', grad_fn=<AddBackward0>)
tensor(23.8756, device='cuda:0', grad_fn=<AddBackward0>)
tensor(9.0516, device='cuda:0', grad_fn=<AddBackward0>)
tensor(6.8825, device='cuda:0', grad_fn=<AddBackward0>)
tensor(6.5301, device='cuda:0', grad_fn=<AddBackward0>)
tensor(7.7891, device='cuda:0', grad_fn=<AddBackward0>)
tensor(24.6844, device='cuda:0', grad_fn=<AddBackward0>)
tensor(19.6774, device='cuda:0', grad_fn=<AddBackward0>)
tensor(11.6240, device='cuda:0', grad_fn=<AddBackward0>)
tensor(17.7681, device='cuda:0', grad_fn=<AddBackward0>)
tensor(7.9342, device='cuda:0', grad_fn=<AddBackward0>)
tensor(13.1282, device='cuda:0', grad_fn=<AddBackward0>)
tensor(3.7455, device='cuda:0', grad_fn=<AddBackward0>)
tensor(34.6299, device='cuda:0', grad_fn=<AddBackward0>)
tensor(24.2036, device='cuda:0', grad_fn=<AddBackward0>)
tensor(21.2320, device='cuda:0', grad_fn=<AddBackward0>)
tensor(4.6083, device='cuda:0', grad_fn=<AddBackward0>)
tensor(15.8320, device='cuda:0', grad_fn=<AddBackward0>)
tensor(4.9298, device='cuda:0', grad_fn=<AddBackward0>)
tensor(18.4007, device='cuda:0', grad_fn=<AddBackward0>)
tensor(5.4179, device='cuda:0', grad_fn=<AddBackward0>)
tensor(29.5525, device='cuda:0', grad_fn=<AddBackward0>)
tensor(4.2070, device='cuda:0', grad_fn=<AddBackward0>)
tensor(3.6967, device='cuda:0', grad_fn=<AddBackward0>)
tensor(18.8308, device='cuda:0', grad_fn=<AddBackward0>)
tensor(3.6676, device='cuda:0', grad_fn=<AddBackward0>)
tensor(36.4769, device='cuda:0', grad_fn=<AddBackward0>)
tensor(7.1343, device='cuda:0', grad_fn=<AddBackward0>)
tensor(3.5611, device='cuda:0', grad_fn=<AddBackward0>)
tensor(21.7129, device='cuda:0', grad_fn=<AddBackward0>)
tensor(10.4961, device='cuda:0', grad_fn=<AddBackward0>)
tensor(26.8683, device='cuda:0', grad_fn=<AddBackward0>)
tensor(24.0837, device='cuda:0', grad_fn=<AddBackward0>)
tensor(9.7431, device='cuda:0', grad_fn=<AddBackward0>)
tensor(28.0292, device='cuda:0', grad_fn=<AddBackward0>)
tensor(7.1030, device='cuda:0', grad_fn=<AddBackward0>)
tensor(6.5461, device='cuda:0', grad_fn=<AddBackward0>)
tensor(11.0447, device='cuda:0', grad_fn=<AddBackward0>)
tensor(21.4605, device='cuda:0', grad_fn=<AddBackward0>)
tensor(35.9635, device='cuda:0', grad_fn=<AddBackward0>)
tensor(36.0469, device='cuda:0', grad_fn=<AddBackward0>)
tensor(39.5189, device='cuda:0', grad_fn=<AddBackward0>)
tensor(35.5480, device='cuda:0', grad_fn=<AddBackward0>)
tensor(5.8929, device='cuda:0', grad_fn=<AddBackward0>)
tensor(19.7756, device='cuda:0', grad_fn=<AddBackward0>)
tensor(23.7785, device='cuda:0', grad_fn=<AddBackward0>)
Step 1100/1875, CapsuleLoss: 0.3602318638563156, CNNLoss: 1.8919366681575776, ReconLoss: 93.24208297729493
tensor(3.7481, device='cuda:0', grad_fn=<AddBackward0>)
tensor(7.1679, device='cuda:0', grad_fn=<AddBackward0>)
tensor(22.5517, device='cuda:0', grad_fn=<AddBackward0>)
tensor(nan, device='cuda:0', grad_fn=<AddBackward0>)
tensor(nan, device='cuda:0', grad_fn=<AddBackward0>)
tensor(nan, device='cuda:0', grad_fn=<AddBackward0>)
tensor(nan, device='cuda:0', grad_fn=<AddBackward0>)
tensor(nan, device='cuda:0', grad_fn=<AddBackward0>)
tensor(nan, device='cuda:0', grad_fn=<AddBackward0>)
tensor(nan, device='cuda:0', grad_fn=<AddBackward0>)
tensor(nan, device='cuda:0', grad_fn=<AddBackward0>)
tensor(nan, device='cuda:0', grad_fn=<AddBackward0>)
Traceback (most recent call last):
  File "mnist_cont.py", line 215, in <module>
    train(epoch)
  File "mnist_cont.py", line 162, in train
    loss.backward()
  File "/home/dariosa/miniconda3/lib/python3.8/site-packages/torch/tensor.py", line 245, in backward
    torch.autograd.backward(self, gradient, retain_graph, create_graph, inputs=inputs)
  File "/home/dariosa/miniconda3/lib/python3.8/site-packages/torch/autograd/__init__.py", line 145, in backward
    Variable._execution_engine.run_backward(
RuntimeError: CUDA error: an illegal memory access was encountered
finish runnign the code
